[ 2017-04-06T16:52:30+08:00 ] ::1 /ykj/Admin/
INFO: [ app_init ] --START--
INFO: Run Behavior\BuildLiteBehavior [ RunTime:0.000000s ]
INFO: [ app_init ] --END-- [ RunTime:0.084005s ]
NOTIC: [8] Use of undefined constant TMPL_PARSE_STRING - assumed 'TMPL_PARSE_STRING' F:\AppServ\www\ykj\Application\Admin\Conf\config.php 第 3 行.
INFO: [ app_begin ] --START--
INFO: Run Behavior\ReadHtmlCacheBehavior [ RunTime:0.003000s ]
INFO: [ app_begin ] --END-- [ RunTime:0.003000s ]
INFO: [ view_parse ] --START--
INFO: [ template_filter ] --START--
INFO: Run Behavior\ContentReplaceBehavior [ RunTime:0.090006s ]
INFO: [ template_filter ] --END-- [ RunTime:0.091006s ]
INFO: Run Behavior\ParseTemplateBehavior [ RunTime:0.229013s ]
INFO: [ view_parse ] --END-- [ RunTime:0.229013s ]
INFO: [ view_filter ] --START--
INFO: Run Behavior\WriteHtmlCacheBehavior [ RunTime:0.027001s ]
INFO: [ view_filter ] --END-- [ RunTime:0.027001s ]

[ 2017-04-06T16:52:34+08:00 ] ::1 /ykj/index.php/Admin/Login/index.html
INFO: [ app_init ] --START--
INFO: Run Behavior\BuildLiteBehavior [ RunTime:0.000000s ]
INFO: [ app_init ] --END-- [ RunTime:0.001000s ]
NOTIC: [8] Use of undefined constant TMPL_PARSE_STRING - assumed 'TMPL_PARSE_STRING' F:\AppServ\www\ykj\Application\Admin\Conf\config.php 第 3 行.
INFO: [ app_begin ] --START--
INFO: Run Behavior\ReadHtmlCacheBehavior [ RunTime:0.001000s ]
INFO: [ app_begin ] --END-- [ RunTime:0.001000s ]
INFO: [ view_parse ] --START--
INFO: [ template_filter ] --START--
INFO: Run Behavior\ContentReplaceBehavior [ RunTime:0.000000s ]
INFO: [ template_filter ] --END-- [ RunTime:0.001000s ]
INFO: Run Behavior\ParseTemplateBehavior [ RunTime:0.017001s ]
INFO: [ view_parse ] --END-- [ RunTime:0.017001s ]
INFO: [ view_filter ] --START--
INFO: Run Behavior\WriteHtmlCacheBehavior [ RunTime:0.001000s ]
INFO: [ view_filter ] --END-- [ RunTime:0.001000s ]
INFO: [ app_end ] --START--
INFO: Run Behavior\ShowPageTraceBehavior [ RunTime:0.035002s ]
INFO: [ app_end ] --END-- [ RunTime:0.035002s ]

[ 2017-04-06T16:52:34+08:00 ] ::1 /ykj/index.php/Admin/Login/verify
INFO: [ app_init ] --START--
INFO: Run Behavior\BuildLiteBehavior [ RunTime:0.000000s ]
INFO: [ app_init ] --END-- [ RunTime:0.001000s ]
NOTIC: [8] Use of undefined constant TMPL_PARSE_STRING - assumed 'TMPL_PARSE_STRING' F:\AppServ\www\ykj\Application\Admin\Conf\config.php 第 3 行.
INFO: [ app_begin ] --START--
INFO: Run Behavior\ReadHtmlCacheBehavior [ RunTime:0.005000s ]
INFO: [ app_begin ] --END-- [ RunTime:0.005000s ]
INFO: [ app_end ] --START--
INFO: Run Behavior\ShowPageTraceBehavior [ RunTime:0.003001s ]
INFO: [ app_end ] --END-- [ RunTime:0.003001s ]

[ 2017-04-06T16:52:50+08:00 ] ::1 /ykj/index.php/Admin/Login/verify/0.5253736788872629
INFO: [ app_init ] --START--
INFO: Run Behavior\BuildLiteBehavior [ RunTime:0.000000s ]
INFO: [ app_init ] --END-- [ RunTime:0.001000s ]
NOTIC: [8] Use of undefined constant TMPL_PARSE_STRING - assumed 'TMPL_PARSE_STRING' F:\AppServ\www\ykj\Application\Admin\Conf\config.php 第 3 行.
INFO: [ app_begin ] --START--
INFO: Run Behavior\ReadHtmlCacheBehavior [ RunTime:0.001000s ]
INFO: [ app_begin ] --END-- [ RunTime:0.001000s ]
INFO: [ app_end ] --START--
INFO: Run Behavior\ShowPageTraceBehavior [ RunTime:0.001000s ]
INFO: [ app_end ] --END-- [ RunTime:0.001000s ]

[ 2017-04-06T16:52:52+08:00 ] ::1 /ykj/index.php/Admin/Login/verify/0.3114683460444212
INFO: [ app_init ] --START--
INFO: Run Behavior\BuildLiteBehavior [ RunTime:0.000000s ]
INFO: [ app_init ] --END-- [ RunTime:0.001000s ]
NOTIC: [8] Use of undefined constant TMPL_PARSE_STRING - assumed 'TMPL_PARSE_STRING' F:\AppServ\www\ykj\Application\Admin\Conf\config.php 第 3 行.
INFO: [ app_begin ] --START--
INFO: Run Behavior\ReadHtmlCacheBehavior [ RunTime:0.001000s ]
INFO: [ app_begin ] --END-- [ RunTime:0.001000s ]
INFO: [ app_end ] --START--
INFO: Run Behavior\ShowPageTraceBehavior [ RunTime:0.002000s ]
INFO: [ app_end ] --END-- [ RunTime:0.002000s ]

[ 2017-04-06T16:52:59+08:00 ] ::1 /ykj/index.php/Admin/Login/login
INFO: [ app_init ] --START--
INFO: Run Behavior\BuildLiteBehavior [ RunTime:0.000000s ]
INFO: [ app_init ] --END-- [ RunTime:0.001000s ]
NOTIC: [8] Use of undefined constant TMPL_PARSE_STRING - assumed 'TMPL_PARSE_STRING' F:\AppServ\www\ykj\Application\Admin\Conf\config.php 第 3 行.
INFO: [ app_begin ] --START--
INFO: Run Behavior\ReadHtmlCacheBehavior [ RunTime:0.002000s ]
INFO: [ app_begin ] --END-- [ RunTime:0.002000s ]
SQL: SHOW COLUMNS FROM `ykj_admin` [ RunTime:0.8030s ]
NOTIC: [8] Undefined index: validate F:\AppServ\www\ykj\ThinkPHP\Library\Think\Model.class.php 第 1185 行.
NOTIC: [8] Undefined index: auto F:\AppServ\www\ykj\ThinkPHP\Library\Think\Model.class.php 第 1128 行.
SQL: SELECT * FROM `ykj_admin` WHERE `username` = 'admin' LIMIT 1   [ RunTime:0.1340s ]
INFO: [ view_parse ] --START--
INFO: [ template_filter ] --START--
INFO: Run Behavior\ContentReplaceBehavior [ RunTime:0.001000s ]
INFO: [ template_filter ] --END-- [ RunTime:0.001000s ]
INFO: Run Behavior\ParseTemplateBehavior [ RunTime:0.020001s ]
INFO: [ view_parse ] --END-- [ RunTime:0.020001s ]
INFO: [ view_filter ] --START--
INFO: Run Behavior\WriteHtmlCacheBehavior [ RunTime:0.002000s ]
INFO: [ view_filter ] --END-- [ RunTime:0.002000s ]
INFO: [ app_end ] --START--
INFO: Run Behavior\ShowPageTraceBehavior [ RunTime:0.002000s ]
INFO: [ app_end ] --END-- [ RunTime:0.002000s ]

[ 2017-04-06T16:53:01+08:00 ] ::1 /ykj/index.php/Admin/Index/index.html
INFO: [ app_init ] --START--
INFO: Run Behavior\BuildLiteBehavior [ RunTime:0.000000s ]
INFO: [ app_init ] --END-- [ RunTime:0.000000s ]
NOTIC: [8] Use of undefined constant TMPL_PARSE_STRING - assumed 'TMPL_PARSE_STRING' F:\AppServ\www\ykj\Application\Admin\Conf\config.php 第 3 行.
INFO: [ app_begin ] --START--
INFO: Run Behavior\ReadHtmlCacheBehavior [ RunTime:0.001000s ]
INFO: [ app_begin ] --END-- [ RunTime:0.001000s ]
INFO: [ view_parse ] --START--
INFO: [ template_filter ] --START--
INFO: Run Behavior\ContentReplaceBehavior [ RunTime:0.001001s ]
INFO: [ template_filter ] --END-- [ RunTime:0.001001s ]
INFO: Run Behavior\ParseTemplateBehavior [ RunTime:0.238014s ]
INFO: [ view_parse ] --END-- [ RunTime:0.238014s ]
INFO: [ view_filter ] --START--
INFO: Run Behavior\WriteHtmlCacheBehavior [ RunTime:0.001000s ]
INFO: [ view_filter ] --END-- [ RunTime:0.001000s ]
INFO: [ app_end ] --START--
INFO: Run Behavior\ShowPageTraceBehavior [ RunTime:0.001000s ]
INFO: [ app_end ] --END-- [ RunTime:0.001000s ]

[ 2017-04-06T16:53:03+08:00 ] ::1 /ykj/index.php/Admin/Cate/lst
INFO: [ app_init ] --START--
INFO: Run Behavior\BuildLiteBehavior [ RunTime:0.000000s ]
INFO: [ app_init ] --END-- [ RunTime:0.000000s ]
NOTIC: [8] Use of undefined constant TMPL_PARSE_STRING - assumed 'TMPL_PARSE_STRING' F:\AppServ\www\ykj\Application\Admin\Conf\config.php 第 3 行.
INFO: [ app_begin ] --START--
INFO: Run Behavior\ReadHtmlCacheBehavior [ RunTime:0.001000s ]
INFO: [ app_begin ] --END-- [ RunTime:0.001000s ]
SQL: SHOW COLUMNS FROM `ykj_cate` [ RunTime:0.0830s ]
SQL: SELECT * FROM `ykj_cate` ORDER BY sort  [ RunTime:0.0210s ]
INFO: [ view_parse ] --START--
INFO: [ template_filter ] --START--
INFO: Run Behavior\ContentReplaceBehavior [ RunTime:0.000000s ]
INFO: [ template_filter ] --END-- [ RunTime:0.000000s ]
INFO: Run Behavior\ParseTemplateBehavior [ RunTime:0.032002s ]
INFO: [ view_parse ] --END-- [ RunTime:0.032002s ]
INFO: [ view_filter ] --START--
INFO: Run Behavior\WriteHtmlCacheBehavior [ RunTime:0.001000s ]
INFO: [ view_filter ] --END-- [ RunTime:0.001000s ]
INFO: [ app_end ] --START--
INFO: Run Behavior\ShowPageTraceBehavior [ RunTime:0.001000s ]
INFO: [ app_end ] --END-- [ RunTime:0.001000s ]

[ 2017-04-06T16:53:07+08:00 ] ::1 /ykj/index.php/Admin/Article/lst
INFO: [ app_init ] --START--
INFO: Run Behavior\BuildLiteBehavior [ RunTime:0.000000s ]
INFO: [ app_init ] --END-- [ RunTime:0.001000s ]
NOTIC: [8] Use of undefined constant TMPL_PARSE_STRING - assumed 'TMPL_PARSE_STRING' F:\AppServ\www\ykj\Application\Admin\Conf\config.php 第 3 行.
INFO: [ app_begin ] --START--
INFO: Run Behavior\ReadHtmlCacheBehavior [ RunTime:0.001000s ]
INFO: [ app_begin ] --END-- [ RunTime:0.001000s ]
SQL: SHOW COLUMNS FROM `ykj_article` [ RunTime:0.1050s ]
SQL: SHOW COLUMNS FROM `ykj_cate` [ RunTime:0.0030s ]
SQL: SELECT COUNT(*) AS tp_count FROM ykj_article Article LEFT JOIN ykj_cate Cate ON Article.cateid=Cate.id LIMIT 1   [ RunTime:0.1930s ]
SQL: SELECT Article.id AS id,Article.title AS title,Article.pic AS pic,Article.descr AS descr,Cate.catename AS catename FROM ykj_article Article LEFT JOIN ykj_cate Cate ON Article.cateid=Cate.id ORDER BY Article.id ASC LIMIT 0,6   [ RunTime:0.0020s ]
INFO: [ view_parse ] --START--
INFO: [ template_filter ] --START--
INFO: Run Behavior\ContentReplaceBehavior [ RunTime:0.000000s ]
INFO: [ template_filter ] --END-- [ RunTime:0.000000s ]
NOTIC: [8] Undefined index: sort F:\AppServ\www\ykj\Application\Runtime\Cache\Admin\3233ce5cce332a117b52d9b8831cbcfa.php 第 116 行.
NOTIC: [8] Undefined index: sort F:\AppServ\www\ykj\Application\Runtime\Cache\Admin\3233ce5cce332a117b52d9b8831cbcfa.php 第 116 行.
NOTIC: [8] Undefined index: sort F:\AppServ\www\ykj\Application\Runtime\Cache\Admin\3233ce5cce332a117b52d9b8831cbcfa.php 第 116 行.
NOTIC: [8] Undefined index: sort F:\AppServ\www\ykj\Application\Runtime\Cache\Admin\3233ce5cce332a117b52d9b8831cbcfa.php 第 116 行.
NOTIC: [8] Undefined index: sort F:\AppServ\www\ykj\Application\Runtime\Cache\Admin\3233ce5cce332a117b52d9b8831cbcfa.php 第 116 行.
NOTIC: [8] Undefined index: sort F:\AppServ\www\ykj\Application\Runtime\Cache\Admin\3233ce5cce332a117b52d9b8831cbcfa.php 第 116 行.
INFO: Run Behavior\ParseTemplateBehavior [ RunTime:0.088005s ]
INFO: [ view_parse ] --END-- [ RunTime:0.088005s ]
INFO: [ view_filter ] --START--
INFO: Run Behavior\WriteHtmlCacheBehavior [ RunTime:0.001000s ]
INFO: [ view_filter ] --END-- [ RunTime:0.001000s ]
INFO: [ app_end ] --START--
INFO: Run Behavior\ShowPageTraceBehavior [ RunTime:0.001000s ]
INFO: [ app_end ] --END-- [ RunTime:0.001000s ]

[ 2017-04-06T16:53:08+08:00 ] ::1 /ykj/index.php/Admin/Admin/lst
INFO: [ app_init ] --START--
INFO: Run Behavior\BuildLiteBehavior [ RunTime:0.000000s ]
INFO: [ app_init ] --END-- [ RunTime:0.001000s ]
NOTIC: [8] Use of undefined constant TMPL_PARSE_STRING - assumed 'TMPL_PARSE_STRING' F:\AppServ\www\ykj\Application\Admin\Conf\config.php 第 3 行.
INFO: [ app_begin ] --START--
INFO: Run Behavior\ReadHtmlCacheBehavior [ RunTime:0.001000s ]
INFO: [ app_begin ] --END-- [ RunTime:0.001000s ]
SQL: SHOW COLUMNS FROM `ykj_admin` [ RunTime:0.0040s ]
SQL: SELECT * FROM `ykj_admin`  [ RunTime:0.0000s ]
INFO: [ view_parse ] --START--
INFO: [ template_filter ] --START--
INFO: Run Behavior\ContentReplaceBehavior [ RunTime:0.000000s ]
INFO: [ template_filter ] --END-- [ RunTime:0.000000s ]
INFO: Run Behavior\ParseTemplateBehavior [ RunTime:0.039002s ]
INFO: [ view_parse ] --END-- [ RunTime:0.039002s ]
INFO: [ view_filter ] --START--
INFO: Run Behavior\WriteHtmlCacheBehavior [ RunTime:0.001000s ]
INFO: [ view_filter ] --END-- [ RunTime:0.001000s ]
INFO: [ app_end ] --START--
INFO: Run Behavior\ShowPageTraceBehavior [ RunTime:0.001000s ]
INFO: [ app_end ] --END-- [ RunTime:0.001000s ]

[ 2017-04-06T16:53:09+08:00 ] ::1 /ykj/index.php/Admin/Admin/lst
INFO: [ app_init ] --START--
INFO: Run Behavior\BuildLiteBehavior [ RunTime:0.000000s ]
INFO: [ app_init ] --END-- [ RunTime:0.001000s ]
NOTIC: [8] Use of undefined constant TMPL_PARSE_STRING - assumed 'TMPL_PARSE_STRING' F:\AppServ\www\ykj\Application\Admin\Conf\config.php 第 3 行.
INFO: [ app_begin ] --START--
INFO: Run Behavior\ReadHtmlCacheBehavior [ RunTime:0.001000s ]
INFO: [ app_begin ] --END-- [ RunTime:0.001000s ]
SQL: SHOW COLUMNS FROM `ykj_admin` [ RunTime:0.0550s ]
SQL: SELECT * FROM `ykj_admin`  [ RunTime:0.0020s ]
INFO: [ view_parse ] --START--
INFO: [ template_filter ] --START--
INFO: Run Behavior\ContentReplaceBehavior [ RunTime:0.000000s ]
INFO: [ template_filter ] --END-- [ RunTime:0.000000s ]
INFO: Run Behavior\ParseTemplateBehavior [ RunTime:0.022001s ]
INFO: [ view_parse ] --END-- [ RunTime:0.022001s ]
INFO: [ view_filter ] --START--
INFO: Run Behavior\WriteHtmlCacheBehavior [ RunTime:0.000000s ]
INFO: [ view_filter ] --END-- [ RunTime:0.001000s ]
INFO: [ app_end ] --START--
INFO: Run Behavior\ShowPageTraceBehavior [ RunTime:0.001000s ]
INFO: [ app_end ] --END-- [ RunTime:0.001000s ]

[ 2017-04-06T16:53:12+08:00 ] ::1 /ykj/index.php/Admin/Admin/lst
INFO: [ app_init ] --START--
INFO: Run Behavior\BuildLiteBehavior [ RunTime:0.000000s ]
INFO: [ app_init ] --END-- [ RunTime:0.001000s ]
NOTIC: [8] Use of undefined constant TMPL_PARSE_STRING - assumed 'TMPL_PARSE_STRING' F:\AppServ\www\ykj\Application\Admin\Conf\config.php 第 3 行.
INFO: [ app_begin ] --START--
INFO: Run Behavior\ReadHtmlCacheBehavior [ RunTime:0.000000s ]
INFO: [ app_begin ] --END-- [ RunTime:0.000000s ]
SQL: SHOW COLUMNS FROM `ykj_admin` [ RunTime:0.0140s ]
SQL: SELECT * FROM `ykj_admin`  [ RunTime:0.0010s ]
INFO: [ view_parse ] --START--
INFO: [ template_filter ] --START--
INFO: Run Behavior\ContentReplaceBehavior [ RunTime:0.000000s ]
INFO: [ template_filter ] --END-- [ RunTime:0.000000s ]
INFO: Run Behavior\ParseTemplateBehavior [ RunTime:0.030002s ]
INFO: [ view_parse ] --END-- [ RunTime:0.030002s ]
INFO: [ view_filter ] --START--
INFO: Run Behavior\WriteHtmlCacheBehavior [ RunTime:0.001000s ]
INFO: [ view_filter ] --END-- [ RunTime:0.001000s ]
INFO: [ app_end ] --START--
INFO: Run Behavior\ShowPageTraceBehavior [ RunTime:0.003000s ]
INFO: [ app_end ] --END-- [ RunTime:0.003000s ]

[ 2017-04-06T16:53:12+08:00 ] ::1 /ykj/index.php/Admin/Link/lst
INFO: [ app_init ] --START--
INFO: Run Behavior\BuildLiteBehavior [ RunTime:0.000000s ]
INFO: [ app_init ] --END-- [ RunTime:0.000000s ]
NOTIC: [8] Use of undefined constant TMPL_PARSE_STRING - assumed 'TMPL_PARSE_STRING' F:\AppServ\www\ykj\Application\Admin\Conf\config.php 第 3 行.
INFO: [ app_begin ] --START--
INFO: Run Behavior\ReadHtmlCacheBehavior [ RunTime:0.001000s ]
INFO: [ app_begin ] --END-- [ RunTime:0.001000s ]
SQL: SHOW COLUMNS FROM `ykj_link` [ RunTime:0.0850s ]
SQL: SELECT COUNT(*) AS tp_count FROM `ykj_link` LIMIT 1   [ RunTime:0.0010s ]
SQL: SELECT * FROM `ykj_link` ORDER BY id LIMIT 0,4   [ RunTime:0.0010s ]
INFO: [ view_parse ] --START--
INFO: [ template_filter ] --START--
INFO: Run Behavior\ContentReplaceBehavior [ RunTime:0.000000s ]
INFO: [ template_filter ] --END-- [ RunTime:0.001000s ]
NOTIC: [8] Undefined index: sort F:\AppServ\www\ykj\Application\Runtime\Cache\Admin\65e4f6df08c62e8a208c27167d615170.php 第 115 行.
NOTIC: [8] Undefined index: sort F:\AppServ\www\ykj\Application\Runtime\Cache\Admin\65e4f6df08c62e8a208c27167d615170.php 第 115 行.
NOTIC: [8] Undefined index: sort F:\AppServ\www\ykj\Application\Runtime\Cache\Admin\65e4f6df08c62e8a208c27167d615170.php 第 115 行.
NOTIC: [8] Undefined index: sort F:\AppServ\www\ykj\Application\Runtime\Cache\Admin\65e4f6df08c62e8a208c27167d615170.php 第 115 行.
INFO: Run Behavior\ParseTemplateBehavior [ RunTime:0.038002s ]
INFO: [ view_parse ] --END-- [ RunTime:0.038002s ]
INFO: [ view_filter ] --START--
INFO: Run Behavior\WriteHtmlCacheBehavior [ RunTime:0.001000s ]
INFO: [ view_filter ] --END-- [ RunTime:0.001000s ]
INFO: [ app_end ] --START--
INFO: Run Behavior\ShowPageTraceBehavior [ RunTime:0.002000s ]
INFO: [ app_end ] --END-- [ RunTime:0.002000s ]

[ 2017-04-06T16:53:14+08:00 ] ::1 /ykj/index.php/Admin/Cate/lst
INFO: [ app_init ] --START--
INFO: Run Behavior\BuildLiteBehavior [ RunTime:0.000000s ]
INFO: [ app_init ] --END-- [ RunTime:0.000000s ]
NOTIC: [8] Use of undefined constant TMPL_PARSE_STRING - assumed 'TMPL_PARSE_STRING' F:\AppServ\www\ykj\Application\Admin\Conf\config.php 第 3 行.
INFO: [ app_begin ] --START--
INFO: Run Behavior\ReadHtmlCacheBehavior [ RunTime:0.001000s ]
INFO: [ app_begin ] --END-- [ RunTime:0.001000s ]
SQL: SHOW COLUMNS FROM `ykj_cate` [ RunTime:0.0070s ]
SQL: SELECT * FROM `ykj_cate` ORDER BY sort  [ RunTime:0.0000s ]
INFO: [ view_parse ] --START--
INFO: [ template_filter ] --START--
INFO: Run Behavior\ContentReplaceBehavior [ RunTime:0.000000s ]
INFO: [ template_filter ] --END-- [ RunTime:0.000000s ]
INFO: Run Behavior\ParseTemplateBehavior [ RunTime:0.013000s ]
INFO: [ view_parse ] --END-- [ RunTime:0.013000s ]
INFO: [ view_filter ] --START--
INFO: Run Behavior\WriteHtmlCacheBehavior [ RunTime:0.001000s ]
INFO: [ view_filter ] --END-- [ RunTime:0.001000s ]
INFO: [ app_end ] --START--
INFO: Run Behavior\ShowPageTraceBehavior [ RunTime:0.002000s ]
INFO: [ app_end ] --END-- [ RunTime:0.002000s ]

[ 2017-04-06T16:53:18+08:00 ] ::1 /ykj/index.php/Admin/Article/lst
INFO: [ app_init ] --START--
INFO: Run Behavior\BuildLiteBehavior [ RunTime:0.000000s ]
INFO: [ app_init ] --END-- [ RunTime:0.001000s ]
NOTIC: [8] Use of undefined constant TMPL_PARSE_STRING - assumed 'TMPL_PARSE_STRING' F:\AppServ\www\ykj\Application\Admin\Conf\config.php 第 3 行.
INFO: [ app_begin ] --START--
INFO: Run Behavior\ReadHtmlCacheBehavior [ RunTime:0.001000s ]
INFO: [ app_begin ] --END-- [ RunTime:0.001000s ]
SQL: SHOW COLUMNS FROM `ykj_article` [ RunTime:0.0060s ]
SQL: SHOW COLUMNS FROM `ykj_cate` [ RunTime:0.0030s ]
SQL: SELECT COUNT(*) AS tp_count FROM ykj_article Article LEFT JOIN ykj_cate Cate ON Article.cateid=Cate.id LIMIT 1   [ RunTime:0.0020s ]
SQL: SELECT Article.id AS id,Article.title AS title,Article.pic AS pic,Article.descr AS descr,Cate.catename AS catename FROM ykj_article Article LEFT JOIN ykj_cate Cate ON Article.cateid=Cate.id ORDER BY Article.id ASC LIMIT 0,6   [ RunTime:0.0010s ]
INFO: [ view_parse ] --START--
INFO: [ template_filter ] --START--
INFO: Run Behavior\ContentReplaceBehavior [ RunTime:0.000000s ]
INFO: [ template_filter ] --END-- [ RunTime:0.001000s ]
NOTIC: [8] Undefined index: sort F:\AppServ\www\ykj\Application\Runtime\Cache\Admin\3233ce5cce332a117b52d9b8831cbcfa.php 第 116 行.
NOTIC: [8] Undefined index: sort F:\AppServ\www\ykj\Application\Runtime\Cache\Admin\3233ce5cce332a117b52d9b8831cbcfa.php 第 116 行.
NOTIC: [8] Undefined index: sort F:\AppServ\www\ykj\Application\Runtime\Cache\Admin\3233ce5cce332a117b52d9b8831cbcfa.php 第 116 行.
NOTIC: [8] Undefined index: sort F:\AppServ\www\ykj\Application\Runtime\Cache\Admin\3233ce5cce332a117b52d9b8831cbcfa.php 第 116 行.
NOTIC: [8] Undefined index: sort F:\AppServ\www\ykj\Application\Runtime\Cache\Admin\3233ce5cce332a117b52d9b8831cbcfa.php 第 116 行.
NOTIC: [8] Undefined index: sort F:\AppServ\www\ykj\Application\Runtime\Cache\Admin\3233ce5cce332a117b52d9b8831cbcfa.php 第 116 行.
INFO: Run Behavior\ParseTemplateBehavior [ RunTime:0.020001s ]
INFO: [ view_parse ] --END-- [ RunTime:0.021001s ]
INFO: [ view_filter ] --START--
INFO: Run Behavior\WriteHtmlCacheBehavior [ RunTime:0.001000s ]
INFO: [ view_filter ] --END-- [ RunTime:0.001000s ]
INFO: [ app_end ] --START--
INFO: Run Behavior\ShowPageTraceBehavior [ RunTime:0.001000s ]
INFO: [ app_end ] --END-- [ RunTime:0.001000s ]

[ 2017-04-06T16:53:18+08:00 ] ::1 /ykj/index.php/Admin/Article/add
INFO: [ app_init ] --START--
INFO: Run Behavior\BuildLiteBehavior [ RunTime:0.000000s ]
INFO: [ app_init ] --END-- [ RunTime:0.001000s ]
NOTIC: [8] Use of undefined constant TMPL_PARSE_STRING - assumed 'TMPL_PARSE_STRING' F:\AppServ\www\ykj\Application\Admin\Conf\config.php 第 3 行.
INFO: [ app_begin ] --START--
INFO: Run Behavior\ReadHtmlCacheBehavior [ RunTime:0.001000s ]
INFO: [ app_begin ] --END-- [ RunTime:0.001000s ]
SQL: SHOW COLUMNS FROM `ykj_article` [ RunTime:0.0230s ]
SQL: SHOW COLUMNS FROM `ykj_cate` [ RunTime:0.0010s ]
SQL: SELECT `catename`,`id` FROM `ykj_cate`  [ RunTime:0.0010s ]
INFO: [ view_parse ] --START--
INFO: [ template_filter ] --START--
INFO: Run Behavior\ContentReplaceBehavior [ RunTime:0.001000s ]
INFO: [ template_filter ] --END-- [ RunTime:0.001000s ]
INFO: Run Behavior\ParseTemplateBehavior [ RunTime:0.031002s ]
INFO: [ view_parse ] --END-- [ RunTime:0.031002s ]
INFO: [ view_filter ] --START--
INFO: Run Behavior\WriteHtmlCacheBehavior [ RunTime:0.001000s ]
INFO: [ view_filter ] --END-- [ RunTime:0.001000s ]
INFO: [ app_end ] --START--
INFO: Run Behavior\ShowPageTraceBehavior [ RunTime:0.001000s ]
INFO: [ app_end ] --END-- [ RunTime:0.001000s ]

[ 2017-04-06T16:53:25+08:00 ] ::1 /ykj/index.php/Admin/Article/lst
INFO: [ app_init ] --START--
INFO: Run Behavior\BuildLiteBehavior [ RunTime:0.000000s ]
INFO: [ app_init ] --END-- [ RunTime:0.001000s ]
NOTIC: [8] Use of undefined constant TMPL_PARSE_STRING - assumed 'TMPL_PARSE_STRING' F:\AppServ\www\ykj\Application\Admin\Conf\config.php 第 3 行.
INFO: [ app_begin ] --START--
INFO: Run Behavior\ReadHtmlCacheBehavior [ RunTime:0.001000s ]
INFO: [ app_begin ] --END-- [ RunTime:0.001000s ]
SQL: SHOW COLUMNS FROM `ykj_article` [ RunTime:0.0300s ]
SQL: SHOW COLUMNS FROM `ykj_cate` [ RunTime:0.0020s ]
SQL: SELECT COUNT(*) AS tp_count FROM ykj_article Article LEFT JOIN ykj_cate Cate ON Article.cateid=Cate.id LIMIT 1   [ RunTime:0.0000s ]
SQL: SELECT Article.id AS id,Article.title AS title,Article.pic AS pic,Article.descr AS descr,Cate.catename AS catename FROM ykj_article Article LEFT JOIN ykj_cate Cate ON Article.cateid=Cate.id ORDER BY Article.id ASC LIMIT 0,6   [ RunTime:0.0000s ]
INFO: [ view_parse ] --START--
INFO: [ template_filter ] --START--
INFO: Run Behavior\ContentReplaceBehavior [ RunTime:0.000000s ]
INFO: [ template_filter ] --END-- [ RunTime:0.000000s ]
NOTIC: [8] Undefined index: sort F:\AppServ\www\ykj\Application\Runtime\Cache\Admin\3233ce5cce332a117b52d9b8831cbcfa.php 第 116 行.
NOTIC: [8] Undefined index: sort F:\AppServ\www\ykj\Application\Runtime\Cache\Admin\3233ce5cce332a117b52d9b8831cbcfa.php 第 116 行.
NOTIC: [8] Undefined index: sort F:\AppServ\www\ykj\Application\Runtime\Cache\Admin\3233ce5cce332a117b52d9b8831cbcfa.php 第 116 行.
NOTIC: [8] Undefined index: sort F:\AppServ\www\ykj\Application\Runtime\Cache\Admin\3233ce5cce332a117b52d9b8831cbcfa.php 第 116 行.
NOTIC: [8] Undefined index: sort F:\AppServ\www\ykj\Application\Runtime\Cache\Admin\3233ce5cce332a117b52d9b8831cbcfa.php 第 116 行.
NOTIC: [8] Undefined index: sort F:\AppServ\www\ykj\Application\Runtime\Cache\Admin\3233ce5cce332a117b52d9b8831cbcfa.php 第 116 行.
INFO: Run Behavior\ParseTemplateBehavior [ RunTime:0.015001s ]
INFO: [ view_parse ] --END-- [ RunTime:0.015001s ]
INFO: [ view_filter ] --START--
INFO: Run Behavior\WriteHtmlCacheBehavior [ RunTime:0.000000s ]
INFO: [ view_filter ] --END-- [ RunTime:0.000000s ]
INFO: [ app_end ] --START--
INFO: Run Behavior\ShowPageTraceBehavior [ RunTime:0.000000s ]
INFO: [ app_end ] --END-- [ RunTime:0.000000s ]

[ 2017-04-06T16:53:29+08:00 ] ::1 /ykj/index.php/Admin/Article/edi/id/7
INFO: [ app_init ] --START--
INFO: Run Behavior\BuildLiteBehavior [ RunTime:0.000000s ]
INFO: [ app_init ] --END-- [ RunTime:0.001000s ]
NOTIC: [8] Use of undefined constant TMPL_PARSE_STRING - assumed 'TMPL_PARSE_STRING' F:\AppServ\www\ykj\Application\Admin\Conf\config.php 第 3 行.
INFO: [ app_begin ] --START--
INFO: Run Behavior\ReadHtmlCacheBehavior [ RunTime:0.000000s ]
INFO: [ app_begin ] --END-- [ RunTime:0.001000s ]
SQL: SHOW COLUMNS FROM `ykj_article` [ RunTime:0.0010s ]
SQL: SELECT * FROM `ykj_article` WHERE `id` = 7 LIMIT 1   [ RunTime:0.0000s ]
NOTIC: [8] Use of undefined constant data - assumed 'data' F:\AppServ\www\ykj\Application\Admin\Controller\ArticleController.class.php 第 87 行.
SQL: SHOW COLUMNS FROM `ykj_cate` [ RunTime:0.0010s ]
SQL: SELECT `catename`,`id` FROM `ykj_cate`  [ RunTime:0.0010s ]
INFO: [ view_parse ] --START--
INFO: [ template_filter ] --START--
INFO: Run Behavior\ContentReplaceBehavior [ RunTime:0.000000s ]
INFO: [ template_filter ] --END-- [ RunTime:0.001000s ]
INFO: Run Behavior\ParseTemplateBehavior [ RunTime:0.055003s ]
INFO: [ view_parse ] --END-- [ RunTime:0.055003s ]
INFO: [ view_filter ] --START--
INFO: Run Behavior\WriteHtmlCacheBehavior [ RunTime:0.002000s ]
INFO: [ view_filter ] --END-- [ RunTime:0.002000s ]
INFO: [ app_end ] --START--
INFO: Run Behavior\ShowPageTraceBehavior [ RunTime:0.002000s ]
INFO: [ app_end ] --END-- [ RunTime:0.002000s ]

