[ 2017-03-27T18:11:56+08:00 ] ::1 /ykj/Admin/
INFO: [ app_init ] --START--
INFO: Run Behavior\BuildLiteBehavior [ RunTime:0.000000s ]
INFO: [ app_init ] --END-- [ RunTime:0.000000s ]
NOTIC: [8] Use of undefined constant TMPL_PARSE_STRING - assumed 'TMPL_PARSE_STRING' F:\AppServ\www\ykj\Application\Admin\Conf\config.php 第 3 行.
INFO: [ app_begin ] --START--
INFO: Run Behavior\ReadHtmlCacheBehavior [ RunTime:0.001000s ]
INFO: [ app_begin ] --END-- [ RunTime:0.001000s ]
INFO: [ view_parse ] --START--
INFO: [ template_filter ] --START--
INFO: Run Behavior\ContentReplaceBehavior [ RunTime:0.000000s ]
INFO: [ template_filter ] --END-- [ RunTime:0.001000s ]
INFO: Run Behavior\ParseTemplateBehavior [ RunTime:0.078004s ]
INFO: [ view_parse ] --END-- [ RunTime:0.079004s ]
INFO: [ view_filter ] --START--
INFO: Run Behavior\WriteHtmlCacheBehavior [ RunTime:0.001000s ]
INFO: [ view_filter ] --END-- [ RunTime:0.001000s ]

[ 2017-03-27T18:12:00+08:00 ] ::1 /ykj/index.php/Admin/Login/index.html
INFO: [ app_init ] --START--
INFO: Run Behavior\BuildLiteBehavior [ RunTime:0.000000s ]
INFO: [ app_init ] --END-- [ RunTime:0.001000s ]
NOTIC: [8] Use of undefined constant TMPL_PARSE_STRING - assumed 'TMPL_PARSE_STRING' F:\AppServ\www\ykj\Application\Admin\Conf\config.php 第 3 行.
INFO: [ app_begin ] --START--
INFO: Run Behavior\ReadHtmlCacheBehavior [ RunTime:0.001000s ]
INFO: [ app_begin ] --END-- [ RunTime:0.001000s ]
INFO: [ view_parse ] --START--
INFO: [ template_filter ] --START--
INFO: Run Behavior\ContentReplaceBehavior [ RunTime:0.000000s ]
INFO: [ template_filter ] --END-- [ RunTime:0.000000s ]
INFO: Run Behavior\ParseTemplateBehavior [ RunTime:0.007001s ]
INFO: [ view_parse ] --END-- [ RunTime:0.007001s ]
INFO: [ view_filter ] --START--
INFO: Run Behavior\WriteHtmlCacheBehavior [ RunTime:0.001000s ]
INFO: [ view_filter ] --END-- [ RunTime:0.001000s ]
INFO: [ app_end ] --START--
INFO: Run Behavior\ShowPageTraceBehavior [ RunTime:0.001000s ]
INFO: [ app_end ] --END-- [ RunTime:0.001000s ]

[ 2017-03-27T18:12:00+08:00 ] ::1 /ykj/index.php/Admin/Login/verify
INFO: [ app_init ] --START--
INFO: Run Behavior\BuildLiteBehavior [ RunTime:0.000000s ]
INFO: [ app_init ] --END-- [ RunTime:0.001000s ]
NOTIC: [8] Use of undefined constant TMPL_PARSE_STRING - assumed 'TMPL_PARSE_STRING' F:\AppServ\www\ykj\Application\Admin\Conf\config.php 第 3 行.
INFO: [ app_begin ] --START--
INFO: Run Behavior\ReadHtmlCacheBehavior [ RunTime:0.001000s ]
INFO: [ app_begin ] --END-- [ RunTime:0.001000s ]
INFO: [ app_end ] --START--
INFO: Run Behavior\ShowPageTraceBehavior [ RunTime:0.003000s ]
INFO: [ app_end ] --END-- [ RunTime:0.003000s ]

[ 2017-03-27T18:12:18+08:00 ] ::1 /ykj/index.php/Admin/Login/login
INFO: [ app_init ] --START--
INFO: Run Behavior\BuildLiteBehavior [ RunTime:0.001001s ]
INFO: [ app_init ] --END-- [ RunTime:0.001001s ]
NOTIC: [8] Use of undefined constant TMPL_PARSE_STRING - assumed 'TMPL_PARSE_STRING' F:\AppServ\www\ykj\Application\Admin\Conf\config.php 第 3 行.
INFO: [ app_begin ] --START--
INFO: Run Behavior\ReadHtmlCacheBehavior [ RunTime:0.000000s ]
INFO: [ app_begin ] --END-- [ RunTime:0.001000s ]
SQL: SHOW COLUMNS FROM `ykj_admin` [ RunTime:0.5710s ]
NOTIC: [8] Undefined index: validate F:\AppServ\www\ykj\ThinkPHP\Library\Think\Model.class.php 第 1185 行.
NOTIC: [8] Undefined index: auto F:\AppServ\www\ykj\ThinkPHP\Library\Think\Model.class.php 第 1128 行.
SQL: SELECT * FROM `ykj_admin` WHERE `username` = 'admin' LIMIT 1   [ RunTime:0.0390s ]
INFO: [ view_parse ] --START--
INFO: [ template_filter ] --START--
INFO: Run Behavior\ContentReplaceBehavior [ RunTime:0.000000s ]
INFO: [ template_filter ] --END-- [ RunTime:0.000000s ]
INFO: Run Behavior\ParseTemplateBehavior [ RunTime:0.011000s ]
INFO: [ view_parse ] --END-- [ RunTime:0.011000s ]
INFO: [ view_filter ] --START--
INFO: Run Behavior\WriteHtmlCacheBehavior [ RunTime:0.001000s ]
INFO: [ view_filter ] --END-- [ RunTime:0.001000s ]
INFO: [ app_end ] --START--
INFO: Run Behavior\ShowPageTraceBehavior [ RunTime:0.001000s ]
INFO: [ app_end ] --END-- [ RunTime:0.001000s ]

[ 2017-03-27T18:12:19+08:00 ] ::1 /ykj/index.php/Admin/Index/index.html
INFO: [ app_init ] --START--
INFO: Run Behavior\BuildLiteBehavior [ RunTime:0.000000s ]
INFO: [ app_init ] --END-- [ RunTime:0.001000s ]
NOTIC: [8] Use of undefined constant TMPL_PARSE_STRING - assumed 'TMPL_PARSE_STRING' F:\AppServ\www\ykj\Application\Admin\Conf\config.php 第 3 行.
INFO: [ app_begin ] --START--
INFO: Run Behavior\ReadHtmlCacheBehavior [ RunTime:0.001001s ]
INFO: [ app_begin ] --END-- [ RunTime:0.001001s ]
INFO: [ view_parse ] --START--
INFO: [ template_filter ] --START--
INFO: Run Behavior\ContentReplaceBehavior [ RunTime:0.000000s ]
INFO: [ template_filter ] --END-- [ RunTime:0.000000s ]
INFO: Run Behavior\ParseTemplateBehavior [ RunTime:0.114006s ]
INFO: [ view_parse ] --END-- [ RunTime:0.114006s ]
INFO: [ view_filter ] --START--
INFO: Run Behavior\WriteHtmlCacheBehavior [ RunTime:0.001000s ]
INFO: [ view_filter ] --END-- [ RunTime:0.001000s ]
INFO: [ app_end ] --START--
INFO: Run Behavior\ShowPageTraceBehavior [ RunTime:0.002000s ]
INFO: [ app_end ] --END-- [ RunTime:0.002000s ]

[ 2017-03-27T18:12:22+08:00 ] ::1 /ykj/index.php/Admin/Article/lst
INFO: [ app_init ] --START--
INFO: Run Behavior\BuildLiteBehavior [ RunTime:0.000000s ]
INFO: [ app_init ] --END-- [ RunTime:0.001000s ]
NOTIC: [8] Use of undefined constant TMPL_PARSE_STRING - assumed 'TMPL_PARSE_STRING' F:\AppServ\www\ykj\Application\Admin\Conf\config.php 第 3 行.
INFO: [ app_begin ] --START--
INFO: Run Behavior\ReadHtmlCacheBehavior [ RunTime:0.001000s ]
INFO: [ app_begin ] --END-- [ RunTime:0.001000s ]
SQL: SHOW COLUMNS FROM `ykj_article` [ RunTime:0.0710s ]
SQL: SHOW COLUMNS FROM `ykj_cate` [ RunTime:0.0480s ]
SQL: SELECT COUNT(*) AS tp_count FROM ykj_article Article LEFT JOIN ykj_cate Cate ON Article.cateid=Cate.id LIMIT 1   [ RunTime:0.0760s ]
SQL: SELECT Article.id AS id,Article.title AS title,Article.pic AS pic,Article.descr AS descr,Cate.catename AS catename FROM ykj_article Article LEFT JOIN ykj_cate Cate ON Article.cateid=Cate.id ORDER BY Article.id ASC LIMIT 0,6   [ RunTime:0.0030s ]
INFO: [ view_parse ] --START--
INFO: [ template_filter ] --START--
INFO: Run Behavior\ContentReplaceBehavior [ RunTime:0.000000s ]
INFO: [ template_filter ] --END-- [ RunTime:0.000000s ]
NOTIC: [8] Undefined index: sort F:\AppServ\www\ykj\Application\Runtime\Cache\Admin\3233ce5cce332a117b52d9b8831cbcfa.php 第 116 行.
NOTIC: [8] Undefined index: sort F:\AppServ\www\ykj\Application\Runtime\Cache\Admin\3233ce5cce332a117b52d9b8831cbcfa.php 第 116 行.
NOTIC: [8] Undefined index: sort F:\AppServ\www\ykj\Application\Runtime\Cache\Admin\3233ce5cce332a117b52d9b8831cbcfa.php 第 116 行.
NOTIC: [8] Undefined index: sort F:\AppServ\www\ykj\Application\Runtime\Cache\Admin\3233ce5cce332a117b52d9b8831cbcfa.php 第 116 行.
NOTIC: [8] Undefined index: sort F:\AppServ\www\ykj\Application\Runtime\Cache\Admin\3233ce5cce332a117b52d9b8831cbcfa.php 第 116 行.
NOTIC: [8] Undefined index: sort F:\AppServ\www\ykj\Application\Runtime\Cache\Admin\3233ce5cce332a117b52d9b8831cbcfa.php 第 116 行.
INFO: Run Behavior\ParseTemplateBehavior [ RunTime:0.044003s ]
INFO: [ view_parse ] --END-- [ RunTime:0.044003s ]
INFO: [ view_filter ] --START--
INFO: Run Behavior\WriteHtmlCacheBehavior [ RunTime:0.001000s ]
INFO: [ view_filter ] --END-- [ RunTime:0.001000s ]
INFO: [ app_end ] --START--
INFO: Run Behavior\ShowPageTraceBehavior [ RunTime:0.001000s ]
INFO: [ app_end ] --END-- [ RunTime:0.001000s ]

[ 2017-03-27T18:12:26+08:00 ] ::1 /ykj/index.php/Admin/Link/lst
INFO: [ app_init ] --START--
INFO: Run Behavior\BuildLiteBehavior [ RunTime:0.000000s ]
INFO: [ app_init ] --END-- [ RunTime:0.000000s ]
NOTIC: [8] Use of undefined constant TMPL_PARSE_STRING - assumed 'TMPL_PARSE_STRING' F:\AppServ\www\ykj\Application\Admin\Conf\config.php 第 3 行.
INFO: [ app_begin ] --START--
INFO: Run Behavior\ReadHtmlCacheBehavior [ RunTime:0.001000s ]
INFO: [ app_begin ] --END-- [ RunTime:0.001000s ]
SQL: SHOW COLUMNS FROM `ykj_link` [ RunTime:0.0940s ]
SQL: SELECT COUNT(*) AS tp_count FROM `ykj_link` LIMIT 1   [ RunTime:0.0010s ]
SQL: SELECT * FROM `ykj_link` ORDER BY id LIMIT 0,4   [ RunTime:0.0220s ]
INFO: [ view_parse ] --START--
INFO: [ template_filter ] --START--
INFO: Run Behavior\ContentReplaceBehavior [ RunTime:0.000000s ]
INFO: [ template_filter ] --END-- [ RunTime:0.000000s ]
NOTIC: [8] Undefined index: sort F:\AppServ\www\ykj\Application\Runtime\Cache\Admin\65e4f6df08c62e8a208c27167d615170.php 第 115 行.
NOTIC: [8] Undefined index: sort F:\AppServ\www\ykj\Application\Runtime\Cache\Admin\65e4f6df08c62e8a208c27167d615170.php 第 115 行.
NOTIC: [8] Undefined index: sort F:\AppServ\www\ykj\Application\Runtime\Cache\Admin\65e4f6df08c62e8a208c27167d615170.php 第 115 行.
NOTIC: [8] Undefined index: sort F:\AppServ\www\ykj\Application\Runtime\Cache\Admin\65e4f6df08c62e8a208c27167d615170.php 第 115 行.
INFO: Run Behavior\ParseTemplateBehavior [ RunTime:0.041002s ]
INFO: [ view_parse ] --END-- [ RunTime:0.041002s ]
INFO: [ view_filter ] --START--
INFO: Run Behavior\WriteHtmlCacheBehavior [ RunTime:0.001000s ]
INFO: [ view_filter ] --END-- [ RunTime:0.001000s ]
INFO: [ app_end ] --START--
INFO: Run Behavior\ShowPageTraceBehavior [ RunTime:0.001000s ]
INFO: [ app_end ] --END-- [ RunTime:0.002000s ]

[ 2017-03-27T18:12:27+08:00 ] ::1 /ykj/index.php/Admin/Admin/lst
INFO: [ app_init ] --START--
INFO: Run Behavior\BuildLiteBehavior [ RunTime:0.000000s ]
INFO: [ app_init ] --END-- [ RunTime:0.001000s ]
NOTIC: [8] Use of undefined constant TMPL_PARSE_STRING - assumed 'TMPL_PARSE_STRING' F:\AppServ\www\ykj\Application\Admin\Conf\config.php 第 3 行.
INFO: [ app_begin ] --START--
INFO: Run Behavior\ReadHtmlCacheBehavior [ RunTime:0.000000s ]
INFO: [ app_begin ] --END-- [ RunTime:0.001000s ]
SQL: SHOW COLUMNS FROM `ykj_admin` [ RunTime:0.0260s ]
SQL: SELECT * FROM `ykj_admin`  [ RunTime:0.0010s ]
INFO: [ view_parse ] --START--
INFO: [ template_filter ] --START--
INFO: Run Behavior\ContentReplaceBehavior [ RunTime:0.000000s ]
INFO: [ template_filter ] --END-- [ RunTime:0.000000s ]
INFO: Run Behavior\ParseTemplateBehavior [ RunTime:0.042003s ]
INFO: [ view_parse ] --END-- [ RunTime:0.042003s ]
INFO: [ view_filter ] --START--
INFO: Run Behavior\WriteHtmlCacheBehavior [ RunTime:0.001000s ]
INFO: [ view_filter ] --END-- [ RunTime:0.001000s ]
INFO: [ app_end ] --START--
INFO: Run Behavior\ShowPageTraceBehavior [ RunTime:0.001000s ]
INFO: [ app_end ] --END-- [ RunTime:0.001000s ]

[ 2017-03-27T18:12:28+08:00 ] ::1 /ykj/index.php/Admin/Article/lst
INFO: [ app_init ] --START--
INFO: Run Behavior\BuildLiteBehavior [ RunTime:0.000000s ]
INFO: [ app_init ] --END-- [ RunTime:0.001000s ]
NOTIC: [8] Use of undefined constant TMPL_PARSE_STRING - assumed 'TMPL_PARSE_STRING' F:\AppServ\www\ykj\Application\Admin\Conf\config.php 第 3 行.
INFO: [ app_begin ] --START--
INFO: Run Behavior\ReadHtmlCacheBehavior [ RunTime:0.000000s ]
INFO: [ app_begin ] --END-- [ RunTime:0.001000s ]
SQL: SHOW COLUMNS FROM `ykj_article` [ RunTime:0.0220s ]
SQL: SHOW COLUMNS FROM `ykj_cate` [ RunTime:0.0120s ]
SQL: SELECT COUNT(*) AS tp_count FROM ykj_article Article LEFT JOIN ykj_cate Cate ON Article.cateid=Cate.id LIMIT 1   [ RunTime:0.0020s ]
SQL: SELECT Article.id AS id,Article.title AS title,Article.pic AS pic,Article.descr AS descr,Cate.catename AS catename FROM ykj_article Article LEFT JOIN ykj_cate Cate ON Article.cateid=Cate.id ORDER BY Article.id ASC LIMIT 0,6   [ RunTime:0.0010s ]
INFO: [ view_parse ] --START--
INFO: [ template_filter ] --START--
INFO: Run Behavior\ContentReplaceBehavior [ RunTime:0.000000s ]
INFO: [ template_filter ] --END-- [ RunTime:0.000000s ]
NOTIC: [8] Undefined index: sort F:\AppServ\www\ykj\Application\Runtime\Cache\Admin\3233ce5cce332a117b52d9b8831cbcfa.php 第 116 行.
NOTIC: [8] Undefined index: sort F:\AppServ\www\ykj\Application\Runtime\Cache\Admin\3233ce5cce332a117b52d9b8831cbcfa.php 第 116 行.
NOTIC: [8] Undefined index: sort F:\AppServ\www\ykj\Application\Runtime\Cache\Admin\3233ce5cce332a117b52d9b8831cbcfa.php 第 116 行.
NOTIC: [8] Undefined index: sort F:\AppServ\www\ykj\Application\Runtime\Cache\Admin\3233ce5cce332a117b52d9b8831cbcfa.php 第 116 行.
NOTIC: [8] Undefined index: sort F:\AppServ\www\ykj\Application\Runtime\Cache\Admin\3233ce5cce332a117b52d9b8831cbcfa.php 第 116 行.
NOTIC: [8] Undefined index: sort F:\AppServ\www\ykj\Application\Runtime\Cache\Admin\3233ce5cce332a117b52d9b8831cbcfa.php 第 116 行.
INFO: Run Behavior\ParseTemplateBehavior [ RunTime:0.014001s ]
INFO: [ view_parse ] --END-- [ RunTime:0.014001s ]
INFO: [ view_filter ] --START--
INFO: Run Behavior\WriteHtmlCacheBehavior [ RunTime:0.001000s ]
INFO: [ view_filter ] --END-- [ RunTime:0.001000s ]
INFO: [ app_end ] --START--
INFO: Run Behavior\ShowPageTraceBehavior [ RunTime:0.001000s ]
INFO: [ app_end ] --END-- [ RunTime:0.001000s ]

[ 2017-03-27T18:12:28+08:00 ] ::1 /ykj/index.php/Admin/Cate/lst
INFO: [ app_init ] --START--
INFO: Run Behavior\BuildLiteBehavior [ RunTime:0.000000s ]
INFO: [ app_init ] --END-- [ RunTime:0.001000s ]
NOTIC: [8] Use of undefined constant TMPL_PARSE_STRING - assumed 'TMPL_PARSE_STRING' F:\AppServ\www\ykj\Application\Admin\Conf\config.php 第 3 行.
INFO: [ app_begin ] --START--
INFO: Run Behavior\ReadHtmlCacheBehavior [ RunTime:0.001000s ]
INFO: [ app_begin ] --END-- [ RunTime:0.001000s ]
SQL: SHOW COLUMNS FROM `ykj_cate` [ RunTime:0.0610s ]
SQL: SELECT * FROM `ykj_cate` ORDER BY sort  [ RunTime:0.0010s ]
INFO: [ view_parse ] --START--
INFO: [ template_filter ] --START--
INFO: Run Behavior\ContentReplaceBehavior [ RunTime:0.001000s ]
INFO: [ template_filter ] --END-- [ RunTime:0.001000s ]
INFO: Run Behavior\ParseTemplateBehavior [ RunTime:0.052003s ]
INFO: [ view_parse ] --END-- [ RunTime:0.052003s ]
INFO: [ view_filter ] --START--
INFO: Run Behavior\WriteHtmlCacheBehavior [ RunTime:0.001000s ]
INFO: [ view_filter ] --END-- [ RunTime:0.001000s ]
INFO: [ app_end ] --START--
INFO: Run Behavior\ShowPageTraceBehavior [ RunTime:0.002000s ]
INFO: [ app_end ] --END-- [ RunTime:0.002000s ]

[ 2017-03-27T18:12:29+08:00 ] ::1 /ykj/index.php/Admin/Admin/lst
INFO: [ app_init ] --START--
INFO: Run Behavior\BuildLiteBehavior [ RunTime:0.000000s ]
INFO: [ app_init ] --END-- [ RunTime:0.000000s ]
NOTIC: [8] Use of undefined constant TMPL_PARSE_STRING - assumed 'TMPL_PARSE_STRING' F:\AppServ\www\ykj\Application\Admin\Conf\config.php 第 3 行.
INFO: [ app_begin ] --START--
INFO: Run Behavior\ReadHtmlCacheBehavior [ RunTime:0.001000s ]
INFO: [ app_begin ] --END-- [ RunTime:0.001000s ]
SQL: SHOW COLUMNS FROM `ykj_admin` [ RunTime:0.0320s ]
SQL: SELECT * FROM `ykj_admin`  [ RunTime:0.0010s ]
INFO: [ view_parse ] --START--
INFO: [ template_filter ] --START--
INFO: Run Behavior\ContentReplaceBehavior [ RunTime:0.000000s ]
INFO: [ template_filter ] --END-- [ RunTime:0.000000s ]
INFO: Run Behavior\ParseTemplateBehavior [ RunTime:0.026001s ]
INFO: [ view_parse ] --END-- [ RunTime:0.026001s ]
INFO: [ view_filter ] --START--
INFO: Run Behavior\WriteHtmlCacheBehavior [ RunTime:0.000000s ]
INFO: [ view_filter ] --END-- [ RunTime:0.000000s ]
INFO: [ app_end ] --START--
INFO: Run Behavior\ShowPageTraceBehavior [ RunTime:0.001000s ]
INFO: [ app_end ] --END-- [ RunTime:0.001000s ]

[ 2017-03-27T18:12:29+08:00 ] ::1 /ykj/index.php/Admin/Link/lst
INFO: [ app_init ] --START--
INFO: Run Behavior\BuildLiteBehavior [ RunTime:0.000000s ]
INFO: [ app_init ] --END-- [ RunTime:0.001000s ]
NOTIC: [8] Use of undefined constant TMPL_PARSE_STRING - assumed 'TMPL_PARSE_STRING' F:\AppServ\www\ykj\Application\Admin\Conf\config.php 第 3 行.
INFO: [ app_begin ] --START--
INFO: Run Behavior\ReadHtmlCacheBehavior [ RunTime:0.001001s ]
INFO: [ app_begin ] --END-- [ RunTime:0.001001s ]
SQL: SHOW COLUMNS FROM `ykj_link` [ RunTime:0.0010s ]
SQL: SELECT COUNT(*) AS tp_count FROM `ykj_link` LIMIT 1   [ RunTime:0.0010s ]
SQL: SELECT * FROM `ykj_link` ORDER BY id LIMIT 0,4   [ RunTime:0.0010s ]
INFO: [ view_parse ] --START--
INFO: [ template_filter ] --START--
INFO: Run Behavior\ContentReplaceBehavior [ RunTime:0.000000s ]
INFO: [ template_filter ] --END-- [ RunTime:0.000000s ]
NOTIC: [8] Undefined index: sort F:\AppServ\www\ykj\Application\Runtime\Cache\Admin\65e4f6df08c62e8a208c27167d615170.php 第 115 行.
NOTIC: [8] Undefined index: sort F:\AppServ\www\ykj\Application\Runtime\Cache\Admin\65e4f6df08c62e8a208c27167d615170.php 第 115 行.
NOTIC: [8] Undefined index: sort F:\AppServ\www\ykj\Application\Runtime\Cache\Admin\65e4f6df08c62e8a208c27167d615170.php 第 115 行.
NOTIC: [8] Undefined index: sort F:\AppServ\www\ykj\Application\Runtime\Cache\Admin\65e4f6df08c62e8a208c27167d615170.php 第 115 行.
INFO: Run Behavior\ParseTemplateBehavior [ RunTime:0.014001s ]
INFO: [ view_parse ] --END-- [ RunTime:0.014001s ]
INFO: [ view_filter ] --START--
INFO: Run Behavior\WriteHtmlCacheBehavior [ RunTime:0.000000s ]
INFO: [ view_filter ] --END-- [ RunTime:0.000000s ]
INFO: [ app_end ] --START--
INFO: Run Behavior\ShowPageTraceBehavior [ RunTime:0.001000s ]
INFO: [ app_end ] --END-- [ RunTime:0.001000s ]

[ 2017-03-27T18:12:30+08:00 ] ::1 /ykj/index.php/Admin/Link/add
INFO: [ app_init ] --START--
INFO: Run Behavior\BuildLiteBehavior [ RunTime:0.000000s ]
INFO: [ app_init ] --END-- [ RunTime:0.001000s ]
NOTIC: [8] Use of undefined constant TMPL_PARSE_STRING - assumed 'TMPL_PARSE_STRING' F:\AppServ\www\ykj\Application\Admin\Conf\config.php 第 3 行.
INFO: [ app_begin ] --START--
INFO: Run Behavior\ReadHtmlCacheBehavior [ RunTime:0.001000s ]
INFO: [ app_begin ] --END-- [ RunTime:0.001000s ]
SQL: SHOW COLUMNS FROM `ykj_link` [ RunTime:0.0020s ]
INFO: [ view_parse ] --START--
INFO: [ template_filter ] --START--
INFO: Run Behavior\ContentReplaceBehavior [ RunTime:0.000000s ]
INFO: [ template_filter ] --END-- [ RunTime:0.000000s ]
INFO: Run Behavior\ParseTemplateBehavior [ RunTime:0.033002s ]
INFO: [ view_parse ] --END-- [ RunTime:0.033002s ]
INFO: [ view_filter ] --START--
INFO: Run Behavior\WriteHtmlCacheBehavior [ RunTime:0.001000s ]
INFO: [ view_filter ] --END-- [ RunTime:0.001000s ]
INFO: [ app_end ] --START--
INFO: Run Behavior\ShowPageTraceBehavior [ RunTime:0.001000s ]
INFO: [ app_end ] --END-- [ RunTime:0.001000s ]

[ 2017-03-27T18:12:52+08:00 ] ::1 /ykj/index.php/Admin/Link/lst
INFO: [ app_init ] --START--
INFO: Run Behavior\BuildLiteBehavior [ RunTime:0.000000s ]
INFO: [ app_init ] --END-- [ RunTime:0.000000s ]
NOTIC: [8] Use of undefined constant TMPL_PARSE_STRING - assumed 'TMPL_PARSE_STRING' F:\AppServ\www\ykj\Application\Admin\Conf\config.php 第 3 行.
INFO: [ app_begin ] --START--
INFO: Run Behavior\ReadHtmlCacheBehavior [ RunTime:0.001000s ]
INFO: [ app_begin ] --END-- [ RunTime:0.001000s ]
SQL: SHOW COLUMNS FROM `ykj_link` [ RunTime:0.0090s ]
SQL: SELECT COUNT(*) AS tp_count FROM `ykj_link` LIMIT 1   [ RunTime:0.0000s ]
SQL: SELECT * FROM `ykj_link` ORDER BY id LIMIT 0,4   [ RunTime:0.0010s ]
INFO: [ view_parse ] --START--
INFO: [ template_filter ] --START--
INFO: Run Behavior\ContentReplaceBehavior [ RunTime:0.000000s ]
INFO: [ template_filter ] --END-- [ RunTime:0.000000s ]
NOTIC: [8] Undefined index: sort F:\AppServ\www\ykj\Application\Runtime\Cache\Admin\65e4f6df08c62e8a208c27167d615170.php 第 115 行.
NOTIC: [8] Undefined index: sort F:\AppServ\www\ykj\Application\Runtime\Cache\Admin\65e4f6df08c62e8a208c27167d615170.php 第 115 行.
NOTIC: [8] Undefined index: sort F:\AppServ\www\ykj\Application\Runtime\Cache\Admin\65e4f6df08c62e8a208c27167d615170.php 第 115 行.
NOTIC: [8] Undefined index: sort F:\AppServ\www\ykj\Application\Runtime\Cache\Admin\65e4f6df08c62e8a208c27167d615170.php 第 115 行.
INFO: Run Behavior\ParseTemplateBehavior [ RunTime:0.014000s ]
INFO: [ view_parse ] --END-- [ RunTime:0.014000s ]
INFO: [ view_filter ] --START--
INFO: Run Behavior\WriteHtmlCacheBehavior [ RunTime:0.001001s ]
INFO: [ view_filter ] --END-- [ RunTime:0.001001s ]
INFO: [ app_end ] --START--
INFO: Run Behavior\ShowPageTraceBehavior [ RunTime:0.001000s ]
INFO: [ app_end ] --END-- [ RunTime:0.001000s ]

[ 2017-03-27T18:12:54+08:00 ] ::1 /ykj/index.php/Admin/Article/lst
INFO: [ app_init ] --START--
INFO: Run Behavior\BuildLiteBehavior [ RunTime:0.000000s ]
INFO: [ app_init ] --END-- [ RunTime:0.001000s ]
NOTIC: [8] Use of undefined constant TMPL_PARSE_STRING - assumed 'TMPL_PARSE_STRING' F:\AppServ\www\ykj\Application\Admin\Conf\config.php 第 3 行.
INFO: [ app_begin ] --START--
INFO: Run Behavior\ReadHtmlCacheBehavior [ RunTime:0.001000s ]
INFO: [ app_begin ] --END-- [ RunTime:0.002000s ]
SQL: SHOW COLUMNS FROM `ykj_article` [ RunTime:0.0300s ]
SQL: SHOW COLUMNS FROM `ykj_cate` [ RunTime:0.0010s ]
SQL: SELECT COUNT(*) AS tp_count FROM ykj_article Article LEFT JOIN ykj_cate Cate ON Article.cateid=Cate.id LIMIT 1   [ RunTime:0.0000s ]
SQL: SELECT Article.id AS id,Article.title AS title,Article.pic AS pic,Article.descr AS descr,Cate.catename AS catename FROM ykj_article Article LEFT JOIN ykj_cate Cate ON Article.cateid=Cate.id ORDER BY Article.id ASC LIMIT 0,6   [ RunTime:0.0010s ]
INFO: [ view_parse ] --START--
INFO: [ template_filter ] --START--
INFO: Run Behavior\ContentReplaceBehavior [ RunTime:0.000000s ]
INFO: [ template_filter ] --END-- [ RunTime:0.000000s ]
NOTIC: [8] Undefined index: sort F:\AppServ\www\ykj\Application\Runtime\Cache\Admin\3233ce5cce332a117b52d9b8831cbcfa.php 第 116 行.
NOTIC: [8] Undefined index: sort F:\AppServ\www\ykj\Application\Runtime\Cache\Admin\3233ce5cce332a117b52d9b8831cbcfa.php 第 116 行.
NOTIC: [8] Undefined index: sort F:\AppServ\www\ykj\Application\Runtime\Cache\Admin\3233ce5cce332a117b52d9b8831cbcfa.php 第 116 行.
NOTIC: [8] Undefined index: sort F:\AppServ\www\ykj\Application\Runtime\Cache\Admin\3233ce5cce332a117b52d9b8831cbcfa.php 第 116 行.
NOTIC: [8] Undefined index: sort F:\AppServ\www\ykj\Application\Runtime\Cache\Admin\3233ce5cce332a117b52d9b8831cbcfa.php 第 116 行.
NOTIC: [8] Undefined index: sort F:\AppServ\www\ykj\Application\Runtime\Cache\Admin\3233ce5cce332a117b52d9b8831cbcfa.php 第 116 行.
INFO: Run Behavior\ParseTemplateBehavior [ RunTime:0.017001s ]
INFO: [ view_parse ] --END-- [ RunTime:0.017001s ]
INFO: [ view_filter ] --START--
INFO: Run Behavior\WriteHtmlCacheBehavior [ RunTime:0.001000s ]
INFO: [ view_filter ] --END-- [ RunTime:0.001000s ]
INFO: [ app_end ] --START--
INFO: Run Behavior\ShowPageTraceBehavior [ RunTime:0.001000s ]
INFO: [ app_end ] --END-- [ RunTime:0.001000s ]

[ 2017-03-27T18:12:55+08:00 ] ::1 /ykj/index.php/Admin/Cate/lst
INFO: [ app_init ] --START--
INFO: Run Behavior\BuildLiteBehavior [ RunTime:0.000000s ]
INFO: [ app_init ] --END-- [ RunTime:0.001000s ]
NOTIC: [8] Use of undefined constant TMPL_PARSE_STRING - assumed 'TMPL_PARSE_STRING' F:\AppServ\www\ykj\Application\Admin\Conf\config.php 第 3 行.
INFO: [ app_begin ] --START--
INFO: Run Behavior\ReadHtmlCacheBehavior [ RunTime:0.001000s ]
INFO: [ app_begin ] --END-- [ RunTime:0.001000s ]
SQL: SHOW COLUMNS FROM `ykj_cate` [ RunTime:0.0030s ]
SQL: SELECT * FROM `ykj_cate` ORDER BY sort  [ RunTime:0.0000s ]
INFO: [ view_parse ] --START--
INFO: [ template_filter ] --START--
INFO: Run Behavior\ContentReplaceBehavior [ RunTime:0.000000s ]
INFO: [ template_filter ] --END-- [ RunTime:0.000000s ]
INFO: Run Behavior\ParseTemplateBehavior [ RunTime:0.029002s ]
INFO: [ view_parse ] --END-- [ RunTime:0.029002s ]
INFO: [ view_filter ] --START--
INFO: Run Behavior\WriteHtmlCacheBehavior [ RunTime:0.001000s ]
INFO: [ view_filter ] --END-- [ RunTime:0.001000s ]
INFO: [ app_end ] --START--
INFO: Run Behavior\ShowPageTraceBehavior [ RunTime:0.002000s ]
INFO: [ app_end ] --END-- [ RunTime:0.002000s ]

[ 2017-03-27T18:12:55+08:00 ] ::1 /ykj/index.php/Admin/Admin/lst
INFO: [ app_init ] --START--
INFO: Run Behavior\BuildLiteBehavior [ RunTime:0.000000s ]
INFO: [ app_init ] --END-- [ RunTime:0.001000s ]
NOTIC: [8] Use of undefined constant TMPL_PARSE_STRING - assumed 'TMPL_PARSE_STRING' F:\AppServ\www\ykj\Application\Admin\Conf\config.php 第 3 行.
INFO: [ app_begin ] --START--
INFO: Run Behavior\ReadHtmlCacheBehavior [ RunTime:0.001000s ]
INFO: [ app_begin ] --END-- [ RunTime:0.002000s ]
SQL: SHOW COLUMNS FROM `ykj_admin` [ RunTime:0.0260s ]
SQL: SELECT * FROM `ykj_admin`  [ RunTime:0.0000s ]
INFO: [ view_parse ] --START--
INFO: [ template_filter ] --START--
INFO: Run Behavior\ContentReplaceBehavior [ RunTime:0.000000s ]
INFO: [ template_filter ] --END-- [ RunTime:0.001000s ]
INFO: Run Behavior\ParseTemplateBehavior [ RunTime:0.031002s ]
INFO: [ view_parse ] --END-- [ RunTime:0.031002s ]
INFO: [ view_filter ] --START--
INFO: Run Behavior\WriteHtmlCacheBehavior [ RunTime:0.001000s ]
INFO: [ view_filter ] --END-- [ RunTime:0.001000s ]
INFO: [ app_end ] --START--
INFO: Run Behavior\ShowPageTraceBehavior [ RunTime:0.001000s ]
INFO: [ app_end ] --END-- [ RunTime:0.001000s ]

[ 2017-03-27T18:13:26+08:00 ] ::1 /ykj/index.php/Admin/Admin/lst
INFO: [ app_init ] --START--
INFO: Run Behavior\BuildLiteBehavior [ RunTime:0.000000s ]
INFO: [ app_init ] --END-- [ RunTime:0.001000s ]
NOTIC: [8] Use of undefined constant TMPL_PARSE_STRING - assumed 'TMPL_PARSE_STRING' F:\AppServ\www\ykj\Application\Admin\Conf\config.php 第 3 行.
INFO: [ app_begin ] --START--
INFO: Run Behavior\ReadHtmlCacheBehavior [ RunTime:0.001000s ]
INFO: [ app_begin ] --END-- [ RunTime:0.001000s ]
SQL: SHOW COLUMNS FROM `ykj_admin` [ RunTime:0.0370s ]
SQL: SELECT * FROM `ykj_admin`  [ RunTime:0.0000s ]
INFO: [ view_parse ] --START--
INFO: [ template_filter ] --START--
INFO: Run Behavior\ContentReplaceBehavior [ RunTime:0.000000s ]
INFO: [ template_filter ] --END-- [ RunTime:0.000000s ]
INFO: Run Behavior\ParseTemplateBehavior [ RunTime:0.029002s ]
INFO: [ view_parse ] --END-- [ RunTime:0.029002s ]
INFO: [ view_filter ] --START--
INFO: Run Behavior\WriteHtmlCacheBehavior [ RunTime:0.000000s ]
INFO: [ view_filter ] --END-- [ RunTime:0.000000s ]
INFO: [ app_end ] --START--
INFO: Run Behavior\ShowPageTraceBehavior [ RunTime:0.001000s ]
INFO: [ app_end ] --END-- [ RunTime:0.001000s ]

[ 2017-03-27T23:33:16+08:00 ] ::1 /ykj/Admin/
INFO: [ app_init ] --START--
INFO: Run Behavior\BuildLiteBehavior [ RunTime:0.000000s ]
INFO: [ app_init ] --END-- [ RunTime:0.001000s ]
NOTIC: [8] Use of undefined constant TMPL_PARSE_STRING - assumed 'TMPL_PARSE_STRING' F:\AppServ\www\ykj\Application\Admin\Conf\config.php 第 3 行.
INFO: [ app_begin ] --START--
INFO: Run Behavior\ReadHtmlCacheBehavior [ RunTime:0.001000s ]
INFO: [ app_begin ] --END-- [ RunTime:0.001000s ]
INFO: [ view_parse ] --START--
INFO: [ template_filter ] --START--
INFO: Run Behavior\ContentReplaceBehavior [ RunTime:0.000000s ]
INFO: [ template_filter ] --END-- [ RunTime:0.000000s ]
INFO: Run Behavior\ParseTemplateBehavior [ RunTime:0.015000s ]
INFO: [ view_parse ] --END-- [ RunTime:0.015000s ]
INFO: [ view_filter ] --START--
INFO: Run Behavior\WriteHtmlCacheBehavior [ RunTime:0.001000s ]
INFO: [ view_filter ] --END-- [ RunTime:0.001000s ]

[ 2017-03-27T23:33:19+08:00 ] ::1 /ykj/index.php/Admin/Login/index.html
INFO: [ app_init ] --START--
INFO: Run Behavior\BuildLiteBehavior [ RunTime:0.000000s ]
INFO: [ app_init ] --END-- [ RunTime:0.001000s ]
NOTIC: [8] Use of undefined constant TMPL_PARSE_STRING - assumed 'TMPL_PARSE_STRING' F:\AppServ\www\ykj\Application\Admin\Conf\config.php 第 3 行.
INFO: [ app_begin ] --START--
INFO: Run Behavior\ReadHtmlCacheBehavior [ RunTime:0.001000s ]
INFO: [ app_begin ] --END-- [ RunTime:0.001000s ]
INFO: [ view_parse ] --START--
INFO: [ template_filter ] --START--
INFO: Run Behavior\ContentReplaceBehavior [ RunTime:0.001000s ]
INFO: [ template_filter ] --END-- [ RunTime:0.001000s ]
INFO: Run Behavior\ParseTemplateBehavior [ RunTime:0.008001s ]
INFO: [ view_parse ] --END-- [ RunTime:0.008001s ]
INFO: [ view_filter ] --START--
INFO: Run Behavior\WriteHtmlCacheBehavior [ RunTime:0.000000s ]
INFO: [ view_filter ] --END-- [ RunTime:0.000000s ]
INFO: [ app_end ] --START--
INFO: Run Behavior\ShowPageTraceBehavior [ RunTime:0.001000s ]
INFO: [ app_end ] --END-- [ RunTime:0.001000s ]

[ 2017-03-27T23:33:20+08:00 ] ::1 /ykj/index.php/Admin/Login/verify
INFO: [ app_init ] --START--
INFO: Run Behavior\BuildLiteBehavior [ RunTime:0.000000s ]
INFO: [ app_init ] --END-- [ RunTime:0.001000s ]
NOTIC: [8] Use of undefined constant TMPL_PARSE_STRING - assumed 'TMPL_PARSE_STRING' F:\AppServ\www\ykj\Application\Admin\Conf\config.php 第 3 行.
INFO: [ app_begin ] --START--
INFO: Run Behavior\ReadHtmlCacheBehavior [ RunTime:0.001000s ]
INFO: [ app_begin ] --END-- [ RunTime:0.001000s ]
INFO: [ app_end ] --START--
INFO: Run Behavior\ShowPageTraceBehavior [ RunTime:0.001000s ]
INFO: [ app_end ] --END-- [ RunTime:0.001000s ]

[ 2017-03-27T23:33:29+08:00 ] ::1 /ykj/index.php/Admin/Login/login
INFO: [ app_init ] --START--
INFO: Run Behavior\BuildLiteBehavior [ RunTime:0.000000s ]
INFO: [ app_init ] --END-- [ RunTime:0.000000s ]
NOTIC: [8] Use of undefined constant TMPL_PARSE_STRING - assumed 'TMPL_PARSE_STRING' F:\AppServ\www\ykj\Application\Admin\Conf\config.php 第 3 行.
INFO: [ app_begin ] --START--
INFO: Run Behavior\ReadHtmlCacheBehavior [ RunTime:0.000000s ]
INFO: [ app_begin ] --END-- [ RunTime:0.000000s ]
SQL: SHOW COLUMNS FROM `ykj_admin` [ RunTime:0.0640s ]
NOTIC: [8] Undefined index: validate F:\AppServ\www\ykj\ThinkPHP\Library\Think\Model.class.php 第 1185 行.
INFO: [ view_parse ] --START--
INFO: [ template_filter ] --START--
INFO: Run Behavior\ContentReplaceBehavior [ RunTime:0.000000s ]
INFO: [ template_filter ] --END-- [ RunTime:0.000000s ]
INFO: Run Behavior\ParseTemplateBehavior [ RunTime:0.020001s ]
INFO: [ view_parse ] --END-- [ RunTime:0.020001s ]
INFO: [ view_filter ] --START--
INFO: Run Behavior\WriteHtmlCacheBehavior [ RunTime:0.002000s ]
INFO: [ view_filter ] --END-- [ RunTime:0.002000s ]

[ 2017-03-27T23:33:37+08:00 ] ::1 /ykj/index.php/Admin/Login/verify/0.2405335756484419
INFO: [ app_init ] --START--
INFO: Run Behavior\BuildLiteBehavior [ RunTime:0.000000s ]
INFO: [ app_init ] --END-- [ RunTime:0.001000s ]
NOTIC: [8] Use of undefined constant TMPL_PARSE_STRING - assumed 'TMPL_PARSE_STRING' F:\AppServ\www\ykj\Application\Admin\Conf\config.php 第 3 行.
INFO: [ app_begin ] --START--
INFO: Run Behavior\ReadHtmlCacheBehavior [ RunTime:0.001000s ]
INFO: [ app_begin ] --END-- [ RunTime:0.001000s ]
INFO: [ app_end ] --START--
INFO: Run Behavior\ShowPageTraceBehavior [ RunTime:0.001000s ]
INFO: [ app_end ] --END-- [ RunTime:0.001000s ]

[ 2017-03-27T23:34:08+08:00 ] ::1 /ykj/index.php/Admin/Login/login
INFO: [ app_init ] --START--
INFO: Run Behavior\BuildLiteBehavior [ RunTime:0.000000s ]
INFO: [ app_init ] --END-- [ RunTime:0.001000s ]
NOTIC: [8] Use of undefined constant TMPL_PARSE_STRING - assumed 'TMPL_PARSE_STRING' F:\AppServ\www\ykj\Application\Admin\Conf\config.php 第 3 行.
INFO: [ app_begin ] --START--
INFO: Run Behavior\ReadHtmlCacheBehavior [ RunTime:0.001000s ]
INFO: [ app_begin ] --END-- [ RunTime:0.001000s ]
SQL: SHOW COLUMNS FROM `ykj_admin` [ RunTime:0.0020s ]
NOTIC: [8] Undefined index: validate F:\AppServ\www\ykj\ThinkPHP\Library\Think\Model.class.php 第 1185 行.
NOTIC: [8] Undefined index: auto F:\AppServ\www\ykj\ThinkPHP\Library\Think\Model.class.php 第 1128 行.
SQL: SELECT * FROM `ykj_admin` WHERE `username` = 'admin' LIMIT 1   [ RunTime:0.0010s ]
INFO: [ view_parse ] --START--
INFO: [ template_filter ] --START--
INFO: Run Behavior\ContentReplaceBehavior [ RunTime:0.000000s ]
INFO: [ template_filter ] --END-- [ RunTime:0.000000s ]
INFO: Run Behavior\ParseTemplateBehavior [ RunTime:0.013001s ]
INFO: [ view_parse ] --END-- [ RunTime:0.013001s ]
INFO: [ view_filter ] --START--
INFO: Run Behavior\WriteHtmlCacheBehavior [ RunTime:0.000000s ]
INFO: [ view_filter ] --END-- [ RunTime:0.000000s ]
INFO: [ app_end ] --START--
INFO: Run Behavior\ShowPageTraceBehavior [ RunTime:0.001000s ]
INFO: [ app_end ] --END-- [ RunTime:0.001000s ]

[ 2017-03-27T23:34:09+08:00 ] ::1 /ykj/index.php/Admin/Index/index.html
INFO: [ app_init ] --START--
INFO: Run Behavior\BuildLiteBehavior [ RunTime:0.000000s ]
INFO: [ app_init ] --END-- [ RunTime:0.001000s ]
NOTIC: [8] Use of undefined constant TMPL_PARSE_STRING - assumed 'TMPL_PARSE_STRING' F:\AppServ\www\ykj\Application\Admin\Conf\config.php 第 3 行.
INFO: [ app_begin ] --START--
INFO: Run Behavior\ReadHtmlCacheBehavior [ RunTime:0.001001s ]
INFO: [ app_begin ] --END-- [ RunTime:0.001001s ]
INFO: [ view_parse ] --START--
INFO: [ template_filter ] --START--
INFO: Run Behavior\ContentReplaceBehavior [ RunTime:0.000000s ]
INFO: [ template_filter ] --END-- [ RunTime:0.000000s ]
INFO: Run Behavior\ParseTemplateBehavior [ RunTime:0.052003s ]
INFO: [ view_parse ] --END-- [ RunTime:0.052003s ]
INFO: [ view_filter ] --START--
INFO: Run Behavior\WriteHtmlCacheBehavior [ RunTime:0.000000s ]
INFO: [ view_filter ] --END-- [ RunTime:0.000000s ]
INFO: [ app_end ] --START--
INFO: Run Behavior\ShowPageTraceBehavior [ RunTime:0.001000s ]
INFO: [ app_end ] --END-- [ RunTime:0.001000s ]

[ 2017-03-27T23:34:11+08:00 ] ::1 /ykj/index.php/Admin/Cate/lst
INFO: [ app_init ] --START--
INFO: Run Behavior\BuildLiteBehavior [ RunTime:0.000000s ]
INFO: [ app_init ] --END-- [ RunTime:0.000000s ]
NOTIC: [8] Use of undefined constant TMPL_PARSE_STRING - assumed 'TMPL_PARSE_STRING' F:\AppServ\www\ykj\Application\Admin\Conf\config.php 第 3 行.
INFO: [ app_begin ] --START--
INFO: Run Behavior\ReadHtmlCacheBehavior [ RunTime:0.001000s ]
INFO: [ app_begin ] --END-- [ RunTime:0.001000s ]
SQL: SHOW COLUMNS FROM `ykj_cate` [ RunTime:0.0020s ]
SQL: SELECT * FROM `ykj_cate` ORDER BY sort  [ RunTime:0.0010s ]
INFO: [ view_parse ] --START--
INFO: [ template_filter ] --START--
INFO: Run Behavior\ContentReplaceBehavior [ RunTime:0.001000s ]
INFO: [ template_filter ] --END-- [ RunTime:0.001000s ]
INFO: Run Behavior\ParseTemplateBehavior [ RunTime:0.073004s ]
INFO: [ view_parse ] --END-- [ RunTime:0.073004s ]
INFO: [ view_filter ] --START--
INFO: Run Behavior\WriteHtmlCacheBehavior [ RunTime:0.000000s ]
INFO: [ view_filter ] --END-- [ RunTime:0.000000s ]
INFO: [ app_end ] --START--
INFO: Run Behavior\ShowPageTraceBehavior [ RunTime:0.001000s ]
INFO: [ app_end ] --END-- [ RunTime:0.001000s ]

[ 2017-03-27T23:34:12+08:00 ] ::1 /ykj/index.php/Admin/Link/lst
INFO: [ app_init ] --START--
INFO: Run Behavior\BuildLiteBehavior [ RunTime:0.000000s ]
INFO: [ app_init ] --END-- [ RunTime:0.001000s ]
NOTIC: [8] Use of undefined constant TMPL_PARSE_STRING - assumed 'TMPL_PARSE_STRING' F:\AppServ\www\ykj\Application\Admin\Conf\config.php 第 3 行.
INFO: [ app_begin ] --START--
INFO: Run Behavior\ReadHtmlCacheBehavior [ RunTime:0.001000s ]
INFO: [ app_begin ] --END-- [ RunTime:0.001000s ]
SQL: SHOW COLUMNS FROM `ykj_link` [ RunTime:0.0010s ]
SQL: SELECT COUNT(*) AS tp_count FROM `ykj_link` LIMIT 1   [ RunTime:0.0000s ]
SQL: SELECT * FROM `ykj_link` ORDER BY id LIMIT 0,4   [ RunTime:0.0010s ]
INFO: [ view_parse ] --START--
INFO: [ template_filter ] --START--
INFO: Run Behavior\ContentReplaceBehavior [ RunTime:0.000000s ]
INFO: [ template_filter ] --END-- [ RunTime:0.000000s ]
NOTIC: [8] Undefined index: sort F:\AppServ\www\ykj\Application\Runtime\Cache\Admin\65e4f6df08c62e8a208c27167d615170.php 第 115 行.
NOTIC: [8] Undefined index: sort F:\AppServ\www\ykj\Application\Runtime\Cache\Admin\65e4f6df08c62e8a208c27167d615170.php 第 115 行.
NOTIC: [8] Undefined index: sort F:\AppServ\www\ykj\Application\Runtime\Cache\Admin\65e4f6df08c62e8a208c27167d615170.php 第 115 行.
NOTIC: [8] Undefined index: sort F:\AppServ\www\ykj\Application\Runtime\Cache\Admin\65e4f6df08c62e8a208c27167d615170.php 第 115 行.
INFO: Run Behavior\ParseTemplateBehavior [ RunTime:0.076004s ]
INFO: [ view_parse ] --END-- [ RunTime:0.076004s ]
INFO: [ view_filter ] --START--
INFO: Run Behavior\WriteHtmlCacheBehavior [ RunTime:0.000000s ]
INFO: [ view_filter ] --END-- [ RunTime:0.000000s ]
INFO: [ app_end ] --START--
INFO: Run Behavior\ShowPageTraceBehavior [ RunTime:0.002000s ]
INFO: [ app_end ] --END-- [ RunTime:0.002000s ]

[ 2017-03-27T23:34:13+08:00 ] ::1 /ykj/index.php/Admin/Admin/lst
INFO: [ app_init ] --START--
INFO: Run Behavior\BuildLiteBehavior [ RunTime:0.000000s ]
INFO: [ app_init ] --END-- [ RunTime:0.001000s ]
NOTIC: [8] Use of undefined constant TMPL_PARSE_STRING - assumed 'TMPL_PARSE_STRING' F:\AppServ\www\ykj\Application\Admin\Conf\config.php 第 3 行.
INFO: [ app_begin ] --START--
INFO: Run Behavior\ReadHtmlCacheBehavior [ RunTime:0.001000s ]
INFO: [ app_begin ] --END-- [ RunTime:0.001000s ]
SQL: SHOW COLUMNS FROM `ykj_admin` [ RunTime:0.0020s ]
SQL: SELECT * FROM `ykj_admin`  [ RunTime:0.0000s ]
INFO: [ view_parse ] --START--
INFO: [ template_filter ] --START--
INFO: Run Behavior\ContentReplaceBehavior [ RunTime:0.001000s ]
INFO: [ template_filter ] --END-- [ RunTime:0.001000s ]
INFO: Run Behavior\ParseTemplateBehavior [ RunTime:0.023002s ]
INFO: [ view_parse ] --END-- [ RunTime:0.023002s ]
INFO: [ view_filter ] --START--
INFO: Run Behavior\WriteHtmlCacheBehavior [ RunTime:0.001000s ]
INFO: [ view_filter ] --END-- [ RunTime:0.001000s ]
INFO: [ app_end ] --START--
INFO: Run Behavior\ShowPageTraceBehavior [ RunTime:0.001000s ]
INFO: [ app_end ] --END-- [ RunTime:0.001000s ]

[ 2017-03-27T23:34:14+08:00 ] ::1 /ykj/index.php/Admin/Link/lst
INFO: [ app_init ] --START--
INFO: Run Behavior\BuildLiteBehavior [ RunTime:0.000000s ]
INFO: [ app_init ] --END-- [ RunTime:0.001000s ]
NOTIC: [8] Use of undefined constant TMPL_PARSE_STRING - assumed 'TMPL_PARSE_STRING' F:\AppServ\www\ykj\Application\Admin\Conf\config.php 第 3 行.
INFO: [ app_begin ] --START--
INFO: Run Behavior\ReadHtmlCacheBehavior [ RunTime:0.001000s ]
INFO: [ app_begin ] --END-- [ RunTime:0.001000s ]
SQL: SHOW COLUMNS FROM `ykj_link` [ RunTime:0.0010s ]
SQL: SELECT COUNT(*) AS tp_count FROM `ykj_link` LIMIT 1   [ RunTime:0.0000s ]
SQL: SELECT * FROM `ykj_link` ORDER BY id LIMIT 0,4   [ RunTime:0.0010s ]
INFO: [ view_parse ] --START--
INFO: [ template_filter ] --START--
INFO: Run Behavior\ContentReplaceBehavior [ RunTime:0.000000s ]
INFO: [ template_filter ] --END-- [ RunTime:0.000000s ]
NOTIC: [8] Undefined index: sort F:\AppServ\www\ykj\Application\Runtime\Cache\Admin\65e4f6df08c62e8a208c27167d615170.php 第 115 行.
NOTIC: [8] Undefined index: sort F:\AppServ\www\ykj\Application\Runtime\Cache\Admin\65e4f6df08c62e8a208c27167d615170.php 第 115 行.
NOTIC: [8] Undefined index: sort F:\AppServ\www\ykj\Application\Runtime\Cache\Admin\65e4f6df08c62e8a208c27167d615170.php 第 115 行.
NOTIC: [8] Undefined index: sort F:\AppServ\www\ykj\Application\Runtime\Cache\Admin\65e4f6df08c62e8a208c27167d615170.php 第 115 行.
INFO: Run Behavior\ParseTemplateBehavior [ RunTime:0.015000s ]
INFO: [ view_parse ] --END-- [ RunTime:0.015000s ]
INFO: [ view_filter ] --START--
INFO: Run Behavior\WriteHtmlCacheBehavior [ RunTime:0.001000s ]
INFO: [ view_filter ] --END-- [ RunTime:0.001000s ]
INFO: [ app_end ] --START--
INFO: Run Behavior\ShowPageTraceBehavior [ RunTime:0.001001s ]
INFO: [ app_end ] --END-- [ RunTime:0.001001s ]

[ 2017-03-27T23:34:14+08:00 ] ::1 /ykj/index.php/Admin/Cate/lst
INFO: [ app_init ] --START--
INFO: Run Behavior\BuildLiteBehavior [ RunTime:0.000000s ]
INFO: [ app_init ] --END-- [ RunTime:0.001000s ]
NOTIC: [8] Use of undefined constant TMPL_PARSE_STRING - assumed 'TMPL_PARSE_STRING' F:\AppServ\www\ykj\Application\Admin\Conf\config.php 第 3 行.
INFO: [ app_begin ] --START--
INFO: Run Behavior\ReadHtmlCacheBehavior [ RunTime:0.000000s ]
INFO: [ app_begin ] --END-- [ RunTime:0.000000s ]
SQL: SHOW COLUMNS FROM `ykj_cate` [ RunTime:0.0430s ]
SQL: SELECT * FROM `ykj_cate` ORDER BY sort  [ RunTime:0.0010s ]
INFO: [ view_parse ] --START--
INFO: [ template_filter ] --START--
INFO: Run Behavior\ContentReplaceBehavior [ RunTime:0.000000s ]
INFO: [ template_filter ] --END-- [ RunTime:0.000000s ]
INFO: Run Behavior\ParseTemplateBehavior [ RunTime:0.015001s ]
INFO: [ view_parse ] --END-- [ RunTime:0.015001s ]
INFO: [ view_filter ] --START--
INFO: Run Behavior\WriteHtmlCacheBehavior [ RunTime:0.001000s ]
INFO: [ view_filter ] --END-- [ RunTime:0.001000s ]
INFO: [ app_end ] --START--
INFO: Run Behavior\ShowPageTraceBehavior [ RunTime:0.001000s ]
INFO: [ app_end ] --END-- [ RunTime:0.001000s ]

[ 2017-03-27T23:34:14+08:00 ] ::1 /ykj/index.php/Admin/Article/lst
INFO: [ app_init ] --START--
INFO: Run Behavior\BuildLiteBehavior [ RunTime:0.000000s ]
INFO: [ app_init ] --END-- [ RunTime:0.001001s ]
NOTIC: [8] Use of undefined constant TMPL_PARSE_STRING - assumed 'TMPL_PARSE_STRING' F:\AppServ\www\ykj\Application\Admin\Conf\config.php 第 3 行.
INFO: [ app_begin ] --START--
INFO: Run Behavior\ReadHtmlCacheBehavior [ RunTime:0.000000s ]
INFO: [ app_begin ] --END-- [ RunTime:0.000000s ]
SQL: SHOW COLUMNS FROM `ykj_article` [ RunTime:0.0030s ]
SQL: SHOW COLUMNS FROM `ykj_cate` [ RunTime:0.0010s ]
SQL: SELECT COUNT(*) AS tp_count FROM ykj_article Article LEFT JOIN ykj_cate Cate ON Article.cateid=Cate.id LIMIT 1   [ RunTime:0.0550s ]
SQL: SELECT Article.id AS id,Article.title AS title,Article.pic AS pic,Article.descr AS descr,Cate.catename AS catename FROM ykj_article Article LEFT JOIN ykj_cate Cate ON Article.cateid=Cate.id ORDER BY Article.id ASC LIMIT 0,6   [ RunTime:0.0020s ]
INFO: [ view_parse ] --START--
INFO: [ template_filter ] --START--
INFO: Run Behavior\ContentReplaceBehavior [ RunTime:0.000000s ]
INFO: [ template_filter ] --END-- [ RunTime:0.000000s ]
NOTIC: [8] Undefined index: sort F:\AppServ\www\ykj\Application\Runtime\Cache\Admin\3233ce5cce332a117b52d9b8831cbcfa.php 第 116 行.
NOTIC: [8] Undefined index: sort F:\AppServ\www\ykj\Application\Runtime\Cache\Admin\3233ce5cce332a117b52d9b8831cbcfa.php 第 116 行.
NOTIC: [8] Undefined index: sort F:\AppServ\www\ykj\Application\Runtime\Cache\Admin\3233ce5cce332a117b52d9b8831cbcfa.php 第 116 行.
NOTIC: [8] Undefined index: sort F:\AppServ\www\ykj\Application\Runtime\Cache\Admin\3233ce5cce332a117b52d9b8831cbcfa.php 第 116 行.
NOTIC: [8] Undefined index: sort F:\AppServ\www\ykj\Application\Runtime\Cache\Admin\3233ce5cce332a117b52d9b8831cbcfa.php 第 116 行.
NOTIC: [8] Undefined index: sort F:\AppServ\www\ykj\Application\Runtime\Cache\Admin\3233ce5cce332a117b52d9b8831cbcfa.php 第 116 行.
INFO: Run Behavior\ParseTemplateBehavior [ RunTime:0.027001s ]
INFO: [ view_parse ] --END-- [ RunTime:0.027001s ]
INFO: [ view_filter ] --START--
INFO: Run Behavior\WriteHtmlCacheBehavior [ RunTime:0.001000s ]
INFO: [ view_filter ] --END-- [ RunTime:0.001000s ]
INFO: [ app_end ] --START--
INFO: Run Behavior\ShowPageTraceBehavior [ RunTime:0.001001s ]
INFO: [ app_end ] --END-- [ RunTime:0.001001s ]

[ 2017-03-27T23:34:15+08:00 ] ::1 /ykj/index.php/Admin/Link/lst
INFO: [ app_init ] --START--
INFO: Run Behavior\BuildLiteBehavior [ RunTime:0.000000s ]
INFO: [ app_init ] --END-- [ RunTime:0.001000s ]
NOTIC: [8] Use of undefined constant TMPL_PARSE_STRING - assumed 'TMPL_PARSE_STRING' F:\AppServ\www\ykj\Application\Admin\Conf\config.php 第 3 行.
INFO: [ app_begin ] --START--
INFO: Run Behavior\ReadHtmlCacheBehavior [ RunTime:0.001000s ]
INFO: [ app_begin ] --END-- [ RunTime:0.001000s ]
SQL: SHOW COLUMNS FROM `ykj_link` [ RunTime:0.0010s ]
SQL: SELECT COUNT(*) AS tp_count FROM `ykj_link` LIMIT 1   [ RunTime:0.0000s ]
SQL: SELECT * FROM `ykj_link` ORDER BY id LIMIT 0,4   [ RunTime:0.0000s ]
INFO: [ view_parse ] --START--
INFO: [ template_filter ] --START--
INFO: Run Behavior\ContentReplaceBehavior [ RunTime:0.000000s ]
INFO: [ template_filter ] --END-- [ RunTime:0.000000s ]
NOTIC: [8] Undefined index: sort F:\AppServ\www\ykj\Application\Runtime\Cache\Admin\65e4f6df08c62e8a208c27167d615170.php 第 115 行.
NOTIC: [8] Undefined index: sort F:\AppServ\www\ykj\Application\Runtime\Cache\Admin\65e4f6df08c62e8a208c27167d615170.php 第 115 行.
NOTIC: [8] Undefined index: sort F:\AppServ\www\ykj\Application\Runtime\Cache\Admin\65e4f6df08c62e8a208c27167d615170.php 第 115 行.
NOTIC: [8] Undefined index: sort F:\AppServ\www\ykj\Application\Runtime\Cache\Admin\65e4f6df08c62e8a208c27167d615170.php 第 115 行.
INFO: Run Behavior\ParseTemplateBehavior [ RunTime:0.013001s ]
INFO: [ view_parse ] --END-- [ RunTime:0.013001s ]
INFO: [ view_filter ] --START--
INFO: Run Behavior\WriteHtmlCacheBehavior [ RunTime:0.001000s ]
INFO: [ view_filter ] --END-- [ RunTime:0.001000s ]
INFO: [ app_end ] --START--
INFO: Run Behavior\ShowPageTraceBehavior [ RunTime:0.001000s ]
INFO: [ app_end ] --END-- [ RunTime:0.001000s ]

[ 2017-03-27T23:34:15+08:00 ] ::1 /ykj/index.php/Admin/Article/lst
INFO: [ app_init ] --START--
INFO: Run Behavior\BuildLiteBehavior [ RunTime:0.000000s ]
INFO: [ app_init ] --END-- [ RunTime:0.001000s ]
NOTIC: [8] Use of undefined constant TMPL_PARSE_STRING - assumed 'TMPL_PARSE_STRING' F:\AppServ\www\ykj\Application\Admin\Conf\config.php 第 3 行.
INFO: [ app_begin ] --START--
INFO: Run Behavior\ReadHtmlCacheBehavior [ RunTime:0.001000s ]
INFO: [ app_begin ] --END-- [ RunTime:0.001000s ]
SQL: SHOW COLUMNS FROM `ykj_article` [ RunTime:0.0010s ]
SQL: SHOW COLUMNS FROM `ykj_cate` [ RunTime:0.0010s ]
SQL: SELECT COUNT(*) AS tp_count FROM ykj_article Article LEFT JOIN ykj_cate Cate ON Article.cateid=Cate.id LIMIT 1   [ RunTime:0.0010s ]
SQL: SELECT Article.id AS id,Article.title AS title,Article.pic AS pic,Article.descr AS descr,Cate.catename AS catename FROM ykj_article Article LEFT JOIN ykj_cate Cate ON Article.cateid=Cate.id ORDER BY Article.id ASC LIMIT 0,6   [ RunTime:0.0010s ]
INFO: [ view_parse ] --START--
INFO: [ template_filter ] --START--
INFO: Run Behavior\ContentReplaceBehavior [ RunTime:0.000000s ]
INFO: [ template_filter ] --END-- [ RunTime:0.000000s ]
NOTIC: [8] Undefined index: sort F:\AppServ\www\ykj\Application\Runtime\Cache\Admin\3233ce5cce332a117b52d9b8831cbcfa.php 第 116 行.
NOTIC: [8] Undefined index: sort F:\AppServ\www\ykj\Application\Runtime\Cache\Admin\3233ce5cce332a117b52d9b8831cbcfa.php 第 116 行.
NOTIC: [8] Undefined index: sort F:\AppServ\www\ykj\Application\Runtime\Cache\Admin\3233ce5cce332a117b52d9b8831cbcfa.php 第 116 行.
NOTIC: [8] Undefined index: sort F:\AppServ\www\ykj\Application\Runtime\Cache\Admin\3233ce5cce332a117b52d9b8831cbcfa.php 第 116 行.
NOTIC: [8] Undefined index: sort F:\AppServ\www\ykj\Application\Runtime\Cache\Admin\3233ce5cce332a117b52d9b8831cbcfa.php 第 116 行.
NOTIC: [8] Undefined index: sort F:\AppServ\www\ykj\Application\Runtime\Cache\Admin\3233ce5cce332a117b52d9b8831cbcfa.php 第 116 行.
INFO: Run Behavior\ParseTemplateBehavior [ RunTime:0.014001s ]
INFO: [ view_parse ] --END-- [ RunTime:0.014001s ]
INFO: [ view_filter ] --START--
INFO: Run Behavior\WriteHtmlCacheBehavior [ RunTime:0.001000s ]
INFO: [ view_filter ] --END-- [ RunTime:0.001000s ]
INFO: [ app_end ] --START--
INFO: Run Behavior\ShowPageTraceBehavior [ RunTime:0.001000s ]
INFO: [ app_end ] --END-- [ RunTime:0.001000s ]

[ 2017-03-27T23:34:16+08:00 ] ::1 /ykj/index.php/Admin/Link/lst
INFO: [ app_init ] --START--
INFO: Run Behavior\BuildLiteBehavior [ RunTime:0.000000s ]
INFO: [ app_init ] --END-- [ RunTime:0.000000s ]
NOTIC: [8] Use of undefined constant TMPL_PARSE_STRING - assumed 'TMPL_PARSE_STRING' F:\AppServ\www\ykj\Application\Admin\Conf\config.php 第 3 行.
INFO: [ app_begin ] --START--
INFO: Run Behavior\ReadHtmlCacheBehavior [ RunTime:0.001000s ]
INFO: [ app_begin ] --END-- [ RunTime:0.001000s ]
SQL: SHOW COLUMNS FROM `ykj_link` [ RunTime:0.0010s ]
SQL: SELECT COUNT(*) AS tp_count FROM `ykj_link` LIMIT 1   [ RunTime:0.0000s ]
SQL: SELECT * FROM `ykj_link` ORDER BY id LIMIT 0,4   [ RunTime:0.0010s ]
INFO: [ view_parse ] --START--
INFO: [ template_filter ] --START--
INFO: Run Behavior\ContentReplaceBehavior [ RunTime:0.000000s ]
INFO: [ template_filter ] --END-- [ RunTime:0.000000s ]
NOTIC: [8] Undefined index: sort F:\AppServ\www\ykj\Application\Runtime\Cache\Admin\65e4f6df08c62e8a208c27167d615170.php 第 115 行.
NOTIC: [8] Undefined index: sort F:\AppServ\www\ykj\Application\Runtime\Cache\Admin\65e4f6df08c62e8a208c27167d615170.php 第 115 行.
NOTIC: [8] Undefined index: sort F:\AppServ\www\ykj\Application\Runtime\Cache\Admin\65e4f6df08c62e8a208c27167d615170.php 第 115 行.
NOTIC: [8] Undefined index: sort F:\AppServ\www\ykj\Application\Runtime\Cache\Admin\65e4f6df08c62e8a208c27167d615170.php 第 115 行.
INFO: Run Behavior\ParseTemplateBehavior [ RunTime:0.014001s ]
INFO: [ view_parse ] --END-- [ RunTime:0.014001s ]
INFO: [ view_filter ] --START--
INFO: Run Behavior\WriteHtmlCacheBehavior [ RunTime:0.000000s ]
INFO: [ view_filter ] --END-- [ RunTime:0.000000s ]
INFO: [ app_end ] --START--
INFO: Run Behavior\ShowPageTraceBehavior [ RunTime:0.001000s ]
INFO: [ app_end ] --END-- [ RunTime:0.002000s ]

[ 2017-03-27T23:34:16+08:00 ] ::1 /ykj/index.php/Admin/Admin/lst
INFO: [ app_init ] --START--
INFO: Run Behavior\BuildLiteBehavior [ RunTime:0.000000s ]
INFO: [ app_init ] --END-- [ RunTime:0.001000s ]
NOTIC: [8] Use of undefined constant TMPL_PARSE_STRING - assumed 'TMPL_PARSE_STRING' F:\AppServ\www\ykj\Application\Admin\Conf\config.php 第 3 行.
INFO: [ app_begin ] --START--
INFO: Run Behavior\ReadHtmlCacheBehavior [ RunTime:0.001000s ]
INFO: [ app_begin ] --END-- [ RunTime:0.001000s ]
SQL: SHOW COLUMNS FROM `ykj_admin` [ RunTime:0.0010s ]
SQL: SELECT * FROM `ykj_admin`  [ RunTime:0.0000s ]
INFO: [ view_parse ] --START--
INFO: [ template_filter ] --START--
INFO: Run Behavior\ContentReplaceBehavior [ RunTime:0.001000s ]
INFO: [ template_filter ] --END-- [ RunTime:0.001000s ]
INFO: Run Behavior\ParseTemplateBehavior [ RunTime:0.013000s ]
INFO: [ view_parse ] --END-- [ RunTime:0.013000s ]
INFO: [ view_filter ] --START--
INFO: Run Behavior\WriteHtmlCacheBehavior [ RunTime:0.001000s ]
INFO: [ view_filter ] --END-- [ RunTime:0.001000s ]
INFO: [ app_end ] --START--
INFO: Run Behavior\ShowPageTraceBehavior [ RunTime:0.001000s ]
INFO: [ app_end ] --END-- [ RunTime:0.001000s ]

[ 2017-03-27T23:34:16+08:00 ] ::1 /ykj/index.php/Admin/Link/lst
INFO: [ app_init ] --START--
INFO: Run Behavior\BuildLiteBehavior [ RunTime:0.000000s ]
INFO: [ app_init ] --END-- [ RunTime:0.001000s ]
NOTIC: [8] Use of undefined constant TMPL_PARSE_STRING - assumed 'TMPL_PARSE_STRING' F:\AppServ\www\ykj\Application\Admin\Conf\config.php 第 3 行.
INFO: [ app_begin ] --START--
INFO: Run Behavior\ReadHtmlCacheBehavior [ RunTime:0.001000s ]
INFO: [ app_begin ] --END-- [ RunTime:0.001000s ]
SQL: SHOW COLUMNS FROM `ykj_link` [ RunTime:0.0000s ]
SQL: SELECT COUNT(*) AS tp_count FROM `ykj_link` LIMIT 1   [ RunTime:0.0000s ]
SQL: SELECT * FROM `ykj_link` ORDER BY id LIMIT 0,4   [ RunTime:0.0010s ]
INFO: [ view_parse ] --START--
INFO: [ template_filter ] --START--
INFO: Run Behavior\ContentReplaceBehavior [ RunTime:0.000000s ]
INFO: [ template_filter ] --END-- [ RunTime:0.000000s ]
NOTIC: [8] Undefined index: sort F:\AppServ\www\ykj\Application\Runtime\Cache\Admin\65e4f6df08c62e8a208c27167d615170.php 第 115 行.
NOTIC: [8] Undefined index: sort F:\AppServ\www\ykj\Application\Runtime\Cache\Admin\65e4f6df08c62e8a208c27167d615170.php 第 115 行.
NOTIC: [8] Undefined index: sort F:\AppServ\www\ykj\Application\Runtime\Cache\Admin\65e4f6df08c62e8a208c27167d615170.php 第 115 行.
NOTIC: [8] Undefined index: sort F:\AppServ\www\ykj\Application\Runtime\Cache\Admin\65e4f6df08c62e8a208c27167d615170.php 第 115 行.
INFO: Run Behavior\ParseTemplateBehavior [ RunTime:0.015001s ]
INFO: [ view_parse ] --END-- [ RunTime:0.015001s ]
INFO: [ view_filter ] --START--
INFO: Run Behavior\WriteHtmlCacheBehavior [ RunTime:0.001000s ]
INFO: [ view_filter ] --END-- [ RunTime:0.001000s ]
INFO: [ app_end ] --START--
INFO: Run Behavior\ShowPageTraceBehavior [ RunTime:0.001000s ]
INFO: [ app_end ] --END-- [ RunTime:0.001000s ]

[ 2017-03-27T23:34:17+08:00 ] ::1 /ykj/index.php/Admin/Cate/lst
INFO: [ app_init ] --START--
INFO: Run Behavior\BuildLiteBehavior [ RunTime:0.000000s ]
INFO: [ app_init ] --END-- [ RunTime:0.000000s ]
NOTIC: [8] Use of undefined constant TMPL_PARSE_STRING - assumed 'TMPL_PARSE_STRING' F:\AppServ\www\ykj\Application\Admin\Conf\config.php 第 3 行.
INFO: [ app_begin ] --START--
INFO: Run Behavior\ReadHtmlCacheBehavior [ RunTime:0.001000s ]
INFO: [ app_begin ] --END-- [ RunTime:0.001000s ]
SQL: SHOW COLUMNS FROM `ykj_cate` [ RunTime:0.0010s ]
SQL: SELECT * FROM `ykj_cate` ORDER BY sort  [ RunTime:0.0000s ]
INFO: [ view_parse ] --START--
INFO: [ template_filter ] --START--
INFO: Run Behavior\ContentReplaceBehavior [ RunTime:0.000000s ]
INFO: [ template_filter ] --END-- [ RunTime:0.000000s ]
INFO: Run Behavior\ParseTemplateBehavior [ RunTime:0.015001s ]
INFO: [ view_parse ] --END-- [ RunTime:0.015001s ]
INFO: [ view_filter ] --START--
INFO: Run Behavior\WriteHtmlCacheBehavior [ RunTime:0.000000s ]
INFO: [ view_filter ] --END-- [ RunTime:0.000000s ]
INFO: [ app_end ] --START--
INFO: Run Behavior\ShowPageTraceBehavior [ RunTime:0.001000s ]
INFO: [ app_end ] --END-- [ RunTime:0.001000s ]

[ 2017-03-27T23:34:17+08:00 ] ::1 /ykj/index.php/Admin/Article/lst
INFO: [ app_init ] --START--
INFO: Run Behavior\BuildLiteBehavior [ RunTime:0.000000s ]
INFO: [ app_init ] --END-- [ RunTime:0.001000s ]
NOTIC: [8] Use of undefined constant TMPL_PARSE_STRING - assumed 'TMPL_PARSE_STRING' F:\AppServ\www\ykj\Application\Admin\Conf\config.php 第 3 行.
INFO: [ app_begin ] --START--
INFO: Run Behavior\ReadHtmlCacheBehavior [ RunTime:0.001000s ]
INFO: [ app_begin ] --END-- [ RunTime:0.001000s ]
SQL: SHOW COLUMNS FROM `ykj_article` [ RunTime:0.0010s ]
SQL: SHOW COLUMNS FROM `ykj_cate` [ RunTime:0.0010s ]
SQL: SELECT COUNT(*) AS tp_count FROM ykj_article Article LEFT JOIN ykj_cate Cate ON Article.cateid=Cate.id LIMIT 1   [ RunTime:0.0010s ]
SQL: SELECT Article.id AS id,Article.title AS title,Article.pic AS pic,Article.descr AS descr,Cate.catename AS catename FROM ykj_article Article LEFT JOIN ykj_cate Cate ON Article.cateid=Cate.id ORDER BY Article.id ASC LIMIT 0,6   [ RunTime:0.0010s ]
INFO: [ view_parse ] --START--
INFO: [ template_filter ] --START--
INFO: Run Behavior\ContentReplaceBehavior [ RunTime:0.001000s ]
INFO: [ template_filter ] --END-- [ RunTime:0.001000s ]
NOTIC: [8] Undefined index: sort F:\AppServ\www\ykj\Application\Runtime\Cache\Admin\3233ce5cce332a117b52d9b8831cbcfa.php 第 116 行.
NOTIC: [8] Undefined index: sort F:\AppServ\www\ykj\Application\Runtime\Cache\Admin\3233ce5cce332a117b52d9b8831cbcfa.php 第 116 行.
NOTIC: [8] Undefined index: sort F:\AppServ\www\ykj\Application\Runtime\Cache\Admin\3233ce5cce332a117b52d9b8831cbcfa.php 第 116 行.
NOTIC: [8] Undefined index: sort F:\AppServ\www\ykj\Application\Runtime\Cache\Admin\3233ce5cce332a117b52d9b8831cbcfa.php 第 116 行.
NOTIC: [8] Undefined index: sort F:\AppServ\www\ykj\Application\Runtime\Cache\Admin\3233ce5cce332a117b52d9b8831cbcfa.php 第 116 行.
NOTIC: [8] Undefined index: sort F:\AppServ\www\ykj\Application\Runtime\Cache\Admin\3233ce5cce332a117b52d9b8831cbcfa.php 第 116 行.
INFO: Run Behavior\ParseTemplateBehavior [ RunTime:0.014001s ]
INFO: [ view_parse ] --END-- [ RunTime:0.014001s ]
INFO: [ view_filter ] --START--
INFO: Run Behavior\WriteHtmlCacheBehavior [ RunTime:0.000000s ]
INFO: [ view_filter ] --END-- [ RunTime:0.000000s ]
INFO: [ app_end ] --START--
INFO: Run Behavior\ShowPageTraceBehavior [ RunTime:0.000000s ]
INFO: [ app_end ] --END-- [ RunTime:0.000000s ]

[ 2017-03-27T23:34:17+08:00 ] ::1 /ykj/index.php/Admin/Cate/lst
INFO: [ app_init ] --START--
INFO: Run Behavior\BuildLiteBehavior [ RunTime:0.000000s ]
INFO: [ app_init ] --END-- [ RunTime:0.001000s ]
NOTIC: [8] Use of undefined constant TMPL_PARSE_STRING - assumed 'TMPL_PARSE_STRING' F:\AppServ\www\ykj\Application\Admin\Conf\config.php 第 3 行.
INFO: [ app_begin ] --START--
INFO: Run Behavior\ReadHtmlCacheBehavior [ RunTime:0.001000s ]
INFO: [ app_begin ] --END-- [ RunTime:0.001000s ]
SQL: SHOW COLUMNS FROM `ykj_cate` [ RunTime:0.0010s ]
SQL: SELECT * FROM `ykj_cate` ORDER BY sort  [ RunTime:0.0000s ]
INFO: [ view_parse ] --START--
INFO: [ template_filter ] --START--
INFO: Run Behavior\ContentReplaceBehavior [ RunTime:0.000000s ]
INFO: [ template_filter ] --END-- [ RunTime:0.000000s ]
INFO: Run Behavior\ParseTemplateBehavior [ RunTime:0.014000s ]
INFO: [ view_parse ] --END-- [ RunTime:0.014000s ]
INFO: [ view_filter ] --START--
INFO: Run Behavior\WriteHtmlCacheBehavior [ RunTime:0.001001s ]
INFO: [ view_filter ] --END-- [ RunTime:0.001001s ]
INFO: [ app_end ] --START--
INFO: Run Behavior\ShowPageTraceBehavior [ RunTime:0.001000s ]
INFO: [ app_end ] --END-- [ RunTime:0.001000s ]

[ 2017-03-27T23:34:17+08:00 ] ::1 /ykj/index.php/Admin/Link/lst
INFO: [ app_init ] --START--
INFO: Run Behavior\BuildLiteBehavior [ RunTime:0.000000s ]
INFO: [ app_init ] --END-- [ RunTime:0.001000s ]
NOTIC: [8] Use of undefined constant TMPL_PARSE_STRING - assumed 'TMPL_PARSE_STRING' F:\AppServ\www\ykj\Application\Admin\Conf\config.php 第 3 行.
INFO: [ app_begin ] --START--
INFO: Run Behavior\ReadHtmlCacheBehavior [ RunTime:0.001000s ]
INFO: [ app_begin ] --END-- [ RunTime:0.001000s ]
SQL: SHOW COLUMNS FROM `ykj_link` [ RunTime:0.0010s ]
SQL: SELECT COUNT(*) AS tp_count FROM `ykj_link` LIMIT 1   [ RunTime:0.0000s ]
SQL: SELECT * FROM `ykj_link` ORDER BY id LIMIT 0,4   [ RunTime:0.0000s ]
INFO: [ view_parse ] --START--
INFO: [ template_filter ] --START--
INFO: Run Behavior\ContentReplaceBehavior [ RunTime:0.000000s ]
INFO: [ template_filter ] --END-- [ RunTime:0.000000s ]
NOTIC: [8] Undefined index: sort F:\AppServ\www\ykj\Application\Runtime\Cache\Admin\65e4f6df08c62e8a208c27167d615170.php 第 115 行.
NOTIC: [8] Undefined index: sort F:\AppServ\www\ykj\Application\Runtime\Cache\Admin\65e4f6df08c62e8a208c27167d615170.php 第 115 行.
NOTIC: [8] Undefined index: sort F:\AppServ\www\ykj\Application\Runtime\Cache\Admin\65e4f6df08c62e8a208c27167d615170.php 第 115 行.
NOTIC: [8] Undefined index: sort F:\AppServ\www\ykj\Application\Runtime\Cache\Admin\65e4f6df08c62e8a208c27167d615170.php 第 115 行.
INFO: Run Behavior\ParseTemplateBehavior [ RunTime:0.013001s ]
INFO: [ view_parse ] --END-- [ RunTime:0.013001s ]
INFO: [ view_filter ] --START--
INFO: Run Behavior\WriteHtmlCacheBehavior [ RunTime:0.001000s ]
INFO: [ view_filter ] --END-- [ RunTime:0.001000s ]
INFO: [ app_end ] --START--
INFO: Run Behavior\ShowPageTraceBehavior [ RunTime:0.001000s ]
INFO: [ app_end ] --END-- [ RunTime:0.001000s ]

[ 2017-03-27T23:34:18+08:00 ] ::1 /ykj/index.php/Admin/Admin/lst
INFO: [ app_init ] --START--
INFO: Run Behavior\BuildLiteBehavior [ RunTime:0.000000s ]
INFO: [ app_init ] --END-- [ RunTime:0.001000s ]
NOTIC: [8] Use of undefined constant TMPL_PARSE_STRING - assumed 'TMPL_PARSE_STRING' F:\AppServ\www\ykj\Application\Admin\Conf\config.php 第 3 行.
INFO: [ app_begin ] --START--
INFO: Run Behavior\ReadHtmlCacheBehavior [ RunTime:0.001000s ]
INFO: [ app_begin ] --END-- [ RunTime:0.002000s ]
SQL: SHOW COLUMNS FROM `ykj_admin` [ RunTime:0.0010s ]
SQL: SELECT * FROM `ykj_admin`  [ RunTime:0.0000s ]
INFO: [ view_parse ] --START--
INFO: [ template_filter ] --START--
INFO: Run Behavior\ContentReplaceBehavior [ RunTime:0.000000s ]
INFO: [ template_filter ] --END-- [ RunTime:0.000000s ]
INFO: Run Behavior\ParseTemplateBehavior [ RunTime:0.014001s ]
INFO: [ view_parse ] --END-- [ RunTime:0.014001s ]
INFO: [ view_filter ] --START--
INFO: Run Behavior\WriteHtmlCacheBehavior [ RunTime:0.001000s ]
INFO: [ view_filter ] --END-- [ RunTime:0.001000s ]
INFO: [ app_end ] --START--
INFO: Run Behavior\ShowPageTraceBehavior [ RunTime:0.001000s ]
INFO: [ app_end ] --END-- [ RunTime:0.001000s ]

[ 2017-03-27T23:34:18+08:00 ] ::1 /ykj/index.php/Admin/Admin/lst
INFO: [ app_init ] --START--
INFO: Run Behavior\BuildLiteBehavior [ RunTime:0.000000s ]
INFO: [ app_init ] --END-- [ RunTime:0.001000s ]
NOTIC: [8] Use of undefined constant TMPL_PARSE_STRING - assumed 'TMPL_PARSE_STRING' F:\AppServ\www\ykj\Application\Admin\Conf\config.php 第 3 行.
INFO: [ app_begin ] --START--
INFO: Run Behavior\ReadHtmlCacheBehavior [ RunTime:0.001000s ]
INFO: [ app_begin ] --END-- [ RunTime:0.001000s ]
SQL: SHOW COLUMNS FROM `ykj_admin` [ RunTime:0.0020s ]
SQL: SELECT * FROM `ykj_admin`  [ RunTime:0.0000s ]
INFO: [ view_parse ] --START--
INFO: [ template_filter ] --START--
INFO: Run Behavior\ContentReplaceBehavior [ RunTime:0.000000s ]
INFO: [ template_filter ] --END-- [ RunTime:0.000000s ]
INFO: Run Behavior\ParseTemplateBehavior [ RunTime:0.014001s ]
INFO: [ view_parse ] --END-- [ RunTime:0.014001s ]
INFO: [ view_filter ] --START--
INFO: Run Behavior\WriteHtmlCacheBehavior [ RunTime:0.000000s ]
INFO: [ view_filter ] --END-- [ RunTime:0.000000s ]
INFO: [ app_end ] --START--
INFO: Run Behavior\ShowPageTraceBehavior [ RunTime:0.001000s ]
INFO: [ app_end ] --END-- [ RunTime:0.001000s ]

[ 2017-03-27T23:34:18+08:00 ] ::1 /ykj/index.php/Admin/Admin/lst
INFO: [ app_init ] --START--
INFO: Run Behavior\BuildLiteBehavior [ RunTime:0.000000s ]
INFO: [ app_init ] --END-- [ RunTime:0.001000s ]
NOTIC: [8] Use of undefined constant TMPL_PARSE_STRING - assumed 'TMPL_PARSE_STRING' F:\AppServ\www\ykj\Application\Admin\Conf\config.php 第 3 行.
INFO: [ app_begin ] --START--
INFO: Run Behavior\ReadHtmlCacheBehavior [ RunTime:0.001000s ]
INFO: [ app_begin ] --END-- [ RunTime:0.001000s ]
SQL: SHOW COLUMNS FROM `ykj_admin` [ RunTime:0.0010s ]
SQL: SELECT * FROM `ykj_admin`  [ RunTime:0.0010s ]
INFO: [ view_parse ] --START--
INFO: [ template_filter ] --START--
INFO: Run Behavior\ContentReplaceBehavior [ RunTime:0.000000s ]
INFO: [ template_filter ] --END-- [ RunTime:0.000000s ]
INFO: Run Behavior\ParseTemplateBehavior [ RunTime:0.013001s ]
INFO: [ view_parse ] --END-- [ RunTime:0.013001s ]
INFO: [ view_filter ] --START--
INFO: Run Behavior\WriteHtmlCacheBehavior [ RunTime:0.000000s ]
INFO: [ view_filter ] --END-- [ RunTime:0.000000s ]
INFO: [ app_end ] --START--
INFO: Run Behavior\ShowPageTraceBehavior [ RunTime:0.000000s ]
INFO: [ app_end ] --END-- [ RunTime:0.001000s ]

[ 2017-03-27T23:34:18+08:00 ] ::1 /ykj/index.php/Admin/Cate/lst
INFO: [ app_init ] --START--
INFO: Run Behavior\BuildLiteBehavior [ RunTime:0.000000s ]
INFO: [ app_init ] --END-- [ RunTime:0.001000s ]
NOTIC: [8] Use of undefined constant TMPL_PARSE_STRING - assumed 'TMPL_PARSE_STRING' F:\AppServ\www\ykj\Application\Admin\Conf\config.php 第 3 行.
INFO: [ app_begin ] --START--
INFO: Run Behavior\ReadHtmlCacheBehavior [ RunTime:0.001000s ]
INFO: [ app_begin ] --END-- [ RunTime:0.001000s ]
SQL: SHOW COLUMNS FROM `ykj_cate` [ RunTime:0.0010s ]
SQL: SELECT * FROM `ykj_cate` ORDER BY sort  [ RunTime:0.0010s ]
INFO: [ view_parse ] --START--
INFO: [ template_filter ] --START--
INFO: Run Behavior\ContentReplaceBehavior [ RunTime:0.000000s ]
INFO: [ template_filter ] --END-- [ RunTime:0.000000s ]
INFO: Run Behavior\ParseTemplateBehavior [ RunTime:0.014001s ]
INFO: [ view_parse ] --END-- [ RunTime:0.014001s ]
INFO: [ view_filter ] --START--
INFO: Run Behavior\WriteHtmlCacheBehavior [ RunTime:0.000000s ]
INFO: [ view_filter ] --END-- [ RunTime:0.000000s ]
INFO: [ app_end ] --START--
INFO: Run Behavior\ShowPageTraceBehavior [ RunTime:0.001000s ]
INFO: [ app_end ] --END-- [ RunTime:0.001000s ]

[ 2017-03-27T23:34:19+08:00 ] ::1 /ykj/index.php/Admin/Cate/lst
INFO: [ app_init ] --START--
INFO: Run Behavior\BuildLiteBehavior [ RunTime:0.000000s ]
INFO: [ app_init ] --END-- [ RunTime:0.000000s ]
NOTIC: [8] Use of undefined constant TMPL_PARSE_STRING - assumed 'TMPL_PARSE_STRING' F:\AppServ\www\ykj\Application\Admin\Conf\config.php 第 3 行.
INFO: [ app_begin ] --START--
INFO: Run Behavior\ReadHtmlCacheBehavior [ RunTime:0.000000s ]
INFO: [ app_begin ] --END-- [ RunTime:0.001000s ]
SQL: SHOW COLUMNS FROM `ykj_cate` [ RunTime:0.0010s ]
SQL: SELECT * FROM `ykj_cate` ORDER BY sort  [ RunTime:0.0000s ]
INFO: [ view_parse ] --START--
INFO: [ template_filter ] --START--
INFO: Run Behavior\ContentReplaceBehavior [ RunTime:0.000000s ]
INFO: [ template_filter ] --END-- [ RunTime:0.000000s ]
INFO: Run Behavior\ParseTemplateBehavior [ RunTime:0.015001s ]
INFO: [ view_parse ] --END-- [ RunTime:0.015001s ]
INFO: [ view_filter ] --START--
INFO: Run Behavior\WriteHtmlCacheBehavior [ RunTime:0.001000s ]
INFO: [ view_filter ] --END-- [ RunTime:0.001000s ]
INFO: [ app_end ] --START--
INFO: Run Behavior\ShowPageTraceBehavior [ RunTime:0.002000s ]
INFO: [ app_end ] --END-- [ RunTime:0.002000s ]

[ 2017-03-27T23:34:23+08:00 ] ::1 /ykj/index.php/Admin/Article/lst
INFO: [ app_init ] --START--
INFO: Run Behavior\BuildLiteBehavior [ RunTime:0.000000s ]
INFO: [ app_init ] --END-- [ RunTime:0.001000s ]
NOTIC: [8] Use of undefined constant TMPL_PARSE_STRING - assumed 'TMPL_PARSE_STRING' F:\AppServ\www\ykj\Application\Admin\Conf\config.php 第 3 行.
INFO: [ app_begin ] --START--
INFO: Run Behavior\ReadHtmlCacheBehavior [ RunTime:0.000000s ]
INFO: [ app_begin ] --END-- [ RunTime:0.000000s ]
SQL: SHOW COLUMNS FROM `ykj_article` [ RunTime:0.0010s ]
SQL: SHOW COLUMNS FROM `ykj_cate` [ RunTime:0.0000s ]
SQL: SELECT COUNT(*) AS tp_count FROM ykj_article Article LEFT JOIN ykj_cate Cate ON Article.cateid=Cate.id LIMIT 1   [ RunTime:0.0000s ]
SQL: SELECT Article.id AS id,Article.title AS title,Article.pic AS pic,Article.descr AS descr,Cate.catename AS catename FROM ykj_article Article LEFT JOIN ykj_cate Cate ON Article.cateid=Cate.id ORDER BY Article.id ASC LIMIT 0,6   [ RunTime:0.0000s ]
INFO: [ view_parse ] --START--
INFO: [ template_filter ] --START--
INFO: Run Behavior\ContentReplaceBehavior [ RunTime:0.001000s ]
INFO: [ template_filter ] --END-- [ RunTime:0.001000s ]
NOTIC: [8] Undefined index: sort F:\AppServ\www\ykj\Application\Runtime\Cache\Admin\3233ce5cce332a117b52d9b8831cbcfa.php 第 116 行.
NOTIC: [8] Undefined index: sort F:\AppServ\www\ykj\Application\Runtime\Cache\Admin\3233ce5cce332a117b52d9b8831cbcfa.php 第 116 行.
NOTIC: [8] Undefined index: sort F:\AppServ\www\ykj\Application\Runtime\Cache\Admin\3233ce5cce332a117b52d9b8831cbcfa.php 第 116 行.
NOTIC: [8] Undefined index: sort F:\AppServ\www\ykj\Application\Runtime\Cache\Admin\3233ce5cce332a117b52d9b8831cbcfa.php 第 116 行.
NOTIC: [8] Undefined index: sort F:\AppServ\www\ykj\Application\Runtime\Cache\Admin\3233ce5cce332a117b52d9b8831cbcfa.php 第 116 行.
NOTIC: [8] Undefined index: sort F:\AppServ\www\ykj\Application\Runtime\Cache\Admin\3233ce5cce332a117b52d9b8831cbcfa.php 第 116 行.
INFO: Run Behavior\ParseTemplateBehavior [ RunTime:0.014000s ]
INFO: [ view_parse ] --END-- [ RunTime:0.014000s ]
INFO: [ view_filter ] --START--
INFO: Run Behavior\WriteHtmlCacheBehavior [ RunTime:0.000000s ]
INFO: [ view_filter ] --END-- [ RunTime:0.000000s ]
INFO: [ app_end ] --START--
INFO: Run Behavior\ShowPageTraceBehavior [ RunTime:0.001000s ]
INFO: [ app_end ] --END-- [ RunTime:0.001000s ]

[ 2017-03-27T23:34:38+08:00 ] ::1 /ykj/index.php/Admin/Article/lst
INFO: [ app_init ] --START--
INFO: Run Behavior\BuildLiteBehavior [ RunTime:0.000000s ]
INFO: [ app_init ] --END-- [ RunTime:0.002000s ]
NOTIC: [8] Use of undefined constant TMPL_PARSE_STRING - assumed 'TMPL_PARSE_STRING' F:\AppServ\www\ykj\Application\Admin\Conf\config.php 第 3 行.
INFO: [ app_begin ] --START--
INFO: Run Behavior\ReadHtmlCacheBehavior [ RunTime:0.001001s ]
INFO: [ app_begin ] --END-- [ RunTime:0.001001s ]
SQL: SHOW COLUMNS FROM `ykj_article` [ RunTime:0.0000s ]
SQL: SHOW COLUMNS FROM `ykj_cate` [ RunTime:0.0000s ]
SQL: SELECT COUNT(*) AS tp_count FROM ykj_article Article LEFT JOIN ykj_cate Cate ON Article.cateid=Cate.id LIMIT 1   [ RunTime:0.0000s ]
SQL: SELECT Article.id AS id,Article.title AS title,Article.pic AS pic,Article.descr AS descr,Cate.catename AS catename FROM ykj_article Article LEFT JOIN ykj_cate Cate ON Article.cateid=Cate.id ORDER BY Article.id ASC LIMIT 0,6   [ RunTime:0.0010s ]
INFO: [ view_parse ] --START--
INFO: [ template_filter ] --START--
INFO: Run Behavior\ContentReplaceBehavior [ RunTime:0.000000s ]
INFO: [ template_filter ] --END-- [ RunTime:0.001001s ]
NOTIC: [8] Undefined index: sort F:\AppServ\www\ykj\Application\Runtime\Cache\Admin\3233ce5cce332a117b52d9b8831cbcfa.php 第 116 行.
NOTIC: [8] Undefined index: sort F:\AppServ\www\ykj\Application\Runtime\Cache\Admin\3233ce5cce332a117b52d9b8831cbcfa.php 第 116 行.
NOTIC: [8] Undefined index: sort F:\AppServ\www\ykj\Application\Runtime\Cache\Admin\3233ce5cce332a117b52d9b8831cbcfa.php 第 116 行.
NOTIC: [8] Undefined index: sort F:\AppServ\www\ykj\Application\Runtime\Cache\Admin\3233ce5cce332a117b52d9b8831cbcfa.php 第 116 行.
NOTIC: [8] Undefined index: sort F:\AppServ\www\ykj\Application\Runtime\Cache\Admin\3233ce5cce332a117b52d9b8831cbcfa.php 第 116 行.
NOTIC: [8] Undefined index: sort F:\AppServ\www\ykj\Application\Runtime\Cache\Admin\3233ce5cce332a117b52d9b8831cbcfa.php 第 116 行.
INFO: Run Behavior\ParseTemplateBehavior [ RunTime:0.014001s ]
INFO: [ view_parse ] --END-- [ RunTime:0.014001s ]
INFO: [ view_filter ] --START--
INFO: Run Behavior\WriteHtmlCacheBehavior [ RunTime:0.000000s ]
INFO: [ view_filter ] --END-- [ RunTime:0.000000s ]
INFO: [ app_end ] --START--
INFO: Run Behavior\ShowPageTraceBehavior [ RunTime:0.001000s ]
INFO: [ app_end ] --END-- [ RunTime:0.001000s ]

[ 2017-03-27T23:34:39+08:00 ] ::1 /ykj/index.php/Admin/Cate/lst
INFO: [ app_init ] --START--
INFO: Run Behavior\BuildLiteBehavior [ RunTime:0.000000s ]
INFO: [ app_init ] --END-- [ RunTime:0.000000s ]
NOTIC: [8] Use of undefined constant TMPL_PARSE_STRING - assumed 'TMPL_PARSE_STRING' F:\AppServ\www\ykj\Application\Admin\Conf\config.php 第 3 行.
INFO: [ app_begin ] --START--
INFO: Run Behavior\ReadHtmlCacheBehavior [ RunTime:0.001000s ]
INFO: [ app_begin ] --END-- [ RunTime:0.001000s ]
SQL: SHOW COLUMNS FROM `ykj_cate` [ RunTime:0.0010s ]
SQL: SELECT * FROM `ykj_cate` ORDER BY sort  [ RunTime:0.0010s ]
INFO: [ view_parse ] --START--
INFO: [ template_filter ] --START--
INFO: Run Behavior\ContentReplaceBehavior [ RunTime:0.001000s ]
INFO: [ template_filter ] --END-- [ RunTime:0.001000s ]
INFO: Run Behavior\ParseTemplateBehavior [ RunTime:0.013001s ]
INFO: [ view_parse ] --END-- [ RunTime:0.013001s ]
INFO: [ view_filter ] --START--
INFO: Run Behavior\WriteHtmlCacheBehavior [ RunTime:0.001000s ]
INFO: [ view_filter ] --END-- [ RunTime:0.001000s ]
INFO: [ app_end ] --START--
INFO: Run Behavior\ShowPageTraceBehavior [ RunTime:0.001000s ]
INFO: [ app_end ] --END-- [ RunTime:0.001000s ]

[ 2017-03-27T23:34:44+08:00 ] ::1 /ykj/index.php/Admin/Link/lst
INFO: [ app_init ] --START--
INFO: Run Behavior\BuildLiteBehavior [ RunTime:0.000000s ]
INFO: [ app_init ] --END-- [ RunTime:0.001000s ]
NOTIC: [8] Use of undefined constant TMPL_PARSE_STRING - assumed 'TMPL_PARSE_STRING' F:\AppServ\www\ykj\Application\Admin\Conf\config.php 第 3 行.
INFO: [ app_begin ] --START--
INFO: Run Behavior\ReadHtmlCacheBehavior [ RunTime:0.001001s ]
INFO: [ app_begin ] --END-- [ RunTime:0.001001s ]
SQL: SHOW COLUMNS FROM `ykj_link` [ RunTime:0.0010s ]
SQL: SELECT COUNT(*) AS tp_count FROM `ykj_link` LIMIT 1   [ RunTime:0.0010s ]
SQL: SELECT * FROM `ykj_link` ORDER BY id LIMIT 0,4   [ RunTime:0.0010s ]
INFO: [ view_parse ] --START--
INFO: [ template_filter ] --START--
INFO: Run Behavior\ContentReplaceBehavior [ RunTime:0.000000s ]
INFO: [ template_filter ] --END-- [ RunTime:0.000000s ]
NOTIC: [8] Undefined index: sort F:\AppServ\www\ykj\Application\Runtime\Cache\Admin\65e4f6df08c62e8a208c27167d615170.php 第 115 行.
NOTIC: [8] Undefined index: sort F:\AppServ\www\ykj\Application\Runtime\Cache\Admin\65e4f6df08c62e8a208c27167d615170.php 第 115 行.
NOTIC: [8] Undefined index: sort F:\AppServ\www\ykj\Application\Runtime\Cache\Admin\65e4f6df08c62e8a208c27167d615170.php 第 115 行.
NOTIC: [8] Undefined index: sort F:\AppServ\www\ykj\Application\Runtime\Cache\Admin\65e4f6df08c62e8a208c27167d615170.php 第 115 行.
INFO: Run Behavior\ParseTemplateBehavior [ RunTime:0.013001s ]
INFO: [ view_parse ] --END-- [ RunTime:0.014001s ]
INFO: [ view_filter ] --START--
INFO: Run Behavior\WriteHtmlCacheBehavior [ RunTime:0.000000s ]
INFO: [ view_filter ] --END-- [ RunTime:0.000000s ]
INFO: [ app_end ] --START--
INFO: Run Behavior\ShowPageTraceBehavior [ RunTime:0.001000s ]
INFO: [ app_end ] --END-- [ RunTime:0.001000s ]

[ 2017-03-27T23:34:48+08:00 ] ::1 /ykj/index.php/Admin/Admin/lst
INFO: [ app_init ] --START--
INFO: Run Behavior\BuildLiteBehavior [ RunTime:0.000000s ]
INFO: [ app_init ] --END-- [ RunTime:0.000000s ]
NOTIC: [8] Use of undefined constant TMPL_PARSE_STRING - assumed 'TMPL_PARSE_STRING' F:\AppServ\www\ykj\Application\Admin\Conf\config.php 第 3 行.
INFO: [ app_begin ] --START--
INFO: Run Behavior\ReadHtmlCacheBehavior [ RunTime:0.000000s ]
INFO: [ app_begin ] --END-- [ RunTime:0.001000s ]
SQL: SHOW COLUMNS FROM `ykj_admin` [ RunTime:0.0010s ]
SQL: SELECT * FROM `ykj_admin`  [ RunTime:0.0000s ]
INFO: [ view_parse ] --START--
INFO: [ template_filter ] --START--
INFO: Run Behavior\ContentReplaceBehavior [ RunTime:0.000000s ]
INFO: [ template_filter ] --END-- [ RunTime:0.000000s ]
INFO: Run Behavior\ParseTemplateBehavior [ RunTime:0.014001s ]
INFO: [ view_parse ] --END-- [ RunTime:0.014001s ]
INFO: [ view_filter ] --START--
INFO: Run Behavior\WriteHtmlCacheBehavior [ RunTime:0.000000s ]
INFO: [ view_filter ] --END-- [ RunTime:0.000000s ]
INFO: [ app_end ] --START--
INFO: Run Behavior\ShowPageTraceBehavior [ RunTime:0.001000s ]
INFO: [ app_end ] --END-- [ RunTime:0.001000s ]

[ 2017-03-27T23:34:57+08:00 ] ::1 /ykj/index.php/Admin/Admin/lst
INFO: [ app_init ] --START--
INFO: Run Behavior\BuildLiteBehavior [ RunTime:0.001000s ]
INFO: [ app_init ] --END-- [ RunTime:0.001000s ]
NOTIC: [8] Use of undefined constant TMPL_PARSE_STRING - assumed 'TMPL_PARSE_STRING' F:\AppServ\www\ykj\Application\Admin\Conf\config.php 第 3 行.
INFO: [ app_begin ] --START--
INFO: Run Behavior\ReadHtmlCacheBehavior [ RunTime:0.001000s ]
INFO: [ app_begin ] --END-- [ RunTime:0.001000s ]
SQL: SHOW COLUMNS FROM `ykj_admin` [ RunTime:0.0010s ]
SQL: SELECT * FROM `ykj_admin`  [ RunTime:0.0010s ]
INFO: [ view_parse ] --START--
INFO: [ template_filter ] --START--
INFO: Run Behavior\ContentReplaceBehavior [ RunTime:0.000000s ]
INFO: [ template_filter ] --END-- [ RunTime:0.001000s ]
INFO: Run Behavior\ParseTemplateBehavior [ RunTime:0.012001s ]
INFO: [ view_parse ] --END-- [ RunTime:0.012001s ]
INFO: [ view_filter ] --START--
INFO: Run Behavior\WriteHtmlCacheBehavior [ RunTime:0.001000s ]
INFO: [ view_filter ] --END-- [ RunTime:0.001000s ]
INFO: [ app_end ] --START--
INFO: Run Behavior\ShowPageTraceBehavior [ RunTime:0.001000s ]
INFO: [ app_end ] --END-- [ RunTime:0.001000s ]

[ 2017-03-27T23:34:57+08:00 ] ::1 /ykj/index.php/Admin/Link/lst
INFO: [ app_init ] --START--
INFO: Run Behavior\BuildLiteBehavior [ RunTime:0.000000s ]
INFO: [ app_init ] --END-- [ RunTime:0.001000s ]
NOTIC: [8] Use of undefined constant TMPL_PARSE_STRING - assumed 'TMPL_PARSE_STRING' F:\AppServ\www\ykj\Application\Admin\Conf\config.php 第 3 行.
INFO: [ app_begin ] --START--
INFO: Run Behavior\ReadHtmlCacheBehavior [ RunTime:0.001001s ]
INFO: [ app_begin ] --END-- [ RunTime:0.001001s ]
SQL: SHOW COLUMNS FROM `ykj_link` [ RunTime:0.0010s ]
SQL: SELECT COUNT(*) AS tp_count FROM `ykj_link` LIMIT 1   [ RunTime:0.0010s ]
SQL: SELECT * FROM `ykj_link` ORDER BY id LIMIT 0,4   [ RunTime:0.0000s ]
INFO: [ view_parse ] --START--
INFO: [ template_filter ] --START--
INFO: Run Behavior\ContentReplaceBehavior [ RunTime:0.000000s ]
INFO: [ template_filter ] --END-- [ RunTime:0.000000s ]
NOTIC: [8] Undefined index: sort F:\AppServ\www\ykj\Application\Runtime\Cache\Admin\65e4f6df08c62e8a208c27167d615170.php 第 115 行.
NOTIC: [8] Undefined index: sort F:\AppServ\www\ykj\Application\Runtime\Cache\Admin\65e4f6df08c62e8a208c27167d615170.php 第 115 行.
NOTIC: [8] Undefined index: sort F:\AppServ\www\ykj\Application\Runtime\Cache\Admin\65e4f6df08c62e8a208c27167d615170.php 第 115 行.
NOTIC: [8] Undefined index: sort F:\AppServ\www\ykj\Application\Runtime\Cache\Admin\65e4f6df08c62e8a208c27167d615170.php 第 115 行.
INFO: Run Behavior\ParseTemplateBehavior [ RunTime:0.013001s ]
INFO: [ view_parse ] --END-- [ RunTime:0.013001s ]
INFO: [ view_filter ] --START--
INFO: Run Behavior\WriteHtmlCacheBehavior [ RunTime:0.001000s ]
INFO: [ view_filter ] --END-- [ RunTime:0.001000s ]
INFO: [ app_end ] --START--
INFO: Run Behavior\ShowPageTraceBehavior [ RunTime:0.001000s ]
INFO: [ app_end ] --END-- [ RunTime:0.001000s ]

[ 2017-03-27T23:34:58+08:00 ] ::1 /ykj/index.php/Admin/Cate/lst
INFO: [ app_init ] --START--
INFO: Run Behavior\BuildLiteBehavior [ RunTime:0.000000s ]
INFO: [ app_init ] --END-- [ RunTime:0.001000s ]
NOTIC: [8] Use of undefined constant TMPL_PARSE_STRING - assumed 'TMPL_PARSE_STRING' F:\AppServ\www\ykj\Application\Admin\Conf\config.php 第 3 行.
INFO: [ app_begin ] --START--
INFO: Run Behavior\ReadHtmlCacheBehavior [ RunTime:0.001000s ]
INFO: [ app_begin ] --END-- [ RunTime:0.001000s ]
SQL: SHOW COLUMNS FROM `ykj_cate` [ RunTime:0.0010s ]
SQL: SELECT * FROM `ykj_cate` ORDER BY sort  [ RunTime:0.0000s ]
INFO: [ view_parse ] --START--
INFO: [ template_filter ] --START--
INFO: Run Behavior\ContentReplaceBehavior [ RunTime:0.000000s ]
INFO: [ template_filter ] --END-- [ RunTime:0.000000s ]
INFO: Run Behavior\ParseTemplateBehavior [ RunTime:0.013001s ]
INFO: [ view_parse ] --END-- [ RunTime:0.013001s ]
INFO: [ view_filter ] --START--
INFO: Run Behavior\WriteHtmlCacheBehavior [ RunTime:0.001000s ]
INFO: [ view_filter ] --END-- [ RunTime:0.001000s ]
INFO: [ app_end ] --START--
INFO: Run Behavior\ShowPageTraceBehavior [ RunTime:0.001000s ]
INFO: [ app_end ] --END-- [ RunTime:0.001000s ]

[ 2017-03-27T23:34:58+08:00 ] ::1 /ykj/index.php/Admin/Article/lst
INFO: [ app_init ] --START--
INFO: Run Behavior\BuildLiteBehavior [ RunTime:0.000000s ]
INFO: [ app_init ] --END-- [ RunTime:0.001000s ]
NOTIC: [8] Use of undefined constant TMPL_PARSE_STRING - assumed 'TMPL_PARSE_STRING' F:\AppServ\www\ykj\Application\Admin\Conf\config.php 第 3 行.
INFO: [ app_begin ] --START--
INFO: Run Behavior\ReadHtmlCacheBehavior [ RunTime:0.000000s ]
INFO: [ app_begin ] --END-- [ RunTime:0.000000s ]
SQL: SHOW COLUMNS FROM `ykj_article` [ RunTime:0.0010s ]
SQL: SHOW COLUMNS FROM `ykj_cate` [ RunTime:0.0000s ]
SQL: SELECT COUNT(*) AS tp_count FROM ykj_article Article LEFT JOIN ykj_cate Cate ON Article.cateid=Cate.id LIMIT 1   [ RunTime:0.0000s ]
SQL: SELECT Article.id AS id,Article.title AS title,Article.pic AS pic,Article.descr AS descr,Cate.catename AS catename FROM ykj_article Article LEFT JOIN ykj_cate Cate ON Article.cateid=Cate.id ORDER BY Article.id ASC LIMIT 0,6   [ RunTime:0.0000s ]
INFO: [ view_parse ] --START--
INFO: [ template_filter ] --START--
INFO: Run Behavior\ContentReplaceBehavior [ RunTime:0.000000s ]
INFO: [ template_filter ] --END-- [ RunTime:0.000000s ]
NOTIC: [8] Undefined index: sort F:\AppServ\www\ykj\Application\Runtime\Cache\Admin\3233ce5cce332a117b52d9b8831cbcfa.php 第 116 行.
NOTIC: [8] Undefined index: sort F:\AppServ\www\ykj\Application\Runtime\Cache\Admin\3233ce5cce332a117b52d9b8831cbcfa.php 第 116 行.
NOTIC: [8] Undefined index: sort F:\AppServ\www\ykj\Application\Runtime\Cache\Admin\3233ce5cce332a117b52d9b8831cbcfa.php 第 116 行.
NOTIC: [8] Undefined index: sort F:\AppServ\www\ykj\Application\Runtime\Cache\Admin\3233ce5cce332a117b52d9b8831cbcfa.php 第 116 行.
NOTIC: [8] Undefined index: sort F:\AppServ\www\ykj\Application\Runtime\Cache\Admin\3233ce5cce332a117b52d9b8831cbcfa.php 第 116 行.
NOTIC: [8] Undefined index: sort F:\AppServ\www\ykj\Application\Runtime\Cache\Admin\3233ce5cce332a117b52d9b8831cbcfa.php 第 116 行.
INFO: Run Behavior\ParseTemplateBehavior [ RunTime:0.013001s ]
INFO: [ view_parse ] --END-- [ RunTime:0.013001s ]
INFO: [ view_filter ] --START--
INFO: Run Behavior\WriteHtmlCacheBehavior [ RunTime:0.001000s ]
INFO: [ view_filter ] --END-- [ RunTime:0.001000s ]
INFO: [ app_end ] --START--
INFO: Run Behavior\ShowPageTraceBehavior [ RunTime:0.001000s ]
INFO: [ app_end ] --END-- [ RunTime:0.001000s ]

[ 2017-03-27T23:34:58+08:00 ] ::1 /ykj/index.php/Admin/Admin/lst
INFO: [ app_init ] --START--
INFO: Run Behavior\BuildLiteBehavior [ RunTime:0.000000s ]
INFO: [ app_init ] --END-- [ RunTime:0.001000s ]
NOTIC: [8] Use of undefined constant TMPL_PARSE_STRING - assumed 'TMPL_PARSE_STRING' F:\AppServ\www\ykj\Application\Admin\Conf\config.php 第 3 行.
INFO: [ app_begin ] --START--
INFO: Run Behavior\ReadHtmlCacheBehavior [ RunTime:0.001000s ]
INFO: [ app_begin ] --END-- [ RunTime:0.001000s ]
SQL: SHOW COLUMNS FROM `ykj_admin` [ RunTime:0.0020s ]
SQL: SELECT * FROM `ykj_admin`  [ RunTime:0.0000s ]
INFO: [ view_parse ] --START--
INFO: [ template_filter ] --START--
INFO: Run Behavior\ContentReplaceBehavior [ RunTime:0.000000s ]
INFO: [ template_filter ] --END-- [ RunTime:0.000000s ]
INFO: Run Behavior\ParseTemplateBehavior [ RunTime:0.013001s ]
INFO: [ view_parse ] --END-- [ RunTime:0.013001s ]
INFO: [ view_filter ] --START--
INFO: Run Behavior\WriteHtmlCacheBehavior [ RunTime:0.001000s ]
INFO: [ view_filter ] --END-- [ RunTime:0.001000s ]
INFO: [ app_end ] --START--
INFO: Run Behavior\ShowPageTraceBehavior [ RunTime:0.001000s ]
INFO: [ app_end ] --END-- [ RunTime:0.001000s ]

[ 2017-03-27T23:34:59+08:00 ] ::1 /ykj/index.php/Admin/Link/lst
INFO: [ app_init ] --START--
INFO: Run Behavior\BuildLiteBehavior [ RunTime:0.000000s ]
INFO: [ app_init ] --END-- [ RunTime:0.002000s ]
NOTIC: [8] Use of undefined constant TMPL_PARSE_STRING - assumed 'TMPL_PARSE_STRING' F:\AppServ\www\ykj\Application\Admin\Conf\config.php 第 3 行.
INFO: [ app_begin ] --START--
INFO: Run Behavior\ReadHtmlCacheBehavior [ RunTime:0.002000s ]
INFO: [ app_begin ] --END-- [ RunTime:0.002000s ]
SQL: SHOW COLUMNS FROM `ykj_link` [ RunTime:0.0010s ]
SQL: SELECT COUNT(*) AS tp_count FROM `ykj_link` LIMIT 1   [ RunTime:0.0010s ]
SQL: SELECT * FROM `ykj_link` ORDER BY id LIMIT 0,4   [ RunTime:0.0010s ]
INFO: [ view_parse ] --START--
INFO: [ template_filter ] --START--
INFO: Run Behavior\ContentReplaceBehavior [ RunTime:0.000000s ]
INFO: [ template_filter ] --END-- [ RunTime:0.000000s ]
NOTIC: [8] Undefined index: sort F:\AppServ\www\ykj\Application\Runtime\Cache\Admin\65e4f6df08c62e8a208c27167d615170.php 第 115 行.
NOTIC: [8] Undefined index: sort F:\AppServ\www\ykj\Application\Runtime\Cache\Admin\65e4f6df08c62e8a208c27167d615170.php 第 115 行.
NOTIC: [8] Undefined index: sort F:\AppServ\www\ykj\Application\Runtime\Cache\Admin\65e4f6df08c62e8a208c27167d615170.php 第 115 行.
NOTIC: [8] Undefined index: sort F:\AppServ\www\ykj\Application\Runtime\Cache\Admin\65e4f6df08c62e8a208c27167d615170.php 第 115 行.
INFO: Run Behavior\ParseTemplateBehavior [ RunTime:0.014001s ]
INFO: [ view_parse ] --END-- [ RunTime:0.014001s ]
INFO: [ view_filter ] --START--
INFO: Run Behavior\WriteHtmlCacheBehavior [ RunTime:0.001000s ]
INFO: [ view_filter ] --END-- [ RunTime:0.001000s ]
INFO: [ app_end ] --START--
INFO: Run Behavior\ShowPageTraceBehavior [ RunTime:0.001000s ]
INFO: [ app_end ] --END-- [ RunTime:0.001000s ]

[ 2017-03-27T23:34:59+08:00 ] ::1 /ykj/index.php/Admin/Article/lst
INFO: [ app_init ] --START--
INFO: Run Behavior\BuildLiteBehavior [ RunTime:0.000000s ]
INFO: [ app_init ] --END-- [ RunTime:0.001000s ]
NOTIC: [8] Use of undefined constant TMPL_PARSE_STRING - assumed 'TMPL_PARSE_STRING' F:\AppServ\www\ykj\Application\Admin\Conf\config.php 第 3 行.
INFO: [ app_begin ] --START--
INFO: Run Behavior\ReadHtmlCacheBehavior [ RunTime:0.000000s ]
INFO: [ app_begin ] --END-- [ RunTime:0.000000s ]
SQL: SHOW COLUMNS FROM `ykj_article` [ RunTime:0.0010s ]
SQL: SHOW COLUMNS FROM `ykj_cate` [ RunTime:0.0010s ]
SQL: SELECT COUNT(*) AS tp_count FROM ykj_article Article LEFT JOIN ykj_cate Cate ON Article.cateid=Cate.id LIMIT 1   [ RunTime:0.0010s ]
SQL: SELECT Article.id AS id,Article.title AS title,Article.pic AS pic,Article.descr AS descr,Cate.catename AS catename FROM ykj_article Article LEFT JOIN ykj_cate Cate ON Article.cateid=Cate.id ORDER BY Article.id ASC LIMIT 0,6   [ RunTime:0.0010s ]
INFO: [ view_parse ] --START--
INFO: [ template_filter ] --START--
INFO: Run Behavior\ContentReplaceBehavior [ RunTime:0.000000s ]
INFO: [ template_filter ] --END-- [ RunTime:0.000000s ]
NOTIC: [8] Undefined index: sort F:\AppServ\www\ykj\Application\Runtime\Cache\Admin\3233ce5cce332a117b52d9b8831cbcfa.php 第 116 行.
NOTIC: [8] Undefined index: sort F:\AppServ\www\ykj\Application\Runtime\Cache\Admin\3233ce5cce332a117b52d9b8831cbcfa.php 第 116 行.
NOTIC: [8] Undefined index: sort F:\AppServ\www\ykj\Application\Runtime\Cache\Admin\3233ce5cce332a117b52d9b8831cbcfa.php 第 116 行.
NOTIC: [8] Undefined index: sort F:\AppServ\www\ykj\Application\Runtime\Cache\Admin\3233ce5cce332a117b52d9b8831cbcfa.php 第 116 行.
NOTIC: [8] Undefined index: sort F:\AppServ\www\ykj\Application\Runtime\Cache\Admin\3233ce5cce332a117b52d9b8831cbcfa.php 第 116 行.
NOTIC: [8] Undefined index: sort F:\AppServ\www\ykj\Application\Runtime\Cache\Admin\3233ce5cce332a117b52d9b8831cbcfa.php 第 116 行.
INFO: Run Behavior\ParseTemplateBehavior [ RunTime:0.015001s ]
INFO: [ view_parse ] --END-- [ RunTime:0.015001s ]
INFO: [ view_filter ] --START--
INFO: Run Behavior\WriteHtmlCacheBehavior [ RunTime:0.001000s ]
INFO: [ view_filter ] --END-- [ RunTime:0.001000s ]
INFO: [ app_end ] --START--
INFO: Run Behavior\ShowPageTraceBehavior [ RunTime:0.001000s ]
INFO: [ app_end ] --END-- [ RunTime:0.001000s ]

