[ 2017-03-27T18:13:32+08:00 ] ::1 /ykj/
INFO: [ app_init ] --START--
INFO: Run Behavior\BuildLiteBehavior [ RunTime:0.000000s ]
INFO: [ app_init ] --END-- [ RunTime:0.001001s ]
INFO: [ app_begin ] --START--
INFO: Run Behavior\ReadHtmlCacheBehavior [ RunTime:0.001000s ]
INFO: [ app_begin ] --END-- [ RunTime:0.001000s ]
SQL: SHOW COLUMNS FROM `ykj_cate` [ RunTime:0.0650s ]
SQL: SELECT * FROM `ykj_cate` ORDER BY sort  [ RunTime:0.0010s ]
SQL: SHOW COLUMNS FROM `ykj_article` [ RunTime:0.0010s ]
SQL: SELECT * FROM `ykj_article` ORDER BY time desc LIMIT 8   [ RunTime:0.0010s ]
SQL: SHOW COLUMNS FROM `ykj_link` [ RunTime:0.0010s ]
SQL: SELECT * FROM `ykj_link`  [ RunTime:0.0010s ]
SQL: SELECT COUNT(*) AS tp_count FROM `ykj_article` LIMIT 1   [ RunTime:0.0000s ]
SQL: SELECT * FROM `ykj_article` LIMIT 0,4   [ RunTime:0.0010s ]
INFO: [ view_parse ] --START--
INFO: [ template_filter ] --START--
INFO: Run Behavior\ContentReplaceBehavior [ RunTime:0.000000s ]
INFO: [ template_filter ] --END-- [ RunTime:0.000000s ]
NOTIC: [8] Undefined variable: cateid F:\AppServ\www\ykj\Application\Runtime\Cache\Home\2a94b8bda04ff446dcedd42276fc99ee.php 第 43 行.
NOTIC: [8] Undefined variable: cateid F:\AppServ\www\ykj\Application\Runtime\Cache\Home\2a94b8bda04ff446dcedd42276fc99ee.php 第 43 行.
NOTIC: [8] Undefined variable: cateid F:\AppServ\www\ykj\Application\Runtime\Cache\Home\2a94b8bda04ff446dcedd42276fc99ee.php 第 43 行.
NOTIC: [8] Undefined variable: cateid F:\AppServ\www\ykj\Application\Runtime\Cache\Home\2a94b8bda04ff446dcedd42276fc99ee.php 第 43 行.
NOTIC: [8] Undefined variable: cateid F:\AppServ\www\ykj\Application\Runtime\Cache\Home\2a94b8bda04ff446dcedd42276fc99ee.php 第 43 行.
INFO: Run Behavior\ParseTemplateBehavior [ RunTime:0.020001s ]
INFO: [ view_parse ] --END-- [ RunTime:0.020001s ]
INFO: [ view_filter ] --START--
INFO: Run Behavior\WriteHtmlCacheBehavior [ RunTime:0.000000s ]
INFO: [ view_filter ] --END-- [ RunTime:0.000000s ]
INFO: [ app_end ] --START--
INFO: Run Behavior\ShowPageTraceBehavior [ RunTime:0.001000s ]
INFO: [ app_end ] --END-- [ RunTime:0.001000s ]

[ 2017-03-27T18:13:36+08:00 ] ::1 /ykj/index.php/Home/Index/index/p/2.html
INFO: [ app_init ] --START--
INFO: Run Behavior\BuildLiteBehavior [ RunTime:0.000000s ]
INFO: [ app_init ] --END-- [ RunTime:0.001000s ]
INFO: [ app_begin ] --START--
INFO: Run Behavior\ReadHtmlCacheBehavior [ RunTime:0.001000s ]
INFO: [ app_begin ] --END-- [ RunTime:0.001000s ]
SQL: SHOW COLUMNS FROM `ykj_cate` [ RunTime:0.0570s ]
SQL: SELECT * FROM `ykj_cate` ORDER BY sort  [ RunTime:0.0010s ]
SQL: SHOW COLUMNS FROM `ykj_article` [ RunTime:0.0040s ]
SQL: SELECT * FROM `ykj_article` ORDER BY time desc LIMIT 8   [ RunTime:0.0040s ]
SQL: SHOW COLUMNS FROM `ykj_link` [ RunTime:0.0020s ]
SQL: SELECT * FROM `ykj_link`  [ RunTime:0.0010s ]
SQL: SELECT COUNT(*) AS tp_count FROM `ykj_article` LIMIT 1   [ RunTime:0.0010s ]
SQL: SELECT * FROM `ykj_article` LIMIT 4,4   [ RunTime:0.0010s ]
INFO: [ view_parse ] --START--
INFO: [ template_filter ] --START--
INFO: Run Behavior\ContentReplaceBehavior [ RunTime:0.000000s ]
INFO: [ template_filter ] --END-- [ RunTime:0.000000s ]
NOTIC: [8] Undefined variable: cateid F:\AppServ\www\ykj\Application\Runtime\Cache\Home\2a94b8bda04ff446dcedd42276fc99ee.php 第 43 行.
NOTIC: [8] Undefined variable: cateid F:\AppServ\www\ykj\Application\Runtime\Cache\Home\2a94b8bda04ff446dcedd42276fc99ee.php 第 43 行.
NOTIC: [8] Undefined variable: cateid F:\AppServ\www\ykj\Application\Runtime\Cache\Home\2a94b8bda04ff446dcedd42276fc99ee.php 第 43 行.
NOTIC: [8] Undefined variable: cateid F:\AppServ\www\ykj\Application\Runtime\Cache\Home\2a94b8bda04ff446dcedd42276fc99ee.php 第 43 行.
NOTIC: [8] Undefined variable: cateid F:\AppServ\www\ykj\Application\Runtime\Cache\Home\2a94b8bda04ff446dcedd42276fc99ee.php 第 43 行.
INFO: Run Behavior\ParseTemplateBehavior [ RunTime:0.024001s ]
INFO: [ view_parse ] --END-- [ RunTime:0.024001s ]
INFO: [ view_filter ] --START--
INFO: Run Behavior\WriteHtmlCacheBehavior [ RunTime:0.001000s ]
INFO: [ view_filter ] --END-- [ RunTime:0.001000s ]
INFO: [ app_end ] --START--
INFO: Run Behavior\ShowPageTraceBehavior [ RunTime:0.001000s ]
INFO: [ app_end ] --END-- [ RunTime:0.001000s ]

[ 2017-03-27T18:13:39+08:00 ] ::1 /ykj/index.php/Home/Index/index/p/3.html
INFO: [ app_init ] --START--
INFO: Run Behavior\BuildLiteBehavior [ RunTime:0.000000s ]
INFO: [ app_init ] --END-- [ RunTime:0.001000s ]
INFO: [ app_begin ] --START--
INFO: Run Behavior\ReadHtmlCacheBehavior [ RunTime:0.001000s ]
INFO: [ app_begin ] --END-- [ RunTime:0.001000s ]
SQL: SHOW COLUMNS FROM `ykj_cate` [ RunTime:0.0020s ]
SQL: SELECT * FROM `ykj_cate` ORDER BY sort  [ RunTime:0.0010s ]
SQL: SHOW COLUMNS FROM `ykj_article` [ RunTime:0.0010s ]
SQL: SELECT * FROM `ykj_article` ORDER BY time desc LIMIT 8   [ RunTime:0.0010s ]
SQL: SHOW COLUMNS FROM `ykj_link` [ RunTime:0.0010s ]
SQL: SELECT * FROM `ykj_link`  [ RunTime:0.0010s ]
SQL: SELECT COUNT(*) AS tp_count FROM `ykj_article` LIMIT 1   [ RunTime:0.0000s ]
SQL: SELECT * FROM `ykj_article` LIMIT 8,4   [ RunTime:0.0010s ]
INFO: [ view_parse ] --START--
INFO: [ template_filter ] --START--
INFO: Run Behavior\ContentReplaceBehavior [ RunTime:0.000000s ]
INFO: [ template_filter ] --END-- [ RunTime:0.000000s ]
NOTIC: [8] Undefined variable: cateid F:\AppServ\www\ykj\Application\Runtime\Cache\Home\2a94b8bda04ff446dcedd42276fc99ee.php 第 43 行.
NOTIC: [8] Undefined variable: cateid F:\AppServ\www\ykj\Application\Runtime\Cache\Home\2a94b8bda04ff446dcedd42276fc99ee.php 第 43 行.
NOTIC: [8] Undefined variable: cateid F:\AppServ\www\ykj\Application\Runtime\Cache\Home\2a94b8bda04ff446dcedd42276fc99ee.php 第 43 行.
NOTIC: [8] Undefined variable: cateid F:\AppServ\www\ykj\Application\Runtime\Cache\Home\2a94b8bda04ff446dcedd42276fc99ee.php 第 43 行.
NOTIC: [8] Undefined variable: cateid F:\AppServ\www\ykj\Application\Runtime\Cache\Home\2a94b8bda04ff446dcedd42276fc99ee.php 第 43 行.
INFO: Run Behavior\ParseTemplateBehavior [ RunTime:0.017001s ]
INFO: [ view_parse ] --END-- [ RunTime:0.017001s ]
INFO: [ view_filter ] --START--
INFO: Run Behavior\WriteHtmlCacheBehavior [ RunTime:0.000000s ]
INFO: [ view_filter ] --END-- [ RunTime:0.000000s ]
INFO: [ app_end ] --START--
INFO: Run Behavior\ShowPageTraceBehavior [ RunTime:0.001000s ]
INFO: [ app_end ] --END-- [ RunTime:0.001000s ]

[ 2017-03-27T18:13:44+08:00 ] ::1 /ykj/index.php/Home/Index/index/p/2.html
INFO: [ app_init ] --START--
INFO: Run Behavior\BuildLiteBehavior [ RunTime:0.000000s ]
INFO: [ app_init ] --END-- [ RunTime:0.001000s ]
INFO: [ app_begin ] --START--
INFO: Run Behavior\ReadHtmlCacheBehavior [ RunTime:0.001000s ]
INFO: [ app_begin ] --END-- [ RunTime:0.001000s ]
SQL: SHOW COLUMNS FROM `ykj_cate` [ RunTime:0.0520s ]
SQL: SELECT * FROM `ykj_cate` ORDER BY sort  [ RunTime:0.0010s ]
SQL: SHOW COLUMNS FROM `ykj_article` [ RunTime:0.0020s ]
SQL: SELECT * FROM `ykj_article` ORDER BY time desc LIMIT 8   [ RunTime:0.0040s ]
SQL: SHOW COLUMNS FROM `ykj_link` [ RunTime:0.0030s ]
SQL: SELECT * FROM `ykj_link`  [ RunTime:0.0010s ]
SQL: SELECT COUNT(*) AS tp_count FROM `ykj_article` LIMIT 1   [ RunTime:0.0030s ]
SQL: SELECT * FROM `ykj_article` LIMIT 4,4   [ RunTime:0.0030s ]
INFO: [ view_parse ] --START--
INFO: [ template_filter ] --START--
INFO: Run Behavior\ContentReplaceBehavior [ RunTime:0.000000s ]
INFO: [ template_filter ] --END-- [ RunTime:0.000000s ]
NOTIC: [8] Undefined variable: cateid F:\AppServ\www\ykj\Application\Runtime\Cache\Home\2a94b8bda04ff446dcedd42276fc99ee.php 第 43 行.
NOTIC: [8] Undefined variable: cateid F:\AppServ\www\ykj\Application\Runtime\Cache\Home\2a94b8bda04ff446dcedd42276fc99ee.php 第 43 行.
NOTIC: [8] Undefined variable: cateid F:\AppServ\www\ykj\Application\Runtime\Cache\Home\2a94b8bda04ff446dcedd42276fc99ee.php 第 43 行.
NOTIC: [8] Undefined variable: cateid F:\AppServ\www\ykj\Application\Runtime\Cache\Home\2a94b8bda04ff446dcedd42276fc99ee.php 第 43 行.
NOTIC: [8] Undefined variable: cateid F:\AppServ\www\ykj\Application\Runtime\Cache\Home\2a94b8bda04ff446dcedd42276fc99ee.php 第 43 行.
INFO: Run Behavior\ParseTemplateBehavior [ RunTime:0.030002s ]
INFO: [ view_parse ] --END-- [ RunTime:0.031002s ]
INFO: [ view_filter ] --START--
INFO: Run Behavior\WriteHtmlCacheBehavior [ RunTime:0.001000s ]
INFO: [ view_filter ] --END-- [ RunTime:0.001000s ]
INFO: [ app_end ] --START--
INFO: Run Behavior\ShowPageTraceBehavior [ RunTime:0.001000s ]
INFO: [ app_end ] --END-- [ RunTime:0.001000s ]

[ 2017-03-27T18:13:47+08:00 ] ::1 /ykj/index.php/Home/Index/index/p/1.html
INFO: [ app_init ] --START--
INFO: Run Behavior\BuildLiteBehavior [ RunTime:0.000000s ]
INFO: [ app_init ] --END-- [ RunTime:0.001000s ]
INFO: [ app_begin ] --START--
INFO: Run Behavior\ReadHtmlCacheBehavior [ RunTime:0.001000s ]
INFO: [ app_begin ] --END-- [ RunTime:0.001000s ]
SQL: SHOW COLUMNS FROM `ykj_cate` [ RunTime:0.0020s ]
SQL: SELECT * FROM `ykj_cate` ORDER BY sort  [ RunTime:0.0000s ]
SQL: SHOW COLUMNS FROM `ykj_article` [ RunTime:0.0070s ]
SQL: SELECT * FROM `ykj_article` ORDER BY time desc LIMIT 8   [ RunTime:0.0020s ]
SQL: SHOW COLUMNS FROM `ykj_link` [ RunTime:0.0000s ]
SQL: SELECT * FROM `ykj_link`  [ RunTime:0.0010s ]
SQL: SELECT COUNT(*) AS tp_count FROM `ykj_article` LIMIT 1   [ RunTime:0.0000s ]
SQL: SELECT * FROM `ykj_article` LIMIT 0,4   [ RunTime:0.0010s ]
INFO: [ view_parse ] --START--
INFO: [ template_filter ] --START--
INFO: Run Behavior\ContentReplaceBehavior [ RunTime:0.000000s ]
INFO: [ template_filter ] --END-- [ RunTime:0.000000s ]
NOTIC: [8] Undefined variable: cateid F:\AppServ\www\ykj\Application\Runtime\Cache\Home\2a94b8bda04ff446dcedd42276fc99ee.php 第 43 行.
NOTIC: [8] Undefined variable: cateid F:\AppServ\www\ykj\Application\Runtime\Cache\Home\2a94b8bda04ff446dcedd42276fc99ee.php 第 43 行.
NOTIC: [8] Undefined variable: cateid F:\AppServ\www\ykj\Application\Runtime\Cache\Home\2a94b8bda04ff446dcedd42276fc99ee.php 第 43 行.
NOTIC: [8] Undefined variable: cateid F:\AppServ\www\ykj\Application\Runtime\Cache\Home\2a94b8bda04ff446dcedd42276fc99ee.php 第 43 行.
NOTIC: [8] Undefined variable: cateid F:\AppServ\www\ykj\Application\Runtime\Cache\Home\2a94b8bda04ff446dcedd42276fc99ee.php 第 43 行.
INFO: Run Behavior\ParseTemplateBehavior [ RunTime:0.018001s ]
INFO: [ view_parse ] --END-- [ RunTime:0.018001s ]
INFO: [ view_filter ] --START--
INFO: Run Behavior\WriteHtmlCacheBehavior [ RunTime:0.001000s ]
INFO: [ view_filter ] --END-- [ RunTime:0.001000s ]
INFO: [ app_end ] --START--
INFO: Run Behavior\ShowPageTraceBehavior [ RunTime:0.001000s ]
INFO: [ app_end ] --END-- [ RunTime:0.002000s ]

[ 2017-03-27T18:13:48+08:00 ] ::1 /ykj/index.php/Home/Index/index/p/2.html
INFO: [ app_init ] --START--
INFO: Run Behavior\BuildLiteBehavior [ RunTime:0.000000s ]
INFO: [ app_init ] --END-- [ RunTime:0.000000s ]
INFO: [ app_begin ] --START--
INFO: Run Behavior\ReadHtmlCacheBehavior [ RunTime:0.001000s ]
INFO: [ app_begin ] --END-- [ RunTime:0.001000s ]
SQL: SHOW COLUMNS FROM `ykj_cate` [ RunTime:0.0360s ]
SQL: SELECT * FROM `ykj_cate` ORDER BY sort  [ RunTime:0.0010s ]
SQL: SHOW COLUMNS FROM `ykj_article` [ RunTime:0.0020s ]
SQL: SELECT * FROM `ykj_article` ORDER BY time desc LIMIT 8   [ RunTime:0.0020s ]
SQL: SHOW COLUMNS FROM `ykj_link` [ RunTime:0.0020s ]
SQL: SELECT * FROM `ykj_link`  [ RunTime:0.0000s ]
SQL: SELECT COUNT(*) AS tp_count FROM `ykj_article` LIMIT 1   [ RunTime:0.0010s ]
SQL: SELECT * FROM `ykj_article` LIMIT 4,4   [ RunTime:0.0010s ]
INFO: [ view_parse ] --START--
INFO: [ template_filter ] --START--
INFO: Run Behavior\ContentReplaceBehavior [ RunTime:0.001000s ]
INFO: [ template_filter ] --END-- [ RunTime:0.001000s ]
NOTIC: [8] Undefined variable: cateid F:\AppServ\www\ykj\Application\Runtime\Cache\Home\2a94b8bda04ff446dcedd42276fc99ee.php 第 43 行.
NOTIC: [8] Undefined variable: cateid F:\AppServ\www\ykj\Application\Runtime\Cache\Home\2a94b8bda04ff446dcedd42276fc99ee.php 第 43 行.
NOTIC: [8] Undefined variable: cateid F:\AppServ\www\ykj\Application\Runtime\Cache\Home\2a94b8bda04ff446dcedd42276fc99ee.php 第 43 行.
NOTIC: [8] Undefined variable: cateid F:\AppServ\www\ykj\Application\Runtime\Cache\Home\2a94b8bda04ff446dcedd42276fc99ee.php 第 43 行.
NOTIC: [8] Undefined variable: cateid F:\AppServ\www\ykj\Application\Runtime\Cache\Home\2a94b8bda04ff446dcedd42276fc99ee.php 第 43 行.
INFO: Run Behavior\ParseTemplateBehavior [ RunTime:0.020001s ]
INFO: [ view_parse ] --END-- [ RunTime:0.020001s ]
INFO: [ view_filter ] --START--
INFO: Run Behavior\WriteHtmlCacheBehavior [ RunTime:0.001000s ]
INFO: [ view_filter ] --END-- [ RunTime:0.001000s ]
INFO: [ app_end ] --START--
INFO: Run Behavior\ShowPageTraceBehavior [ RunTime:0.001000s ]
INFO: [ app_end ] --END-- [ RunTime:0.001000s ]

[ 2017-03-27T18:13:51+08:00 ] ::1 /ykj/index.php/Home/Index/index/p/1.html
INFO: [ app_init ] --START--
INFO: Run Behavior\BuildLiteBehavior [ RunTime:0.000000s ]
INFO: [ app_init ] --END-- [ RunTime:0.000000s ]
INFO: [ app_begin ] --START--
INFO: Run Behavior\ReadHtmlCacheBehavior [ RunTime:0.001000s ]
INFO: [ app_begin ] --END-- [ RunTime:0.001000s ]
SQL: SHOW COLUMNS FROM `ykj_cate` [ RunTime:0.0010s ]
SQL: SELECT * FROM `ykj_cate` ORDER BY sort  [ RunTime:0.0000s ]
SQL: SHOW COLUMNS FROM `ykj_article` [ RunTime:0.0000s ]
SQL: SELECT * FROM `ykj_article` ORDER BY time desc LIMIT 8   [ RunTime:0.0010s ]
SQL: SHOW COLUMNS FROM `ykj_link` [ RunTime:0.0010s ]
SQL: SELECT * FROM `ykj_link`  [ RunTime:0.0000s ]
SQL: SELECT COUNT(*) AS tp_count FROM `ykj_article` LIMIT 1   [ RunTime:0.0010s ]
SQL: SELECT * FROM `ykj_article` LIMIT 0,4   [ RunTime:0.0000s ]
INFO: [ view_parse ] --START--
INFO: [ template_filter ] --START--
INFO: Run Behavior\ContentReplaceBehavior [ RunTime:0.001000s ]
INFO: [ template_filter ] --END-- [ RunTime:0.001000s ]
NOTIC: [8] Undefined variable: cateid F:\AppServ\www\ykj\Application\Runtime\Cache\Home\2a94b8bda04ff446dcedd42276fc99ee.php 第 43 行.
NOTIC: [8] Undefined variable: cateid F:\AppServ\www\ykj\Application\Runtime\Cache\Home\2a94b8bda04ff446dcedd42276fc99ee.php 第 43 行.
NOTIC: [8] Undefined variable: cateid F:\AppServ\www\ykj\Application\Runtime\Cache\Home\2a94b8bda04ff446dcedd42276fc99ee.php 第 43 行.
NOTIC: [8] Undefined variable: cateid F:\AppServ\www\ykj\Application\Runtime\Cache\Home\2a94b8bda04ff446dcedd42276fc99ee.php 第 43 行.
NOTIC: [8] Undefined variable: cateid F:\AppServ\www\ykj\Application\Runtime\Cache\Home\2a94b8bda04ff446dcedd42276fc99ee.php 第 43 行.
INFO: Run Behavior\ParseTemplateBehavior [ RunTime:0.019001s ]
INFO: [ view_parse ] --END-- [ RunTime:0.019001s ]
INFO: [ view_filter ] --START--
INFO: Run Behavior\WriteHtmlCacheBehavior [ RunTime:0.001000s ]
INFO: [ view_filter ] --END-- [ RunTime:0.001000s ]
INFO: [ app_end ] --START--
INFO: Run Behavior\ShowPageTraceBehavior [ RunTime:0.001000s ]
INFO: [ app_end ] --END-- [ RunTime:0.001000s ]

[ 2017-03-27T18:13:52+08:00 ] ::1 /ykj/index.php/Home/Index/index/p/2.html
INFO: [ app_init ] --START--
INFO: Run Behavior\BuildLiteBehavior [ RunTime:0.000000s ]
INFO: [ app_init ] --END-- [ RunTime:0.001000s ]
INFO: [ app_begin ] --START--
INFO: Run Behavior\ReadHtmlCacheBehavior [ RunTime:0.000000s ]
INFO: [ app_begin ] --END-- [ RunTime:0.000000s ]
SQL: SHOW COLUMNS FROM `ykj_cate` [ RunTime:0.0080s ]
SQL: SELECT * FROM `ykj_cate` ORDER BY sort  [ RunTime:0.0000s ]
SQL: SHOW COLUMNS FROM `ykj_article` [ RunTime:0.0010s ]
SQL: SELECT * FROM `ykj_article` ORDER BY time desc LIMIT 8   [ RunTime:0.0020s ]
SQL: SHOW COLUMNS FROM `ykj_link` [ RunTime:0.0010s ]
SQL: SELECT * FROM `ykj_link`  [ RunTime:0.0010s ]
SQL: SELECT COUNT(*) AS tp_count FROM `ykj_article` LIMIT 1   [ RunTime:0.0000s ]
SQL: SELECT * FROM `ykj_article` LIMIT 4,4   [ RunTime:0.0020s ]
INFO: [ view_parse ] --START--
INFO: [ template_filter ] --START--
INFO: Run Behavior\ContentReplaceBehavior [ RunTime:0.000000s ]
INFO: [ template_filter ] --END-- [ RunTime:0.000000s ]
NOTIC: [8] Undefined variable: cateid F:\AppServ\www\ykj\Application\Runtime\Cache\Home\2a94b8bda04ff446dcedd42276fc99ee.php 第 43 行.
NOTIC: [8] Undefined variable: cateid F:\AppServ\www\ykj\Application\Runtime\Cache\Home\2a94b8bda04ff446dcedd42276fc99ee.php 第 43 行.
NOTIC: [8] Undefined variable: cateid F:\AppServ\www\ykj\Application\Runtime\Cache\Home\2a94b8bda04ff446dcedd42276fc99ee.php 第 43 行.
NOTIC: [8] Undefined variable: cateid F:\AppServ\www\ykj\Application\Runtime\Cache\Home\2a94b8bda04ff446dcedd42276fc99ee.php 第 43 行.
NOTIC: [8] Undefined variable: cateid F:\AppServ\www\ykj\Application\Runtime\Cache\Home\2a94b8bda04ff446dcedd42276fc99ee.php 第 43 行.
INFO: Run Behavior\ParseTemplateBehavior [ RunTime:0.020001s ]
INFO: [ view_parse ] --END-- [ RunTime:0.020001s ]
INFO: [ view_filter ] --START--
INFO: Run Behavior\WriteHtmlCacheBehavior [ RunTime:0.000000s ]
INFO: [ view_filter ] --END-- [ RunTime:0.000000s ]
INFO: [ app_end ] --START--
INFO: Run Behavior\ShowPageTraceBehavior [ RunTime:0.001000s ]
INFO: [ app_end ] --END-- [ RunTime:0.001000s ]

[ 2017-03-27T18:13:58+08:00 ] ::1 /ykj/index.php/Home/Index/index/p/1.html
INFO: [ app_init ] --START--
INFO: Run Behavior\BuildLiteBehavior [ RunTime:0.000000s ]
INFO: [ app_init ] --END-- [ RunTime:0.001000s ]
INFO: [ app_begin ] --START--
INFO: Run Behavior\ReadHtmlCacheBehavior [ RunTime:0.001000s ]
INFO: [ app_begin ] --END-- [ RunTime:0.001000s ]
SQL: SHOW COLUMNS FROM `ykj_cate` [ RunTime:0.0010s ]
SQL: SELECT * FROM `ykj_cate` ORDER BY sort  [ RunTime:0.0110s ]
SQL: SHOW COLUMNS FROM `ykj_article` [ RunTime:0.0010s ]
SQL: SELECT * FROM `ykj_article` ORDER BY time desc LIMIT 8   [ RunTime:0.0020s ]
SQL: SHOW COLUMNS FROM `ykj_link` [ RunTime:0.0010s ]
SQL: SELECT * FROM `ykj_link`  [ RunTime:0.0000s ]
SQL: SELECT COUNT(*) AS tp_count FROM `ykj_article` LIMIT 1   [ RunTime:0.0010s ]
SQL: SELECT * FROM `ykj_article` LIMIT 0,4   [ RunTime:0.0000s ]
INFO: [ view_parse ] --START--
INFO: [ template_filter ] --START--
INFO: Run Behavior\ContentReplaceBehavior [ RunTime:0.001000s ]
INFO: [ template_filter ] --END-- [ RunTime:0.001000s ]
NOTIC: [8] Undefined variable: cateid F:\AppServ\www\ykj\Application\Runtime\Cache\Home\2a94b8bda04ff446dcedd42276fc99ee.php 第 43 行.
NOTIC: [8] Undefined variable: cateid F:\AppServ\www\ykj\Application\Runtime\Cache\Home\2a94b8bda04ff446dcedd42276fc99ee.php 第 43 行.
NOTIC: [8] Undefined variable: cateid F:\AppServ\www\ykj\Application\Runtime\Cache\Home\2a94b8bda04ff446dcedd42276fc99ee.php 第 43 行.
NOTIC: [8] Undefined variable: cateid F:\AppServ\www\ykj\Application\Runtime\Cache\Home\2a94b8bda04ff446dcedd42276fc99ee.php 第 43 行.
NOTIC: [8] Undefined variable: cateid F:\AppServ\www\ykj\Application\Runtime\Cache\Home\2a94b8bda04ff446dcedd42276fc99ee.php 第 43 行.
INFO: Run Behavior\ParseTemplateBehavior [ RunTime:0.018001s ]
INFO: [ view_parse ] --END-- [ RunTime:0.018001s ]
INFO: [ view_filter ] --START--
INFO: Run Behavior\WriteHtmlCacheBehavior [ RunTime:0.000000s ]
INFO: [ view_filter ] --END-- [ RunTime:0.000000s ]
INFO: [ app_end ] --START--
INFO: Run Behavior\ShowPageTraceBehavior [ RunTime:0.001000s ]
INFO: [ app_end ] --END-- [ RunTime:0.001000s ]

[ 2017-03-27T18:14:08+08:00 ] ::1 /ykj/index.php/Home/Index/index/p/2.html
INFO: [ app_init ] --START--
INFO: Run Behavior\BuildLiteBehavior [ RunTime:0.000000s ]
INFO: [ app_init ] --END-- [ RunTime:0.001000s ]
INFO: [ app_begin ] --START--
INFO: Run Behavior\ReadHtmlCacheBehavior [ RunTime:0.000000s ]
INFO: [ app_begin ] --END-- [ RunTime:0.000000s ]
SQL: SHOW COLUMNS FROM `ykj_cate` [ RunTime:0.0100s ]
SQL: SELECT * FROM `ykj_cate` ORDER BY sort  [ RunTime:0.0000s ]
SQL: SHOW COLUMNS FROM `ykj_article` [ RunTime:0.0010s ]
SQL: SELECT * FROM `ykj_article` ORDER BY time desc LIMIT 8   [ RunTime:0.0020s ]
SQL: SHOW COLUMNS FROM `ykj_link` [ RunTime:0.0010s ]
SQL: SELECT * FROM `ykj_link`  [ RunTime:0.0010s ]
SQL: SELECT COUNT(*) AS tp_count FROM `ykj_article` LIMIT 1   [ RunTime:0.0000s ]
SQL: SELECT * FROM `ykj_article` LIMIT 4,4   [ RunTime:0.0010s ]
INFO: [ view_parse ] --START--
INFO: [ template_filter ] --START--
INFO: Run Behavior\ContentReplaceBehavior [ RunTime:0.001000s ]
INFO: [ template_filter ] --END-- [ RunTime:0.001000s ]
NOTIC: [8] Undefined variable: cateid F:\AppServ\www\ykj\Application\Runtime\Cache\Home\2a94b8bda04ff446dcedd42276fc99ee.php 第 43 行.
NOTIC: [8] Undefined variable: cateid F:\AppServ\www\ykj\Application\Runtime\Cache\Home\2a94b8bda04ff446dcedd42276fc99ee.php 第 43 行.
NOTIC: [8] Undefined variable: cateid F:\AppServ\www\ykj\Application\Runtime\Cache\Home\2a94b8bda04ff446dcedd42276fc99ee.php 第 43 行.
NOTIC: [8] Undefined variable: cateid F:\AppServ\www\ykj\Application\Runtime\Cache\Home\2a94b8bda04ff446dcedd42276fc99ee.php 第 43 行.
NOTIC: [8] Undefined variable: cateid F:\AppServ\www\ykj\Application\Runtime\Cache\Home\2a94b8bda04ff446dcedd42276fc99ee.php 第 43 行.
INFO: Run Behavior\ParseTemplateBehavior [ RunTime:0.018001s ]
INFO: [ view_parse ] --END-- [ RunTime:0.018001s ]
INFO: [ view_filter ] --START--
INFO: Run Behavior\WriteHtmlCacheBehavior [ RunTime:0.000000s ]
INFO: [ view_filter ] --END-- [ RunTime:0.000000s ]
INFO: [ app_end ] --START--
INFO: Run Behavior\ShowPageTraceBehavior [ RunTime:0.002000s ]
INFO: [ app_end ] --END-- [ RunTime:0.002000s ]

[ 2017-03-27T18:14:10+08:00 ] ::1 /ykj/index.php/Home/Index/index/p/3.html
INFO: [ app_init ] --START--
INFO: Run Behavior\BuildLiteBehavior [ RunTime:0.000000s ]
INFO: [ app_init ] --END-- [ RunTime:0.001000s ]
INFO: [ app_begin ] --START--
INFO: Run Behavior\ReadHtmlCacheBehavior [ RunTime:0.001001s ]
INFO: [ app_begin ] --END-- [ RunTime:0.001001s ]
SQL: SHOW COLUMNS FROM `ykj_cate` [ RunTime:0.0020s ]
SQL: SELECT * FROM `ykj_cate` ORDER BY sort  [ RunTime:0.0000s ]
SQL: SHOW COLUMNS FROM `ykj_article` [ RunTime:0.0010s ]
SQL: SELECT * FROM `ykj_article` ORDER BY time desc LIMIT 8   [ RunTime:0.0020s ]
SQL: SHOW COLUMNS FROM `ykj_link` [ RunTime:0.0010s ]
SQL: SELECT * FROM `ykj_link`  [ RunTime:0.0010s ]
SQL: SELECT COUNT(*) AS tp_count FROM `ykj_article` LIMIT 1   [ RunTime:0.0590s ]
SQL: SELECT * FROM `ykj_article` LIMIT 8,4   [ RunTime:0.0010s ]
INFO: [ view_parse ] --START--
INFO: [ template_filter ] --START--
INFO: Run Behavior\ContentReplaceBehavior [ RunTime:0.001001s ]
INFO: [ template_filter ] --END-- [ RunTime:0.001001s ]
NOTIC: [8] Undefined variable: cateid F:\AppServ\www\ykj\Application\Runtime\Cache\Home\2a94b8bda04ff446dcedd42276fc99ee.php 第 43 行.
NOTIC: [8] Undefined variable: cateid F:\AppServ\www\ykj\Application\Runtime\Cache\Home\2a94b8bda04ff446dcedd42276fc99ee.php 第 43 行.
NOTIC: [8] Undefined variable: cateid F:\AppServ\www\ykj\Application\Runtime\Cache\Home\2a94b8bda04ff446dcedd42276fc99ee.php 第 43 行.
NOTIC: [8] Undefined variable: cateid F:\AppServ\www\ykj\Application\Runtime\Cache\Home\2a94b8bda04ff446dcedd42276fc99ee.php 第 43 行.
NOTIC: [8] Undefined variable: cateid F:\AppServ\www\ykj\Application\Runtime\Cache\Home\2a94b8bda04ff446dcedd42276fc99ee.php 第 43 行.
INFO: Run Behavior\ParseTemplateBehavior [ RunTime:0.022002s ]
INFO: [ view_parse ] --END-- [ RunTime:0.022002s ]
INFO: [ view_filter ] --START--
INFO: Run Behavior\WriteHtmlCacheBehavior [ RunTime:0.001000s ]
INFO: [ view_filter ] --END-- [ RunTime:0.001000s ]
INFO: [ app_end ] --START--
INFO: Run Behavior\ShowPageTraceBehavior [ RunTime:0.001000s ]
INFO: [ app_end ] --END-- [ RunTime:0.002000s ]

[ 2017-03-27T18:14:13+08:00 ] ::1 /ykj/index.php/Home/Index/index/p/2.html
INFO: [ app_init ] --START--
INFO: Run Behavior\BuildLiteBehavior [ RunTime:0.000000s ]
INFO: [ app_init ] --END-- [ RunTime:0.001000s ]
INFO: [ app_begin ] --START--
INFO: Run Behavior\ReadHtmlCacheBehavior [ RunTime:0.001000s ]
INFO: [ app_begin ] --END-- [ RunTime:0.001000s ]
SQL: SHOW COLUMNS FROM `ykj_cate` [ RunTime:0.0550s ]
SQL: SELECT * FROM `ykj_cate` ORDER BY sort  [ RunTime:0.0000s ]
SQL: SHOW COLUMNS FROM `ykj_article` [ RunTime:0.0010s ]
SQL: SELECT * FROM `ykj_article` ORDER BY time desc LIMIT 8   [ RunTime:0.0010s ]
SQL: SHOW COLUMNS FROM `ykj_link` [ RunTime:0.0050s ]
SQL: SELECT * FROM `ykj_link`  [ RunTime:0.0000s ]
SQL: SELECT COUNT(*) AS tp_count FROM `ykj_article` LIMIT 1   [ RunTime:0.0000s ]
SQL: SELECT * FROM `ykj_article` LIMIT 4,4   [ RunTime:0.0010s ]
INFO: [ view_parse ] --START--
INFO: [ template_filter ] --START--
INFO: Run Behavior\ContentReplaceBehavior [ RunTime:0.000000s ]
INFO: [ template_filter ] --END-- [ RunTime:0.001000s ]
NOTIC: [8] Undefined variable: cateid F:\AppServ\www\ykj\Application\Runtime\Cache\Home\2a94b8bda04ff446dcedd42276fc99ee.php 第 43 行.
NOTIC: [8] Undefined variable: cateid F:\AppServ\www\ykj\Application\Runtime\Cache\Home\2a94b8bda04ff446dcedd42276fc99ee.php 第 43 行.
NOTIC: [8] Undefined variable: cateid F:\AppServ\www\ykj\Application\Runtime\Cache\Home\2a94b8bda04ff446dcedd42276fc99ee.php 第 43 行.
NOTIC: [8] Undefined variable: cateid F:\AppServ\www\ykj\Application\Runtime\Cache\Home\2a94b8bda04ff446dcedd42276fc99ee.php 第 43 行.
NOTIC: [8] Undefined variable: cateid F:\AppServ\www\ykj\Application\Runtime\Cache\Home\2a94b8bda04ff446dcedd42276fc99ee.php 第 43 行.
INFO: Run Behavior\ParseTemplateBehavior [ RunTime:0.017001s ]
INFO: [ view_parse ] --END-- [ RunTime:0.017001s ]
INFO: [ view_filter ] --START--
INFO: Run Behavior\WriteHtmlCacheBehavior [ RunTime:0.000000s ]
INFO: [ view_filter ] --END-- [ RunTime:0.001000s ]
INFO: [ app_end ] --START--
INFO: Run Behavior\ShowPageTraceBehavior [ RunTime:0.001000s ]
INFO: [ app_end ] --END-- [ RunTime:0.001000s ]

[ 2017-03-27T18:14:15+08:00 ] ::1 /ykj/index.php/Home/Index/index/p/1.html
INFO: [ app_init ] --START--
INFO: Run Behavior\BuildLiteBehavior [ RunTime:0.000000s ]
INFO: [ app_init ] --END-- [ RunTime:0.000000s ]
INFO: [ app_begin ] --START--
INFO: Run Behavior\ReadHtmlCacheBehavior [ RunTime:0.001000s ]
INFO: [ app_begin ] --END-- [ RunTime:0.001000s ]
SQL: SHOW COLUMNS FROM `ykj_cate` [ RunTime:0.0010s ]
SQL: SELECT * FROM `ykj_cate` ORDER BY sort  [ RunTime:0.0000s ]
SQL: SHOW COLUMNS FROM `ykj_article` [ RunTime:0.0010s ]
SQL: SELECT * FROM `ykj_article` ORDER BY time desc LIMIT 8   [ RunTime:0.0010s ]
SQL: SHOW COLUMNS FROM `ykj_link` [ RunTime:0.0010s ]
SQL: SELECT * FROM `ykj_link`  [ RunTime:0.0010s ]
SQL: SELECT COUNT(*) AS tp_count FROM `ykj_article` LIMIT 1   [ RunTime:0.0000s ]
SQL: SELECT * FROM `ykj_article` LIMIT 0,4   [ RunTime:0.0050s ]
INFO: [ view_parse ] --START--
INFO: [ template_filter ] --START--
INFO: Run Behavior\ContentReplaceBehavior [ RunTime:0.000000s ]
INFO: [ template_filter ] --END-- [ RunTime:0.000000s ]
NOTIC: [8] Undefined variable: cateid F:\AppServ\www\ykj\Application\Runtime\Cache\Home\2a94b8bda04ff446dcedd42276fc99ee.php 第 43 行.
NOTIC: [8] Undefined variable: cateid F:\AppServ\www\ykj\Application\Runtime\Cache\Home\2a94b8bda04ff446dcedd42276fc99ee.php 第 43 行.
NOTIC: [8] Undefined variable: cateid F:\AppServ\www\ykj\Application\Runtime\Cache\Home\2a94b8bda04ff446dcedd42276fc99ee.php 第 43 行.
NOTIC: [8] Undefined variable: cateid F:\AppServ\www\ykj\Application\Runtime\Cache\Home\2a94b8bda04ff446dcedd42276fc99ee.php 第 43 行.
NOTIC: [8] Undefined variable: cateid F:\AppServ\www\ykj\Application\Runtime\Cache\Home\2a94b8bda04ff446dcedd42276fc99ee.php 第 43 行.
INFO: Run Behavior\ParseTemplateBehavior [ RunTime:0.017001s ]
INFO: [ view_parse ] --END-- [ RunTime:0.017001s ]
INFO: [ view_filter ] --START--
INFO: Run Behavior\WriteHtmlCacheBehavior [ RunTime:0.000000s ]
INFO: [ view_filter ] --END-- [ RunTime:0.000000s ]
INFO: [ app_end ] --START--
INFO: Run Behavior\ShowPageTraceBehavior [ RunTime:0.001000s ]
INFO: [ app_end ] --END-- [ RunTime:0.001000s ]

[ 2017-03-27T18:14:34+08:00 ] ::1 /ykj/index.php/Home/Cate/index/id/1
INFO: [ app_init ] --START--
INFO: Run Behavior\BuildLiteBehavior [ RunTime:0.000000s ]
INFO: [ app_init ] --END-- [ RunTime:0.001000s ]
INFO: [ app_begin ] --START--
INFO: Run Behavior\ReadHtmlCacheBehavior [ RunTime:0.000000s ]
INFO: [ app_begin ] --END-- [ RunTime:0.000000s ]
SQL: SHOW COLUMNS FROM `ykj_cate` [ RunTime:0.0090s ]
SQL: SELECT * FROM `ykj_cate` ORDER BY sort  [ RunTime:0.0010s ]
SQL: SHOW COLUMNS FROM `ykj_article` [ RunTime:0.0020s ]
SQL: SELECT * FROM `ykj_article` ORDER BY time desc LIMIT 8   [ RunTime:0.0020s ]
SQL: SHOW COLUMNS FROM `ykj_link` [ RunTime:0.0010s ]
SQL: SELECT * FROM `ykj_link`  [ RunTime:0.0010s ]
SQL: SELECT COUNT(*) AS tp_count FROM `ykj_article` WHERE `cateid` = 1 LIMIT 1   [ RunTime:0.0320s ]
SQL: SELECT * FROM `ykj_article` WHERE `cateid` = 1 LIMIT 0,8   [ RunTime:0.0010s ]
INFO: [ view_parse ] --START--
INFO: [ template_filter ] --START--
INFO: Run Behavior\ContentReplaceBehavior [ RunTime:0.000000s ]
INFO: [ template_filter ] --END-- [ RunTime:0.000000s ]
INFO: Run Behavior\ParseTemplateBehavior [ RunTime:0.035002s ]
INFO: [ view_parse ] --END-- [ RunTime:0.035002s ]
INFO: [ view_filter ] --START--
INFO: Run Behavior\WriteHtmlCacheBehavior [ RunTime:0.000000s ]
INFO: [ view_filter ] --END-- [ RunTime:0.000000s ]
INFO: [ app_end ] --START--
INFO: Run Behavior\ShowPageTraceBehavior [ RunTime:0.001000s ]
INFO: [ app_end ] --END-- [ RunTime:0.001000s ]

[ 2017-03-27T18:14:35+08:00 ] ::1 /ykj/index.php/Home/Cate/index/id/6
INFO: [ app_init ] --START--
INFO: Run Behavior\BuildLiteBehavior [ RunTime:0.000000s ]
INFO: [ app_init ] --END-- [ RunTime:0.000000s ]
INFO: [ app_begin ] --START--
INFO: Run Behavior\ReadHtmlCacheBehavior [ RunTime:0.001000s ]
INFO: [ app_begin ] --END-- [ RunTime:0.001000s ]
SQL: SHOW COLUMNS FROM `ykj_cate` [ RunTime:0.0020s ]
SQL: SELECT * FROM `ykj_cate` ORDER BY sort  [ RunTime:0.0000s ]
SQL: SHOW COLUMNS FROM `ykj_article` [ RunTime:0.0010s ]
SQL: SELECT * FROM `ykj_article` ORDER BY time desc LIMIT 8   [ RunTime:0.0020s ]
SQL: SHOW COLUMNS FROM `ykj_link` [ RunTime:0.0010s ]
SQL: SELECT * FROM `ykj_link`  [ RunTime:0.0000s ]
SQL: SELECT COUNT(*) AS tp_count FROM `ykj_article` WHERE `cateid` = 6 LIMIT 1   [ RunTime:0.0010s ]
SQL: SELECT * FROM `ykj_article` WHERE `cateid` = 6 LIMIT 0,8   [ RunTime:0.0000s ]
INFO: [ view_parse ] --START--
INFO: [ template_filter ] --START--
INFO: Run Behavior\ContentReplaceBehavior [ RunTime:0.000000s ]
INFO: [ template_filter ] --END-- [ RunTime:0.001000s ]
INFO: Run Behavior\ParseTemplateBehavior [ RunTime:0.017001s ]
INFO: [ view_parse ] --END-- [ RunTime:0.017001s ]
INFO: [ view_filter ] --START--
INFO: Run Behavior\WriteHtmlCacheBehavior [ RunTime:0.001000s ]
INFO: [ view_filter ] --END-- [ RunTime:0.001000s ]
INFO: [ app_end ] --START--
INFO: Run Behavior\ShowPageTraceBehavior [ RunTime:0.001000s ]
INFO: [ app_end ] --END-- [ RunTime:0.001000s ]

[ 2017-03-27T18:14:36+08:00 ] ::1 /ykj/index.php/Home/Cate/index/id/7
INFO: [ app_init ] --START--
INFO: Run Behavior\BuildLiteBehavior [ RunTime:0.000000s ]
INFO: [ app_init ] --END-- [ RunTime:0.000000s ]
INFO: [ app_begin ] --START--
INFO: Run Behavior\ReadHtmlCacheBehavior [ RunTime:0.001000s ]
INFO: [ app_begin ] --END-- [ RunTime:0.001000s ]
SQL: SHOW COLUMNS FROM `ykj_cate` [ RunTime:0.0010s ]
SQL: SELECT * FROM `ykj_cate` ORDER BY sort  [ RunTime:0.0000s ]
SQL: SHOW COLUMNS FROM `ykj_article` [ RunTime:0.0010s ]
SQL: SELECT * FROM `ykj_article` ORDER BY time desc LIMIT 8   [ RunTime:0.0010s ]
SQL: SHOW COLUMNS FROM `ykj_link` [ RunTime:0.0010s ]
SQL: SELECT * FROM `ykj_link`  [ RunTime:0.0010s ]
SQL: SELECT COUNT(*) AS tp_count FROM `ykj_article` WHERE `cateid` = 7 LIMIT 1   [ RunTime:0.0010s ]
SQL: SELECT * FROM `ykj_article` WHERE `cateid` = 7 LIMIT 0,8   [ RunTime:0.0000s ]
INFO: [ view_parse ] --START--
INFO: [ template_filter ] --START--
INFO: Run Behavior\ContentReplaceBehavior [ RunTime:0.001000s ]
INFO: [ template_filter ] --END-- [ RunTime:0.001000s ]
INFO: Run Behavior\ParseTemplateBehavior [ RunTime:0.016001s ]
INFO: [ view_parse ] --END-- [ RunTime:0.016001s ]
INFO: [ view_filter ] --START--
INFO: Run Behavior\WriteHtmlCacheBehavior [ RunTime:0.001000s ]
INFO: [ view_filter ] --END-- [ RunTime:0.001000s ]
INFO: [ app_end ] --START--
INFO: Run Behavior\ShowPageTraceBehavior [ RunTime:0.001000s ]
INFO: [ app_end ] --END-- [ RunTime:0.001000s ]

[ 2017-03-27T18:14:36+08:00 ] ::1 /ykj/index.php/Home/Cate/index/id/8
INFO: [ app_init ] --START--
INFO: Run Behavior\BuildLiteBehavior [ RunTime:0.000000s ]
INFO: [ app_init ] --END-- [ RunTime:0.000000s ]
INFO: [ app_begin ] --START--
INFO: Run Behavior\ReadHtmlCacheBehavior [ RunTime:0.000000s ]
INFO: [ app_begin ] --END-- [ RunTime:0.000000s ]
SQL: SHOW COLUMNS FROM `ykj_cate` [ RunTime:0.0280s ]
SQL: SELECT * FROM `ykj_cate` ORDER BY sort  [ RunTime:0.0000s ]
SQL: SHOW COLUMNS FROM `ykj_article` [ RunTime:0.0010s ]
SQL: SELECT * FROM `ykj_article` ORDER BY time desc LIMIT 8   [ RunTime:0.0040s ]
SQL: SHOW COLUMNS FROM `ykj_link` [ RunTime:0.0020s ]
SQL: SELECT * FROM `ykj_link`  [ RunTime:0.0000s ]
SQL: SELECT COUNT(*) AS tp_count FROM `ykj_article` WHERE `cateid` = 8 LIMIT 1   [ RunTime:0.0010s ]
SQL: SELECT * FROM `ykj_article` WHERE `cateid` = 8 LIMIT 0,8   [ RunTime:0.0020s ]
INFO: [ view_parse ] --START--
INFO: [ template_filter ] --START--
INFO: Run Behavior\ContentReplaceBehavior [ RunTime:0.000000s ]
INFO: [ template_filter ] --END-- [ RunTime:0.000000s ]
INFO: Run Behavior\ParseTemplateBehavior [ RunTime:0.027001s ]
INFO: [ view_parse ] --END-- [ RunTime:0.027001s ]
INFO: [ view_filter ] --START--
INFO: Run Behavior\WriteHtmlCacheBehavior [ RunTime:0.000000s ]
INFO: [ view_filter ] --END-- [ RunTime:0.000000s ]
INFO: [ app_end ] --START--
INFO: Run Behavior\ShowPageTraceBehavior [ RunTime:0.001000s ]
INFO: [ app_end ] --END-- [ RunTime:0.001000s ]

[ 2017-03-27T18:14:37+08:00 ] ::1 /ykj/index.php/Home/Cate/index/id/5
INFO: [ app_init ] --START--
INFO: Run Behavior\BuildLiteBehavior [ RunTime:0.000000s ]
INFO: [ app_init ] --END-- [ RunTime:0.001000s ]
INFO: [ app_begin ] --START--
INFO: Run Behavior\ReadHtmlCacheBehavior [ RunTime:0.002000s ]
INFO: [ app_begin ] --END-- [ RunTime:0.002000s ]
SQL: SHOW COLUMNS FROM `ykj_cate` [ RunTime:0.0080s ]
SQL: SELECT * FROM `ykj_cate` ORDER BY sort  [ RunTime:0.0000s ]
SQL: SHOW COLUMNS FROM `ykj_article` [ RunTime:0.0020s ]
SQL: SELECT * FROM `ykj_article` ORDER BY time desc LIMIT 8   [ RunTime:0.0080s ]
SQL: SHOW COLUMNS FROM `ykj_link` [ RunTime:0.0010s ]
SQL: SELECT * FROM `ykj_link`  [ RunTime:0.0010s ]
SQL: SELECT COUNT(*) AS tp_count FROM `ykj_article` WHERE `cateid` = 5 LIMIT 1   [ RunTime:0.0010s ]
SQL: SELECT * FROM `ykj_article` WHERE `cateid` = 5 LIMIT 0,8   [ RunTime:0.0000s ]
INFO: [ view_parse ] --START--
INFO: [ template_filter ] --START--
INFO: Run Behavior\ContentReplaceBehavior [ RunTime:0.000000s ]
INFO: [ template_filter ] --END-- [ RunTime:0.000000s ]
INFO: Run Behavior\ParseTemplateBehavior [ RunTime:0.018001s ]
INFO: [ view_parse ] --END-- [ RunTime:0.018001s ]
INFO: [ view_filter ] --START--
INFO: Run Behavior\WriteHtmlCacheBehavior [ RunTime:0.001000s ]
INFO: [ view_filter ] --END-- [ RunTime:0.001000s ]
INFO: [ app_end ] --START--
INFO: Run Behavior\ShowPageTraceBehavior [ RunTime:0.001000s ]
INFO: [ app_end ] --END-- [ RunTime:0.002000s ]

[ 2017-03-27T18:14:37+08:00 ] ::1 /ykj/index.php/Home/Cate/index/id/1
INFO: [ app_init ] --START--
INFO: Run Behavior\BuildLiteBehavior [ RunTime:0.000000s ]
INFO: [ app_init ] --END-- [ RunTime:0.001000s ]
INFO: [ app_begin ] --START--
INFO: Run Behavior\ReadHtmlCacheBehavior [ RunTime:0.001000s ]
INFO: [ app_begin ] --END-- [ RunTime:0.001000s ]
SQL: SHOW COLUMNS FROM `ykj_cate` [ RunTime:0.0200s ]
SQL: SELECT * FROM `ykj_cate` ORDER BY sort  [ RunTime:0.0000s ]
SQL: SHOW COLUMNS FROM `ykj_article` [ RunTime:0.0010s ]
SQL: SELECT * FROM `ykj_article` ORDER BY time desc LIMIT 8   [ RunTime:0.0020s ]
SQL: SHOW COLUMNS FROM `ykj_link` [ RunTime:0.0060s ]
SQL: SELECT * FROM `ykj_link`  [ RunTime:0.0000s ]
SQL: SELECT COUNT(*) AS tp_count FROM `ykj_article` WHERE `cateid` = 1 LIMIT 1   [ RunTime:0.0010s ]
SQL: SELECT * FROM `ykj_article` WHERE `cateid` = 1 LIMIT 0,8   [ RunTime:0.0010s ]
INFO: [ view_parse ] --START--
INFO: [ template_filter ] --START--
INFO: Run Behavior\ContentReplaceBehavior [ RunTime:0.000000s ]
INFO: [ template_filter ] --END-- [ RunTime:0.000000s ]
INFO: Run Behavior\ParseTemplateBehavior [ RunTime:0.016001s ]
INFO: [ view_parse ] --END-- [ RunTime:0.017001s ]
INFO: [ view_filter ] --START--
INFO: Run Behavior\WriteHtmlCacheBehavior [ RunTime:0.000000s ]
INFO: [ view_filter ] --END-- [ RunTime:0.000000s ]
INFO: [ app_end ] --START--
INFO: Run Behavior\ShowPageTraceBehavior [ RunTime:0.000000s ]
INFO: [ app_end ] --END-- [ RunTime:0.000000s ]

[ 2017-03-27T18:14:38+08:00 ] ::1 /ykj/index.php/Home/Cate/index/id/6
INFO: [ app_init ] --START--
INFO: Run Behavior\BuildLiteBehavior [ RunTime:0.000000s ]
INFO: [ app_init ] --END-- [ RunTime:0.001000s ]
INFO: [ app_begin ] --START--
INFO: Run Behavior\ReadHtmlCacheBehavior [ RunTime:0.000000s ]
INFO: [ app_begin ] --END-- [ RunTime:0.000000s ]
SQL: SHOW COLUMNS FROM `ykj_cate` [ RunTime:0.0020s ]
SQL: SELECT * FROM `ykj_cate` ORDER BY sort  [ RunTime:0.0010s ]
SQL: SHOW COLUMNS FROM `ykj_article` [ RunTime:0.0010s ]
SQL: SELECT * FROM `ykj_article` ORDER BY time desc LIMIT 8   [ RunTime:0.0020s ]
SQL: SHOW COLUMNS FROM `ykj_link` [ RunTime:0.0010s ]
SQL: SELECT * FROM `ykj_link`  [ RunTime:0.0010s ]
SQL: SELECT COUNT(*) AS tp_count FROM `ykj_article` WHERE `cateid` = 6 LIMIT 1   [ RunTime:0.0010s ]
SQL: SELECT * FROM `ykj_article` WHERE `cateid` = 6 LIMIT 0,8   [ RunTime:0.0010s ]
INFO: [ view_parse ] --START--
INFO: [ template_filter ] --START--
INFO: Run Behavior\ContentReplaceBehavior [ RunTime:0.000000s ]
INFO: [ template_filter ] --END-- [ RunTime:0.000000s ]
INFO: Run Behavior\ParseTemplateBehavior [ RunTime:0.019001s ]
INFO: [ view_parse ] --END-- [ RunTime:0.020001s ]
INFO: [ view_filter ] --START--
INFO: Run Behavior\WriteHtmlCacheBehavior [ RunTime:0.000000s ]
INFO: [ view_filter ] --END-- [ RunTime:0.000000s ]
INFO: [ app_end ] --START--
INFO: Run Behavior\ShowPageTraceBehavior [ RunTime:0.001000s ]
INFO: [ app_end ] --END-- [ RunTime:0.001000s ]

[ 2017-03-27T18:14:38+08:00 ] ::1 /ykj/index.php/Home/Cate/index/id/7
INFO: [ app_init ] --START--
INFO: Run Behavior\BuildLiteBehavior [ RunTime:0.000000s ]
INFO: [ app_init ] --END-- [ RunTime:0.001000s ]
INFO: [ app_begin ] --START--
INFO: Run Behavior\ReadHtmlCacheBehavior [ RunTime:0.001000s ]
INFO: [ app_begin ] --END-- [ RunTime:0.001000s ]
SQL: SHOW COLUMNS FROM `ykj_cate` [ RunTime:0.0010s ]
SQL: SELECT * FROM `ykj_cate` ORDER BY sort  [ RunTime:0.0000s ]
SQL: SHOW COLUMNS FROM `ykj_article` [ RunTime:0.0010s ]
SQL: SELECT * FROM `ykj_article` ORDER BY time desc LIMIT 8   [ RunTime:0.0030s ]
SQL: SHOW COLUMNS FROM `ykj_link` [ RunTime:0.0000s ]
SQL: SELECT * FROM `ykj_link`  [ RunTime:0.0000s ]
SQL: SELECT COUNT(*) AS tp_count FROM `ykj_article` WHERE `cateid` = 7 LIMIT 1   [ RunTime:0.0010s ]
SQL: SELECT * FROM `ykj_article` WHERE `cateid` = 7 LIMIT 0,8   [ RunTime:0.0000s ]
INFO: [ view_parse ] --START--
INFO: [ template_filter ] --START--
INFO: Run Behavior\ContentReplaceBehavior [ RunTime:0.000000s ]
INFO: [ template_filter ] --END-- [ RunTime:0.000000s ]
INFO: Run Behavior\ParseTemplateBehavior [ RunTime:0.017001s ]
INFO: [ view_parse ] --END-- [ RunTime:0.017001s ]
INFO: [ view_filter ] --START--
INFO: Run Behavior\WriteHtmlCacheBehavior [ RunTime:0.001000s ]
INFO: [ view_filter ] --END-- [ RunTime:0.001000s ]
INFO: [ app_end ] --START--
INFO: Run Behavior\ShowPageTraceBehavior [ RunTime:0.001000s ]
INFO: [ app_end ] --END-- [ RunTime:0.001000s ]

[ 2017-03-27T18:14:38+08:00 ] ::1 /ykj/index.php/Home/Article/article/id/17
INFO: [ app_init ] --START--
INFO: Run Behavior\BuildLiteBehavior [ RunTime:0.000000s ]
INFO: [ app_init ] --END-- [ RunTime:0.000000s ]
INFO: [ app_begin ] --START--
INFO: Run Behavior\ReadHtmlCacheBehavior [ RunTime:0.001000s ]
INFO: [ app_begin ] --END-- [ RunTime:0.001000s ]
SQL: SHOW COLUMNS FROM `ykj_cate` [ RunTime:0.0010s ]
SQL: SELECT * FROM `ykj_cate` ORDER BY sort  [ RunTime:0.0000s ]
SQL: SHOW COLUMNS FROM `ykj_article` [ RunTime:0.0010s ]
SQL: SELECT * FROM `ykj_article` ORDER BY time desc LIMIT 8   [ RunTime:0.0020s ]
SQL: SHOW COLUMNS FROM `ykj_link` [ RunTime:0.0010s ]
SQL: SELECT * FROM `ykj_link`  [ RunTime:0.0000s ]
SQL: SELECT * FROM `ykj_article` WHERE `id` = 17 LIMIT 1   [ RunTime:0.0010s ]
SQL: SELECT * FROM `ykj_cate` WHERE `id` = 1 LIMIT 1   [ RunTime:0.0000s ]
SQL: SELECT * FROM `ykj_article` WHERE `cateid` = '1' AND `id` < '17' ORDER BY id desc LIMIT 1   [ RunTime:0.0990s ]
SQL: SELECT * FROM `ykj_article` WHERE `id` > '17' AND `cateid` = '1' ORDER BY id asc LIMIT 1   [ RunTime:0.0370s ]
INFO: [ view_parse ] --START--
INFO: [ template_filter ] --START--
INFO: Run Behavior\ContentReplaceBehavior [ RunTime:0.000000s ]
INFO: [ template_filter ] --END-- [ RunTime:0.000000s ]
NOTIC: [8] Undefined variable: cateid F:\AppServ\www\ykj\Application\Runtime\Cache\Home\37d23b8de8b1006eeb4dee5f594561fd.php 第 48 行.
NOTIC: [8] Undefined variable: cateid F:\AppServ\www\ykj\Application\Runtime\Cache\Home\37d23b8de8b1006eeb4dee5f594561fd.php 第 48 行.
NOTIC: [8] Undefined variable: cateid F:\AppServ\www\ykj\Application\Runtime\Cache\Home\37d23b8de8b1006eeb4dee5f594561fd.php 第 48 行.
NOTIC: [8] Undefined variable: cateid F:\AppServ\www\ykj\Application\Runtime\Cache\Home\37d23b8de8b1006eeb4dee5f594561fd.php 第 48 行.
NOTIC: [8] Undefined variable: cateid F:\AppServ\www\ykj\Application\Runtime\Cache\Home\37d23b8de8b1006eeb4dee5f594561fd.php 第 48 行.
INFO: Run Behavior\ParseTemplateBehavior [ RunTime:0.055003s ]
INFO: [ view_parse ] --END-- [ RunTime:0.055003s ]
INFO: [ view_filter ] --START--
INFO: Run Behavior\WriteHtmlCacheBehavior [ RunTime:0.001000s ]
INFO: [ view_filter ] --END-- [ RunTime:0.001000s ]
INFO: [ app_end ] --START--
INFO: Run Behavior\ShowPageTraceBehavior [ RunTime:0.006000s ]
INFO: [ app_end ] --END-- [ RunTime:0.006000s ]

[ 2017-03-27T18:14:40+08:00 ] ::1 /ykj/index.php/Home/Article/article/id/13
INFO: [ app_init ] --START--
INFO: Run Behavior\BuildLiteBehavior [ RunTime:0.000000s ]
INFO: [ app_init ] --END-- [ RunTime:0.001000s ]
INFO: [ app_begin ] --START--
INFO: Run Behavior\ReadHtmlCacheBehavior [ RunTime:0.000000s ]
INFO: [ app_begin ] --END-- [ RunTime:0.001000s ]
SQL: SHOW COLUMNS FROM `ykj_cate` [ RunTime:0.0130s ]
SQL: SELECT * FROM `ykj_cate` ORDER BY sort  [ RunTime:0.0010s ]
SQL: SHOW COLUMNS FROM `ykj_article` [ RunTime:0.0010s ]
SQL: SELECT * FROM `ykj_article` ORDER BY time desc LIMIT 8   [ RunTime:0.0010s ]
SQL: SHOW COLUMNS FROM `ykj_link` [ RunTime:0.0010s ]
SQL: SELECT * FROM `ykj_link`  [ RunTime:0.0010s ]
SQL: SELECT * FROM `ykj_article` WHERE `id` = 13 LIMIT 1   [ RunTime:0.0010s ]
SQL: SELECT * FROM `ykj_cate` WHERE `id` = 8 LIMIT 1   [ RunTime:0.0000s ]
SQL: SELECT * FROM `ykj_article` WHERE `cateid` = '8' AND `id` < '13' ORDER BY id desc LIMIT 1   [ RunTime:0.0010s ]
SQL: SELECT * FROM `ykj_article` WHERE `id` > '13' AND `cateid` = '8' ORDER BY id asc LIMIT 1   [ RunTime:0.0010s ]
INFO: [ view_parse ] --START--
INFO: [ template_filter ] --START--
INFO: Run Behavior\ContentReplaceBehavior [ RunTime:0.000000s ]
INFO: [ template_filter ] --END-- [ RunTime:0.000000s ]
NOTIC: [8] Undefined variable: cateid F:\AppServ\www\ykj\Application\Runtime\Cache\Home\37d23b8de8b1006eeb4dee5f594561fd.php 第 48 行.
NOTIC: [8] Undefined variable: cateid F:\AppServ\www\ykj\Application\Runtime\Cache\Home\37d23b8de8b1006eeb4dee5f594561fd.php 第 48 行.
NOTIC: [8] Undefined variable: cateid F:\AppServ\www\ykj\Application\Runtime\Cache\Home\37d23b8de8b1006eeb4dee5f594561fd.php 第 48 行.
NOTIC: [8] Undefined variable: cateid F:\AppServ\www\ykj\Application\Runtime\Cache\Home\37d23b8de8b1006eeb4dee5f594561fd.php 第 48 行.
NOTIC: [8] Undefined variable: cateid F:\AppServ\www\ykj\Application\Runtime\Cache\Home\37d23b8de8b1006eeb4dee5f594561fd.php 第 48 行.
INFO: Run Behavior\ParseTemplateBehavior [ RunTime:0.021001s ]
INFO: [ view_parse ] --END-- [ RunTime:0.021001s ]
INFO: [ view_filter ] --START--
INFO: Run Behavior\WriteHtmlCacheBehavior [ RunTime:0.001000s ]
INFO: [ view_filter ] --END-- [ RunTime:0.001000s ]
INFO: [ app_end ] --START--
INFO: Run Behavior\ShowPageTraceBehavior [ RunTime:0.001000s ]
INFO: [ app_end ] --END-- [ RunTime:0.001000s ]

[ 2017-03-27T18:14:42+08:00 ] ::1 /ykj/index.php/Home/Article/article/id/14
INFO: [ app_init ] --START--
INFO: Run Behavior\BuildLiteBehavior [ RunTime:0.000000s ]
INFO: [ app_init ] --END-- [ RunTime:0.001000s ]
INFO: [ app_begin ] --START--
INFO: Run Behavior\ReadHtmlCacheBehavior [ RunTime:0.001000s ]
INFO: [ app_begin ] --END-- [ RunTime:0.001000s ]
SQL: SHOW COLUMNS FROM `ykj_cate` [ RunTime:0.0130s ]
SQL: SELECT * FROM `ykj_cate` ORDER BY sort  [ RunTime:0.0000s ]
SQL: SHOW COLUMNS FROM `ykj_article` [ RunTime:0.0010s ]
SQL: SELECT * FROM `ykj_article` ORDER BY time desc LIMIT 8   [ RunTime:0.0020s ]
SQL: SHOW COLUMNS FROM `ykj_link` [ RunTime:0.0060s ]
SQL: SELECT * FROM `ykj_link`  [ RunTime:0.0000s ]
SQL: SELECT * FROM `ykj_article` WHERE `id` = 14 LIMIT 1   [ RunTime:0.0000s ]
SQL: SELECT * FROM `ykj_cate` WHERE `id` = 8 LIMIT 1   [ RunTime:0.0000s ]
SQL: SELECT * FROM `ykj_article` WHERE `cateid` = '8' AND `id` < '14' ORDER BY id desc LIMIT 1   [ RunTime:0.0010s ]
SQL: SELECT * FROM `ykj_article` WHERE `id` > '14' AND `cateid` = '8' ORDER BY id asc LIMIT 1   [ RunTime:0.0010s ]
INFO: [ view_parse ] --START--
INFO: [ template_filter ] --START--
INFO: Run Behavior\ContentReplaceBehavior [ RunTime:0.001000s ]
INFO: [ template_filter ] --END-- [ RunTime:0.001000s ]
NOTIC: [8] Undefined variable: cateid F:\AppServ\www\ykj\Application\Runtime\Cache\Home\37d23b8de8b1006eeb4dee5f594561fd.php 第 48 行.
NOTIC: [8] Undefined variable: cateid F:\AppServ\www\ykj\Application\Runtime\Cache\Home\37d23b8de8b1006eeb4dee5f594561fd.php 第 48 行.
NOTIC: [8] Undefined variable: cateid F:\AppServ\www\ykj\Application\Runtime\Cache\Home\37d23b8de8b1006eeb4dee5f594561fd.php 第 48 行.
NOTIC: [8] Undefined variable: cateid F:\AppServ\www\ykj\Application\Runtime\Cache\Home\37d23b8de8b1006eeb4dee5f594561fd.php 第 48 行.
NOTIC: [8] Undefined variable: cateid F:\AppServ\www\ykj\Application\Runtime\Cache\Home\37d23b8de8b1006eeb4dee5f594561fd.php 第 48 行.
INFO: Run Behavior\ParseTemplateBehavior [ RunTime:0.022001s ]
INFO: [ view_parse ] --END-- [ RunTime:0.022001s ]
INFO: [ view_filter ] --START--
INFO: Run Behavior\WriteHtmlCacheBehavior [ RunTime:0.000000s ]
INFO: [ view_filter ] --END-- [ RunTime:0.001000s ]
INFO: [ app_end ] --START--
INFO: Run Behavior\ShowPageTraceBehavior [ RunTime:0.001000s ]
INFO: [ app_end ] --END-- [ RunTime:0.001000s ]

[ 2017-03-27T18:14:50+08:00 ] ::1 /ykj/index.php/Home/Cate/index/id/7
INFO: [ app_init ] --START--
INFO: Run Behavior\BuildLiteBehavior [ RunTime:0.000000s ]
INFO: [ app_init ] --END-- [ RunTime:0.001000s ]
INFO: [ app_begin ] --START--
INFO: Run Behavior\ReadHtmlCacheBehavior [ RunTime:0.001000s ]
INFO: [ app_begin ] --END-- [ RunTime:0.001000s ]
SQL: SHOW COLUMNS FROM `ykj_cate` [ RunTime:0.0520s ]
SQL: SELECT * FROM `ykj_cate` ORDER BY sort  [ RunTime:0.0020s ]
SQL: SHOW COLUMNS FROM `ykj_article` [ RunTime:0.0070s ]
SQL: SELECT * FROM `ykj_article` ORDER BY time desc LIMIT 8   [ RunTime:0.0040s ]
SQL: SHOW COLUMNS FROM `ykj_link` [ RunTime:0.0010s ]
SQL: SELECT * FROM `ykj_link`  [ RunTime:0.0010s ]
SQL: SELECT COUNT(*) AS tp_count FROM `ykj_article` WHERE `cateid` = 7 LIMIT 1   [ RunTime:0.0010s ]
SQL: SELECT * FROM `ykj_article` WHERE `cateid` = 7 LIMIT 0,8   [ RunTime:0.0010s ]
INFO: [ view_parse ] --START--
INFO: [ template_filter ] --START--
INFO: Run Behavior\ContentReplaceBehavior [ RunTime:0.001000s ]
INFO: [ template_filter ] --END-- [ RunTime:0.001000s ]
INFO: Run Behavior\ParseTemplateBehavior [ RunTime:0.027002s ]
INFO: [ view_parse ] --END-- [ RunTime:0.027002s ]
INFO: [ view_filter ] --START--
INFO: Run Behavior\WriteHtmlCacheBehavior [ RunTime:0.001000s ]
INFO: [ view_filter ] --END-- [ RunTime:0.001000s ]
INFO: [ app_end ] --START--
INFO: Run Behavior\ShowPageTraceBehavior [ RunTime:0.001000s ]
INFO: [ app_end ] --END-- [ RunTime:0.001000s ]

[ 2017-03-27T18:14:51+08:00 ] ::1 /ykj/index.php/Home/Cate/index/id/6
INFO: [ app_init ] --START--
INFO: Run Behavior\BuildLiteBehavior [ RunTime:0.000000s ]
INFO: [ app_init ] --END-- [ RunTime:0.001000s ]
INFO: [ app_begin ] --START--
INFO: Run Behavior\ReadHtmlCacheBehavior [ RunTime:0.000000s ]
INFO: [ app_begin ] --END-- [ RunTime:0.000000s ]
SQL: SHOW COLUMNS FROM `ykj_cate` [ RunTime:0.0010s ]
SQL: SELECT * FROM `ykj_cate` ORDER BY sort  [ RunTime:0.0010s ]
SQL: SHOW COLUMNS FROM `ykj_article` [ RunTime:0.0010s ]
SQL: SELECT * FROM `ykj_article` ORDER BY time desc LIMIT 8   [ RunTime:0.0020s ]
SQL: SHOW COLUMNS FROM `ykj_link` [ RunTime:0.0000s ]
SQL: SELECT * FROM `ykj_link`  [ RunTime:0.0000s ]
SQL: SELECT COUNT(*) AS tp_count FROM `ykj_article` WHERE `cateid` = 6 LIMIT 1   [ RunTime:0.0010s ]
SQL: SELECT * FROM `ykj_article` WHERE `cateid` = 6 LIMIT 0,8   [ RunTime:0.0010s ]
INFO: [ view_parse ] --START--
INFO: [ template_filter ] --START--
INFO: Run Behavior\ContentReplaceBehavior [ RunTime:0.000000s ]
INFO: [ template_filter ] --END-- [ RunTime:0.000000s ]
INFO: Run Behavior\ParseTemplateBehavior [ RunTime:0.017001s ]
INFO: [ view_parse ] --END-- [ RunTime:0.017001s ]
INFO: [ view_filter ] --START--
INFO: Run Behavior\WriteHtmlCacheBehavior [ RunTime:0.001000s ]
INFO: [ view_filter ] --END-- [ RunTime:0.001000s ]
INFO: [ app_end ] --START--
INFO: Run Behavior\ShowPageTraceBehavior [ RunTime:0.001000s ]
INFO: [ app_end ] --END-- [ RunTime:0.001000s ]

[ 2017-03-27T18:14:51+08:00 ] ::1 /ykj/index.php/Home/Cate/index/id/5
INFO: [ app_init ] --START--
INFO: Run Behavior\BuildLiteBehavior [ RunTime:0.000000s ]
INFO: [ app_init ] --END-- [ RunTime:0.001000s ]
INFO: [ app_begin ] --START--
INFO: Run Behavior\ReadHtmlCacheBehavior [ RunTime:0.001000s ]
INFO: [ app_begin ] --END-- [ RunTime:0.001000s ]
SQL: SHOW COLUMNS FROM `ykj_cate` [ RunTime:0.0580s ]
SQL: SELECT * FROM `ykj_cate` ORDER BY sort  [ RunTime:0.0000s ]
SQL: SHOW COLUMNS FROM `ykj_article` [ RunTime:0.0010s ]
SQL: SELECT * FROM `ykj_article` ORDER BY time desc LIMIT 8   [ RunTime:0.0020s ]
SQL: SHOW COLUMNS FROM `ykj_link` [ RunTime:0.0530s ]
SQL: SELECT * FROM `ykj_link`  [ RunTime:0.0010s ]
SQL: SELECT COUNT(*) AS tp_count FROM `ykj_article` WHERE `cateid` = 5 LIMIT 1   [ RunTime:0.0010s ]
SQL: SELECT * FROM `ykj_article` WHERE `cateid` = 5 LIMIT 0,8   [ RunTime:0.0010s ]
INFO: [ view_parse ] --START--
INFO: [ template_filter ] --START--
INFO: Run Behavior\ContentReplaceBehavior [ RunTime:0.000000s ]
INFO: [ template_filter ] --END-- [ RunTime:0.000000s ]
INFO: Run Behavior\ParseTemplateBehavior [ RunTime:0.018001s ]
INFO: [ view_parse ] --END-- [ RunTime:0.018001s ]
INFO: [ view_filter ] --START--
INFO: Run Behavior\WriteHtmlCacheBehavior [ RunTime:0.001000s ]
INFO: [ view_filter ] --END-- [ RunTime:0.001000s ]
INFO: [ app_end ] --START--
INFO: Run Behavior\ShowPageTraceBehavior [ RunTime:0.001000s ]
INFO: [ app_end ] --END-- [ RunTime:0.001000s ]

[ 2017-03-27T18:14:52+08:00 ] ::1 /ykj/index.php/Home/Cate/index/id/8
INFO: [ app_init ] --START--
INFO: Run Behavior\BuildLiteBehavior [ RunTime:0.000000s ]
INFO: [ app_init ] --END-- [ RunTime:0.001000s ]
INFO: [ app_begin ] --START--
INFO: Run Behavior\ReadHtmlCacheBehavior [ RunTime:0.001000s ]
INFO: [ app_begin ] --END-- [ RunTime:0.001000s ]
SQL: SHOW COLUMNS FROM `ykj_cate` [ RunTime:0.0170s ]
SQL: SELECT * FROM `ykj_cate` ORDER BY sort  [ RunTime:0.0000s ]
SQL: SHOW COLUMNS FROM `ykj_article` [ RunTime:0.0010s ]
SQL: SELECT * FROM `ykj_article` ORDER BY time desc LIMIT 8   [ RunTime:0.0020s ]
SQL: SHOW COLUMNS FROM `ykj_link` [ RunTime:0.0010s ]
SQL: SELECT * FROM `ykj_link`  [ RunTime:0.0010s ]
SQL: SELECT COUNT(*) AS tp_count FROM `ykj_article` WHERE `cateid` = 8 LIMIT 1   [ RunTime:0.0000s ]
SQL: SELECT * FROM `ykj_article` WHERE `cateid` = 8 LIMIT 0,8   [ RunTime:0.0000s ]
INFO: [ view_parse ] --START--
INFO: [ template_filter ] --START--
INFO: Run Behavior\ContentReplaceBehavior [ RunTime:0.000000s ]
INFO: [ template_filter ] --END-- [ RunTime:0.000000s ]
INFO: Run Behavior\ParseTemplateBehavior [ RunTime:0.017001s ]
INFO: [ view_parse ] --END-- [ RunTime:0.017001s ]
INFO: [ view_filter ] --START--
INFO: Run Behavior\WriteHtmlCacheBehavior [ RunTime:0.001000s ]
INFO: [ view_filter ] --END-- [ RunTime:0.001000s ]
INFO: [ app_end ] --START--
INFO: Run Behavior\ShowPageTraceBehavior [ RunTime:0.001000s ]
INFO: [ app_end ] --END-- [ RunTime:0.001000s ]

[ 2017-03-27T18:14:52+08:00 ] ::1 /ykj/index.php/Home/Cate/index/id/1
INFO: [ app_init ] --START--
INFO: Run Behavior\BuildLiteBehavior [ RunTime:0.000000s ]
INFO: [ app_init ] --END-- [ RunTime:0.002001s ]
INFO: [ app_begin ] --START--
INFO: Run Behavior\ReadHtmlCacheBehavior [ RunTime:0.001000s ]
INFO: [ app_begin ] --END-- [ RunTime:0.001000s ]
SQL: SHOW COLUMNS FROM `ykj_cate` [ RunTime:0.0010s ]
SQL: SELECT * FROM `ykj_cate` ORDER BY sort  [ RunTime:0.0010s ]
SQL: SHOW COLUMNS FROM `ykj_article` [ RunTime:0.0010s ]
SQL: SELECT * FROM `ykj_article` ORDER BY time desc LIMIT 8   [ RunTime:0.0020s ]
SQL: SHOW COLUMNS FROM `ykj_link` [ RunTime:0.0000s ]
SQL: SELECT * FROM `ykj_link`  [ RunTime:0.0000s ]
SQL: SELECT COUNT(*) AS tp_count FROM `ykj_article` WHERE `cateid` = 1 LIMIT 1   [ RunTime:0.0010s ]
SQL: SELECT * FROM `ykj_article` WHERE `cateid` = 1 LIMIT 0,8   [ RunTime:0.0010s ]
INFO: [ view_parse ] --START--
INFO: [ template_filter ] --START--
INFO: Run Behavior\ContentReplaceBehavior [ RunTime:0.000000s ]
INFO: [ template_filter ] --END-- [ RunTime:0.000000s ]
INFO: Run Behavior\ParseTemplateBehavior [ RunTime:0.018001s ]
INFO: [ view_parse ] --END-- [ RunTime:0.019001s ]
INFO: [ view_filter ] --START--
INFO: Run Behavior\WriteHtmlCacheBehavior [ RunTime:0.000000s ]
INFO: [ view_filter ] --END-- [ RunTime:0.000000s ]
INFO: [ app_end ] --START--
INFO: Run Behavior\ShowPageTraceBehavior [ RunTime:0.001000s ]
INFO: [ app_end ] --END-- [ RunTime:0.001000s ]

[ 2017-03-27T18:15:11+08:00 ] ::1 /ykj/index.php/Home/Cate/index/id/6
INFO: [ app_init ] --START--
INFO: Run Behavior\BuildLiteBehavior [ RunTime:0.000000s ]
INFO: [ app_init ] --END-- [ RunTime:0.001000s ]
INFO: [ app_begin ] --START--
INFO: Run Behavior\ReadHtmlCacheBehavior [ RunTime:0.001000s ]
INFO: [ app_begin ] --END-- [ RunTime:0.001000s ]
SQL: SHOW COLUMNS FROM `ykj_cate` [ RunTime:0.0020s ]
SQL: SELECT * FROM `ykj_cate` ORDER BY sort  [ RunTime:0.0010s ]
SQL: SHOW COLUMNS FROM `ykj_article` [ RunTime:0.0010s ]
SQL: SELECT * FROM `ykj_article` ORDER BY time desc LIMIT 8   [ RunTime:0.0020s ]
SQL: SHOW COLUMNS FROM `ykj_link` [ RunTime:0.0010s ]
SQL: SELECT * FROM `ykj_link`  [ RunTime:0.0010s ]
SQL: SELECT COUNT(*) AS tp_count FROM `ykj_article` WHERE `cateid` = 6 LIMIT 1   [ RunTime:0.0000s ]
SQL: SELECT * FROM `ykj_article` WHERE `cateid` = 6 LIMIT 0,8   [ RunTime:0.0000s ]
INFO: [ view_parse ] --START--
INFO: [ template_filter ] --START--
INFO: Run Behavior\ContentReplaceBehavior [ RunTime:0.000000s ]
INFO: [ template_filter ] --END-- [ RunTime:0.000000s ]
INFO: Run Behavior\ParseTemplateBehavior [ RunTime:0.017001s ]
INFO: [ view_parse ] --END-- [ RunTime:0.017001s ]
INFO: [ view_filter ] --START--
INFO: Run Behavior\WriteHtmlCacheBehavior [ RunTime:0.000000s ]
INFO: [ view_filter ] --END-- [ RunTime:0.000000s ]
INFO: [ app_end ] --START--
INFO: Run Behavior\ShowPageTraceBehavior [ RunTime:0.000000s ]
INFO: [ app_end ] --END-- [ RunTime:0.001000s ]

[ 2017-03-27T18:15:12+08:00 ] ::1 /ykj/index.php/Home/Cate/index/id/1
INFO: [ app_init ] --START--
INFO: Run Behavior\BuildLiteBehavior [ RunTime:0.000000s ]
INFO: [ app_init ] --END-- [ RunTime:0.001000s ]
INFO: [ app_begin ] --START--
INFO: Run Behavior\ReadHtmlCacheBehavior [ RunTime:0.001000s ]
INFO: [ app_begin ] --END-- [ RunTime:0.001000s ]
SQL: SHOW COLUMNS FROM `ykj_cate` [ RunTime:0.0050s ]
SQL: SELECT * FROM `ykj_cate` ORDER BY sort  [ RunTime:0.0010s ]
SQL: SHOW COLUMNS FROM `ykj_article` [ RunTime:0.0010s ]
SQL: SELECT * FROM `ykj_article` ORDER BY time desc LIMIT 8   [ RunTime:0.0020s ]
SQL: SHOW COLUMNS FROM `ykj_link` [ RunTime:0.0010s ]
SQL: SELECT * FROM `ykj_link`  [ RunTime:0.0000s ]
SQL: SELECT COUNT(*) AS tp_count FROM `ykj_article` WHERE `cateid` = 1 LIMIT 1   [ RunTime:0.0020s ]
SQL: SELECT * FROM `ykj_article` WHERE `cateid` = 1 LIMIT 0,8   [ RunTime:0.0010s ]
INFO: [ view_parse ] --START--
INFO: [ template_filter ] --START--
INFO: Run Behavior\ContentReplaceBehavior [ RunTime:0.000000s ]
INFO: [ template_filter ] --END-- [ RunTime:0.000000s ]
INFO: Run Behavior\ParseTemplateBehavior [ RunTime:0.017001s ]
INFO: [ view_parse ] --END-- [ RunTime:0.017001s ]
INFO: [ view_filter ] --START--
INFO: Run Behavior\WriteHtmlCacheBehavior [ RunTime:0.000000s ]
INFO: [ view_filter ] --END-- [ RunTime:0.000000s ]
INFO: [ app_end ] --START--
INFO: Run Behavior\ShowPageTraceBehavior [ RunTime:0.000000s ]
INFO: [ app_end ] --END-- [ RunTime:0.000000s ]

[ 2017-03-27T18:15:13+08:00 ] ::1 /ykj/index.php/Home/Cate/index/id/8
INFO: [ app_init ] --START--
INFO: Run Behavior\BuildLiteBehavior [ RunTime:0.000000s ]
INFO: [ app_init ] --END-- [ RunTime:0.001000s ]
INFO: [ app_begin ] --START--
INFO: Run Behavior\ReadHtmlCacheBehavior [ RunTime:0.000000s ]
INFO: [ app_begin ] --END-- [ RunTime:0.001000s ]
SQL: SHOW COLUMNS FROM `ykj_cate` [ RunTime:0.0240s ]
SQL: SELECT * FROM `ykj_cate` ORDER BY sort  [ RunTime:0.0000s ]
SQL: SHOW COLUMNS FROM `ykj_article` [ RunTime:0.0010s ]
SQL: SELECT * FROM `ykj_article` ORDER BY time desc LIMIT 8   [ RunTime:0.0030s ]
SQL: SHOW COLUMNS FROM `ykj_link` [ RunTime:0.0010s ]
SQL: SELECT * FROM `ykj_link`  [ RunTime:0.0010s ]
SQL: SELECT COUNT(*) AS tp_count FROM `ykj_article` WHERE `cateid` = 8 LIMIT 1   [ RunTime:0.0010s ]
SQL: SELECT * FROM `ykj_article` WHERE `cateid` = 8 LIMIT 0,8   [ RunTime:0.0010s ]
INFO: [ view_parse ] --START--
INFO: [ template_filter ] --START--
INFO: Run Behavior\ContentReplaceBehavior [ RunTime:0.001001s ]
INFO: [ template_filter ] --END-- [ RunTime:0.001001s ]
INFO: Run Behavior\ParseTemplateBehavior [ RunTime:0.017001s ]
INFO: [ view_parse ] --END-- [ RunTime:0.017001s ]
INFO: [ view_filter ] --START--
INFO: Run Behavior\WriteHtmlCacheBehavior [ RunTime:0.001000s ]
INFO: [ view_filter ] --END-- [ RunTime:0.001000s ]
INFO: [ app_end ] --START--
INFO: Run Behavior\ShowPageTraceBehavior [ RunTime:0.001000s ]
INFO: [ app_end ] --END-- [ RunTime:0.001000s ]

[ 2017-03-27T18:15:14+08:00 ] ::1 /ykj/index.php/Home/Cate/index/id/7
INFO: [ app_init ] --START--
INFO: Run Behavior\BuildLiteBehavior [ RunTime:0.000000s ]
INFO: [ app_init ] --END-- [ RunTime:0.001000s ]
INFO: [ app_begin ] --START--
INFO: Run Behavior\ReadHtmlCacheBehavior [ RunTime:0.001000s ]
INFO: [ app_begin ] --END-- [ RunTime:0.001000s ]
SQL: SHOW COLUMNS FROM `ykj_cate` [ RunTime:0.0010s ]
SQL: SELECT * FROM `ykj_cate` ORDER BY sort  [ RunTime:0.0010s ]
SQL: SHOW COLUMNS FROM `ykj_article` [ RunTime:0.0010s ]
SQL: SELECT * FROM `ykj_article` ORDER BY time desc LIMIT 8   [ RunTime:0.0020s ]
SQL: SHOW COLUMNS FROM `ykj_link` [ RunTime:0.0010s ]
SQL: SELECT * FROM `ykj_link`  [ RunTime:0.0010s ]
SQL: SELECT COUNT(*) AS tp_count FROM `ykj_article` WHERE `cateid` = 7 LIMIT 1   [ RunTime:0.0000s ]
SQL: SELECT * FROM `ykj_article` WHERE `cateid` = 7 LIMIT 0,8   [ RunTime:0.0010s ]
INFO: [ view_parse ] --START--
INFO: [ template_filter ] --START--
INFO: Run Behavior\ContentReplaceBehavior [ RunTime:0.000000s ]
INFO: [ template_filter ] --END-- [ RunTime:0.000000s ]
INFO: Run Behavior\ParseTemplateBehavior [ RunTime:0.017001s ]
INFO: [ view_parse ] --END-- [ RunTime:0.017001s ]
INFO: [ view_filter ] --START--
INFO: Run Behavior\WriteHtmlCacheBehavior [ RunTime:0.001000s ]
INFO: [ view_filter ] --END-- [ RunTime:0.001000s ]
INFO: [ app_end ] --START--
INFO: Run Behavior\ShowPageTraceBehavior [ RunTime:0.001000s ]
INFO: [ app_end ] --END-- [ RunTime:0.001000s ]

[ 2017-03-27T18:15:15+08:00 ] ::1 /ykj/index.php/Home/Cate/index/id/6
INFO: [ app_init ] --START--
INFO: Run Behavior\BuildLiteBehavior [ RunTime:0.000000s ]
INFO: [ app_init ] --END-- [ RunTime:0.001000s ]
INFO: [ app_begin ] --START--
INFO: Run Behavior\ReadHtmlCacheBehavior [ RunTime:0.001000s ]
INFO: [ app_begin ] --END-- [ RunTime:0.001000s ]
SQL: SHOW COLUMNS FROM `ykj_cate` [ RunTime:0.0580s ]
SQL: SELECT * FROM `ykj_cate` ORDER BY sort  [ RunTime:0.0000s ]
SQL: SHOW COLUMNS FROM `ykj_article` [ RunTime:0.0010s ]
SQL: SELECT * FROM `ykj_article` ORDER BY time desc LIMIT 8   [ RunTime:0.0040s ]
SQL: SHOW COLUMNS FROM `ykj_link` [ RunTime:0.0020s ]
SQL: SELECT * FROM `ykj_link`  [ RunTime:0.0020s ]
SQL: SELECT COUNT(*) AS tp_count FROM `ykj_article` WHERE `cateid` = 6 LIMIT 1   [ RunTime:0.0020s ]
SQL: SELECT * FROM `ykj_article` WHERE `cateid` = 6 LIMIT 0,8   [ RunTime:0.0010s ]
INFO: [ view_parse ] --START--
INFO: [ template_filter ] --START--
INFO: Run Behavior\ContentReplaceBehavior [ RunTime:0.000000s ]
INFO: [ template_filter ] --END-- [ RunTime:0.000000s ]
INFO: Run Behavior\ParseTemplateBehavior [ RunTime:0.018001s ]
INFO: [ view_parse ] --END-- [ RunTime:0.019001s ]
INFO: [ view_filter ] --START--
INFO: Run Behavior\WriteHtmlCacheBehavior [ RunTime:0.000000s ]
INFO: [ view_filter ] --END-- [ RunTime:0.000000s ]
INFO: [ app_end ] --START--
INFO: Run Behavior\ShowPageTraceBehavior [ RunTime:0.001000s ]
INFO: [ app_end ] --END-- [ RunTime:0.002000s ]

[ 2017-03-27T18:15:16+08:00 ] ::1 /ykj/index.php/Home/Cate/index/id/8
INFO: [ app_init ] --START--
INFO: Run Behavior\BuildLiteBehavior [ RunTime:0.000000s ]
INFO: [ app_init ] --END-- [ RunTime:0.001000s ]
INFO: [ app_begin ] --START--
INFO: Run Behavior\ReadHtmlCacheBehavior [ RunTime:0.001000s ]
INFO: [ app_begin ] --END-- [ RunTime:0.001000s ]
SQL: SHOW COLUMNS FROM `ykj_cate` [ RunTime:0.0010s ]
SQL: SELECT * FROM `ykj_cate` ORDER BY sort  [ RunTime:0.0010s ]
SQL: SHOW COLUMNS FROM `ykj_article` [ RunTime:0.0010s ]
SQL: SELECT * FROM `ykj_article` ORDER BY time desc LIMIT 8   [ RunTime:0.0020s ]
SQL: SHOW COLUMNS FROM `ykj_link` [ RunTime:0.0010s ]
SQL: SELECT * FROM `ykj_link`  [ RunTime:0.0010s ]
SQL: SELECT COUNT(*) AS tp_count FROM `ykj_article` WHERE `cateid` = 8 LIMIT 1   [ RunTime:0.0000s ]
SQL: SELECT * FROM `ykj_article` WHERE `cateid` = 8 LIMIT 0,8   [ RunTime:0.0000s ]
INFO: [ view_parse ] --START--
INFO: [ template_filter ] --START--
INFO: Run Behavior\ContentReplaceBehavior [ RunTime:0.001000s ]
INFO: [ template_filter ] --END-- [ RunTime:0.001000s ]
INFO: Run Behavior\ParseTemplateBehavior [ RunTime:0.017001s ]
INFO: [ view_parse ] --END-- [ RunTime:0.017001s ]
INFO: [ view_filter ] --START--
INFO: Run Behavior\WriteHtmlCacheBehavior [ RunTime:0.000000s ]
INFO: [ view_filter ] --END-- [ RunTime:0.000000s ]
INFO: [ app_end ] --START--
INFO: Run Behavior\ShowPageTraceBehavior [ RunTime:0.001000s ]
INFO: [ app_end ] --END-- [ RunTime:0.001000s ]

[ 2017-03-27T23:32:57+08:00 ] ::1 /ykj/
INFO: [ app_init ] --START--
INFO: Run Behavior\BuildLiteBehavior [ RunTime:0.000000s ]
INFO: [ app_init ] --END-- [ RunTime:0.001000s ]
INFO: [ app_begin ] --START--
INFO: Run Behavior\ReadHtmlCacheBehavior [ RunTime:0.001000s ]
INFO: [ app_begin ] --END-- [ RunTime:0.001000s ]
SQL: SHOW COLUMNS FROM `ykj_cate` [ RunTime:0.2050s ]
SQL: SELECT * FROM `ykj_cate` ORDER BY sort  [ RunTime:0.0010s ]
SQL: SHOW COLUMNS FROM `ykj_article` [ RunTime:0.0400s ]
SQL: SELECT * FROM `ykj_article` ORDER BY time desc LIMIT 8   [ RunTime:0.0100s ]
SQL: SHOW COLUMNS FROM `ykj_link` [ RunTime:0.0810s ]
SQL: SELECT * FROM `ykj_link`  [ RunTime:0.0010s ]
SQL: SELECT COUNT(*) AS tp_count FROM `ykj_article` LIMIT 1   [ RunTime:0.0010s ]
SQL: SELECT * FROM `ykj_article` LIMIT 0,4   [ RunTime:0.0020s ]
INFO: [ view_parse ] --START--
INFO: [ template_filter ] --START--
INFO: Run Behavior\ContentReplaceBehavior [ RunTime:0.000000s ]
INFO: [ template_filter ] --END-- [ RunTime:0.000000s ]
NOTIC: [8] Undefined variable: cateid F:\AppServ\www\ykj\Application\Runtime\Cache\Home\2a94b8bda04ff446dcedd42276fc99ee.php 第 43 行.
NOTIC: [8] Undefined variable: cateid F:\AppServ\www\ykj\Application\Runtime\Cache\Home\2a94b8bda04ff446dcedd42276fc99ee.php 第 43 行.
NOTIC: [8] Undefined variable: cateid F:\AppServ\www\ykj\Application\Runtime\Cache\Home\2a94b8bda04ff446dcedd42276fc99ee.php 第 43 行.
NOTIC: [8] Undefined variable: cateid F:\AppServ\www\ykj\Application\Runtime\Cache\Home\2a94b8bda04ff446dcedd42276fc99ee.php 第 43 行.
NOTIC: [8] Undefined variable: cateid F:\AppServ\www\ykj\Application\Runtime\Cache\Home\2a94b8bda04ff446dcedd42276fc99ee.php 第 43 行.
INFO: Run Behavior\ParseTemplateBehavior [ RunTime:0.025002s ]
INFO: [ view_parse ] --END-- [ RunTime:0.025002s ]
INFO: [ view_filter ] --START--
INFO: Run Behavior\WriteHtmlCacheBehavior [ RunTime:0.001000s ]
INFO: [ view_filter ] --END-- [ RunTime:0.001000s ]
INFO: [ app_end ] --START--
INFO: Run Behavior\ShowPageTraceBehavior [ RunTime:0.001000s ]
INFO: [ app_end ] --END-- [ RunTime:0.001000s ]

[ 2017-03-27T23:33:01+08:00 ] ::1 /ykj/index.php/Home/Article/article/id/12
INFO: [ app_init ] --START--
INFO: Run Behavior\BuildLiteBehavior [ RunTime:0.000000s ]
INFO: [ app_init ] --END-- [ RunTime:0.001000s ]
INFO: [ app_begin ] --START--
INFO: Run Behavior\ReadHtmlCacheBehavior [ RunTime:0.000000s ]
INFO: [ app_begin ] --END-- [ RunTime:0.000000s ]
SQL: SHOW COLUMNS FROM `ykj_cate` [ RunTime:0.0010s ]
SQL: SELECT * FROM `ykj_cate` ORDER BY sort  [ RunTime:0.0000s ]
SQL: SHOW COLUMNS FROM `ykj_article` [ RunTime:0.0010s ]
SQL: SELECT * FROM `ykj_article` ORDER BY time desc LIMIT 8   [ RunTime:0.0020s ]
SQL: SHOW COLUMNS FROM `ykj_link` [ RunTime:0.0650s ]
SQL: SELECT * FROM `ykj_link`  [ RunTime:0.0010s ]
SQL: SELECT * FROM `ykj_article` WHERE `id` = 12 LIMIT 1   [ RunTime:0.0010s ]
SQL: SELECT * FROM `ykj_cate` WHERE `id` = 1 LIMIT 1   [ RunTime:0.0000s ]
SQL: SELECT * FROM `ykj_article` WHERE `cateid` = '1' AND `id` < '12' ORDER BY id desc LIMIT 1   [ RunTime:0.0790s ]
SQL: SELECT * FROM `ykj_article` WHERE `id` > '12' AND `cateid` = '1' ORDER BY id asc LIMIT 1   [ RunTime:0.0020s ]
INFO: [ view_parse ] --START--
INFO: [ template_filter ] --START--
INFO: Run Behavior\ContentReplaceBehavior [ RunTime:0.000000s ]
INFO: [ template_filter ] --END-- [ RunTime:0.000000s ]
NOTIC: [8] Undefined variable: cateid F:\AppServ\www\ykj\Application\Runtime\Cache\Home\37d23b8de8b1006eeb4dee5f594561fd.php 第 48 行.
NOTIC: [8] Undefined variable: cateid F:\AppServ\www\ykj\Application\Runtime\Cache\Home\37d23b8de8b1006eeb4dee5f594561fd.php 第 48 行.
NOTIC: [8] Undefined variable: cateid F:\AppServ\www\ykj\Application\Runtime\Cache\Home\37d23b8de8b1006eeb4dee5f594561fd.php 第 48 行.
NOTIC: [8] Undefined variable: cateid F:\AppServ\www\ykj\Application\Runtime\Cache\Home\37d23b8de8b1006eeb4dee5f594561fd.php 第 48 行.
NOTIC: [8] Undefined variable: cateid F:\AppServ\www\ykj\Application\Runtime\Cache\Home\37d23b8de8b1006eeb4dee5f594561fd.php 第 48 行.
INFO: Run Behavior\ParseTemplateBehavior [ RunTime:0.076004s ]
INFO: [ view_parse ] --END-- [ RunTime:0.076004s ]
INFO: [ view_filter ] --START--
INFO: Run Behavior\WriteHtmlCacheBehavior [ RunTime:0.001001s ]
INFO: [ view_filter ] --END-- [ RunTime:0.001001s ]
INFO: [ app_end ] --START--
INFO: Run Behavior\ShowPageTraceBehavior [ RunTime:0.001000s ]
INFO: [ app_end ] --END-- [ RunTime:0.001000s ]

[ 2017-03-27T23:33:04+08:00 ] ::1 /ykj/index.php/Home/Cate/index/id/1
INFO: [ app_init ] --START--
INFO: Run Behavior\BuildLiteBehavior [ RunTime:0.000000s ]
INFO: [ app_init ] --END-- [ RunTime:0.001000s ]
INFO: [ app_begin ] --START--
INFO: Run Behavior\ReadHtmlCacheBehavior [ RunTime:0.001000s ]
INFO: [ app_begin ] --END-- [ RunTime:0.001000s ]
SQL: SHOW COLUMNS FROM `ykj_cate` [ RunTime:0.0010s ]
SQL: SELECT * FROM `ykj_cate` ORDER BY sort  [ RunTime:0.0010s ]
SQL: SHOW COLUMNS FROM `ykj_article` [ RunTime:0.0020s ]
SQL: SELECT * FROM `ykj_article` ORDER BY time desc LIMIT 8   [ RunTime:0.0020s ]
SQL: SHOW COLUMNS FROM `ykj_link` [ RunTime:0.0020s ]
SQL: SELECT * FROM `ykj_link`  [ RunTime:0.0000s ]
SQL: SELECT COUNT(*) AS tp_count FROM `ykj_article` WHERE `cateid` = 1 LIMIT 1   [ RunTime:0.0000s ]
SQL: SELECT * FROM `ykj_article` WHERE `cateid` = 1 LIMIT 0,8   [ RunTime:0.0020s ]
INFO: [ view_parse ] --START--
INFO: [ template_filter ] --START--
INFO: Run Behavior\ContentReplaceBehavior [ RunTime:0.000000s ]
INFO: [ template_filter ] --END-- [ RunTime:0.000000s ]
INFO: Run Behavior\ParseTemplateBehavior [ RunTime:0.080004s ]
INFO: [ view_parse ] --END-- [ RunTime:0.080004s ]
INFO: [ view_filter ] --START--
INFO: Run Behavior\WriteHtmlCacheBehavior [ RunTime:0.000000s ]
INFO: [ view_filter ] --END-- [ RunTime:0.000000s ]
INFO: [ app_end ] --START--
INFO: Run Behavior\ShowPageTraceBehavior [ RunTime:0.004001s ]
INFO: [ app_end ] --END-- [ RunTime:0.004001s ]

[ 2017-03-27T23:33:06+08:00 ] ::1 /ykj/index.php/Home/Cate/index/id/8
INFO: [ app_init ] --START--
INFO: Run Behavior\BuildLiteBehavior [ RunTime:0.000000s ]
INFO: [ app_init ] --END-- [ RunTime:0.001000s ]
INFO: [ app_begin ] --START--
INFO: Run Behavior\ReadHtmlCacheBehavior [ RunTime:0.001000s ]
INFO: [ app_begin ] --END-- [ RunTime:0.001000s ]
SQL: SHOW COLUMNS FROM `ykj_cate` [ RunTime:0.0160s ]
SQL: SELECT * FROM `ykj_cate` ORDER BY sort  [ RunTime:0.0010s ]
SQL: SHOW COLUMNS FROM `ykj_article` [ RunTime:0.0010s ]
SQL: SELECT * FROM `ykj_article` ORDER BY time desc LIMIT 8   [ RunTime:0.0010s ]
SQL: SHOW COLUMNS FROM `ykj_link` [ RunTime:0.0010s ]
SQL: SELECT * FROM `ykj_link`  [ RunTime:0.0010s ]
SQL: SELECT COUNT(*) AS tp_count FROM `ykj_article` WHERE `cateid` = 8 LIMIT 1   [ RunTime:0.0000s ]
SQL: SELECT * FROM `ykj_article` WHERE `cateid` = 8 LIMIT 0,8   [ RunTime:0.0010s ]
INFO: [ view_parse ] --START--
INFO: [ template_filter ] --START--
INFO: Run Behavior\ContentReplaceBehavior [ RunTime:0.000000s ]
INFO: [ template_filter ] --END-- [ RunTime:0.000000s ]
INFO: Run Behavior\ParseTemplateBehavior [ RunTime:0.018001s ]
INFO: [ view_parse ] --END-- [ RunTime:0.018001s ]
INFO: [ view_filter ] --START--
INFO: Run Behavior\WriteHtmlCacheBehavior [ RunTime:0.001000s ]
INFO: [ view_filter ] --END-- [ RunTime:0.001000s ]
INFO: [ app_end ] --START--
INFO: Run Behavior\ShowPageTraceBehavior [ RunTime:0.002000s ]
INFO: [ app_end ] --END-- [ RunTime:0.002000s ]

[ 2017-03-27T23:33:06+08:00 ] ::1 /ykj/index.php/Home/Cate/index/id/5
INFO: [ app_init ] --START--
INFO: Run Behavior\BuildLiteBehavior [ RunTime:0.000000s ]
INFO: [ app_init ] --END-- [ RunTime:0.000000s ]
INFO: [ app_begin ] --START--
INFO: Run Behavior\ReadHtmlCacheBehavior [ RunTime:0.001000s ]
INFO: [ app_begin ] --END-- [ RunTime:0.001000s ]
SQL: SHOW COLUMNS FROM `ykj_cate` [ RunTime:0.0010s ]
SQL: SELECT * FROM `ykj_cate` ORDER BY sort  [ RunTime:0.0000s ]
SQL: SHOW COLUMNS FROM `ykj_article` [ RunTime:0.0010s ]
SQL: SELECT * FROM `ykj_article` ORDER BY time desc LIMIT 8   [ RunTime:0.0020s ]
SQL: SHOW COLUMNS FROM `ykj_link` [ RunTime:0.0010s ]
SQL: SELECT * FROM `ykj_link`  [ RunTime:0.0000s ]
SQL: SELECT COUNT(*) AS tp_count FROM `ykj_article` WHERE `cateid` = 5 LIMIT 1   [ RunTime:0.0010s ]
SQL: SELECT * FROM `ykj_article` WHERE `cateid` = 5 LIMIT 0,8   [ RunTime:0.0000s ]
INFO: [ view_parse ] --START--
INFO: [ template_filter ] --START--
INFO: Run Behavior\ContentReplaceBehavior [ RunTime:0.000000s ]
INFO: [ template_filter ] --END-- [ RunTime:0.000000s ]
INFO: Run Behavior\ParseTemplateBehavior [ RunTime:0.017001s ]
INFO: [ view_parse ] --END-- [ RunTime:0.017001s ]
INFO: [ view_filter ] --START--
INFO: Run Behavior\WriteHtmlCacheBehavior [ RunTime:0.000000s ]
INFO: [ view_filter ] --END-- [ RunTime:0.001000s ]
INFO: [ app_end ] --START--
INFO: Run Behavior\ShowPageTraceBehavior [ RunTime:0.001000s ]
INFO: [ app_end ] --END-- [ RunTime:0.001000s ]

[ 2017-03-27T23:33:07+08:00 ] ::1 /ykj/index.php/Home/Cate/index/id/6
INFO: [ app_init ] --START--
INFO: Run Behavior\BuildLiteBehavior [ RunTime:0.000000s ]
INFO: [ app_init ] --END-- [ RunTime:0.000000s ]
INFO: [ app_begin ] --START--
INFO: Run Behavior\ReadHtmlCacheBehavior [ RunTime:0.002001s ]
INFO: [ app_begin ] --END-- [ RunTime:0.002001s ]
SQL: SHOW COLUMNS FROM `ykj_cate` [ RunTime:0.0010s ]
SQL: SELECT * FROM `ykj_cate` ORDER BY sort  [ RunTime:0.0000s ]
SQL: SHOW COLUMNS FROM `ykj_article` [ RunTime:0.0010s ]
SQL: SELECT * FROM `ykj_article` ORDER BY time desc LIMIT 8   [ RunTime:0.0020s ]
SQL: SHOW COLUMNS FROM `ykj_link` [ RunTime:0.0010s ]
SQL: SELECT * FROM `ykj_link`  [ RunTime:0.0000s ]
SQL: SELECT COUNT(*) AS tp_count FROM `ykj_article` WHERE `cateid` = 6 LIMIT 1   [ RunTime:0.0000s ]
SQL: SELECT * FROM `ykj_article` WHERE `cateid` = 6 LIMIT 0,8   [ RunTime:0.0010s ]
INFO: [ view_parse ] --START--
INFO: [ template_filter ] --START--
INFO: Run Behavior\ContentReplaceBehavior [ RunTime:0.000000s ]
INFO: [ template_filter ] --END-- [ RunTime:0.000000s ]
INFO: Run Behavior\ParseTemplateBehavior [ RunTime:0.020001s ]
INFO: [ view_parse ] --END-- [ RunTime:0.020001s ]
INFO: [ view_filter ] --START--
INFO: Run Behavior\WriteHtmlCacheBehavior [ RunTime:0.001000s ]
INFO: [ view_filter ] --END-- [ RunTime:0.001000s ]
INFO: [ app_end ] --START--
INFO: Run Behavior\ShowPageTraceBehavior [ RunTime:0.001000s ]
INFO: [ app_end ] --END-- [ RunTime:0.001000s ]

[ 2017-03-27T23:33:07+08:00 ] ::1 /ykj/index.php/Home/Cate/index/id/7
INFO: [ app_init ] --START--
INFO: Run Behavior\BuildLiteBehavior [ RunTime:0.001000s ]
INFO: [ app_init ] --END-- [ RunTime:0.001000s ]
INFO: [ app_begin ] --START--
INFO: Run Behavior\ReadHtmlCacheBehavior [ RunTime:0.001000s ]
INFO: [ app_begin ] --END-- [ RunTime:0.001000s ]
SQL: SHOW COLUMNS FROM `ykj_cate` [ RunTime:0.0020s ]
SQL: SELECT * FROM `ykj_cate` ORDER BY sort  [ RunTime:0.0000s ]
SQL: SHOW COLUMNS FROM `ykj_article` [ RunTime:0.0010s ]
SQL: SELECT * FROM `ykj_article` ORDER BY time desc LIMIT 8   [ RunTime:0.0010s ]
SQL: SHOW COLUMNS FROM `ykj_link` [ RunTime:0.0010s ]
SQL: SELECT * FROM `ykj_link`  [ RunTime:0.0010s ]
SQL: SELECT COUNT(*) AS tp_count FROM `ykj_article` WHERE `cateid` = 7 LIMIT 1   [ RunTime:0.0010s ]
SQL: SELECT * FROM `ykj_article` WHERE `cateid` = 7 LIMIT 0,8   [ RunTime:0.0000s ]
INFO: [ view_parse ] --START--
INFO: [ template_filter ] --START--
INFO: Run Behavior\ContentReplaceBehavior [ RunTime:0.000000s ]
INFO: [ template_filter ] --END-- [ RunTime:0.000000s ]
INFO: Run Behavior\ParseTemplateBehavior [ RunTime:0.019001s ]
INFO: [ view_parse ] --END-- [ RunTime:0.019001s ]
INFO: [ view_filter ] --START--
INFO: Run Behavior\WriteHtmlCacheBehavior [ RunTime:0.000000s ]
INFO: [ view_filter ] --END-- [ RunTime:0.000000s ]
INFO: [ app_end ] --START--
INFO: Run Behavior\ShowPageTraceBehavior [ RunTime:0.001000s ]
INFO: [ app_end ] --END-- [ RunTime:0.001000s ]

[ 2017-03-27T23:33:09+08:00 ] ::1 /ykj/index.php/Home/Article/article/id/17
INFO: [ app_init ] --START--
INFO: Run Behavior\BuildLiteBehavior [ RunTime:0.000000s ]
INFO: [ app_init ] --END-- [ RunTime:0.000000s ]
INFO: [ app_begin ] --START--
INFO: Run Behavior\ReadHtmlCacheBehavior [ RunTime:0.000000s ]
INFO: [ app_begin ] --END-- [ RunTime:0.001000s ]
SQL: SHOW COLUMNS FROM `ykj_cate` [ RunTime:0.0010s ]
SQL: SELECT * FROM `ykj_cate` ORDER BY sort  [ RunTime:0.0010s ]
SQL: SHOW COLUMNS FROM `ykj_article` [ RunTime:0.0010s ]
SQL: SELECT * FROM `ykj_article` ORDER BY time desc LIMIT 8   [ RunTime:0.0020s ]
SQL: SHOW COLUMNS FROM `ykj_link` [ RunTime:0.0010s ]
SQL: SELECT * FROM `ykj_link`  [ RunTime:0.0000s ]
SQL: SELECT * FROM `ykj_article` WHERE `id` = 17 LIMIT 1   [ RunTime:0.0000s ]
SQL: SELECT * FROM `ykj_cate` WHERE `id` = 1 LIMIT 1   [ RunTime:0.0010s ]
SQL: SELECT * FROM `ykj_article` WHERE `cateid` = '1' AND `id` < '17' ORDER BY id desc LIMIT 1   [ RunTime:0.0000s ]
SQL: SELECT * FROM `ykj_article` WHERE `id` > '17' AND `cateid` = '1' ORDER BY id asc LIMIT 1   [ RunTime:0.0000s ]
INFO: [ view_parse ] --START--
INFO: [ template_filter ] --START--
INFO: Run Behavior\ContentReplaceBehavior [ RunTime:0.000000s ]
INFO: [ template_filter ] --END-- [ RunTime:0.000000s ]
NOTIC: [8] Undefined variable: cateid F:\AppServ\www\ykj\Application\Runtime\Cache\Home\37d23b8de8b1006eeb4dee5f594561fd.php 第 48 行.
NOTIC: [8] Undefined variable: cateid F:\AppServ\www\ykj\Application\Runtime\Cache\Home\37d23b8de8b1006eeb4dee5f594561fd.php 第 48 行.
NOTIC: [8] Undefined variable: cateid F:\AppServ\www\ykj\Application\Runtime\Cache\Home\37d23b8de8b1006eeb4dee5f594561fd.php 第 48 行.
NOTIC: [8] Undefined variable: cateid F:\AppServ\www\ykj\Application\Runtime\Cache\Home\37d23b8de8b1006eeb4dee5f594561fd.php 第 48 行.
NOTIC: [8] Undefined variable: cateid F:\AppServ\www\ykj\Application\Runtime\Cache\Home\37d23b8de8b1006eeb4dee5f594561fd.php 第 48 行.
INFO: Run Behavior\ParseTemplateBehavior [ RunTime:0.018001s ]
INFO: [ view_parse ] --END-- [ RunTime:0.018001s ]
INFO: [ view_filter ] --START--
INFO: Run Behavior\WriteHtmlCacheBehavior [ RunTime:0.001000s ]
INFO: [ view_filter ] --END-- [ RunTime:0.001000s ]
INFO: [ app_end ] --START--
INFO: Run Behavior\ShowPageTraceBehavior [ RunTime:0.001000s ]
INFO: [ app_end ] --END-- [ RunTime:0.001000s ]

